Traceback (most recent call last):
  File "/scratch/zz3645/rot_MRBC_wider/wider_rot_mrbc.ipynb", line 1354, in <module>
Traceback (most recent call last):
  File "/scratch/zz3645/rot_MRBC_wider/wider_rot_mrbc.ipynb", line 1354, in <module>
Traceback (most recent call last):
  File "/scratch/zz3645/rot_MRBC_wider/wider_rot_mrbc.ipynb", line 1354, in <module>
Traceback (most recent call last):
  File "/scratch/zz3645/rot_MRBC_wider/wider_rot_mrbc.ipynb", line 1354, in <module>
Traceback (most recent call last):
  File "/scratch/zz3645/rot_MRBC_wider/wider_rot_mrbc.ipynb", line 1354, in <module>
Traceback (most recent call last):
  File "/scratch/zz3645/rot_MRBC_wider/wider_rot_mrbc.ipynb", line 1354, in <module>
Traceback (most recent call last):
  File "/scratch/zz3645/rot_MRBC_wider/wider_rot_mrbc.ipynb", line 1354, in <module>
Traceback (most recent call last):
  File "/scratch/zz3645/rot_MRBC_wider/wider_rot_mrbc.ipynb", line 1354, in <module>
Traceback (most recent call last):
  File "/scratch/zz3645/rot_MRBC_wider/wider_rot_mrbc.ipynb", line 1354, in <module>
Traceback (most recent call last):
  File "/scratch/zz3645/rot_MRBC_wider/wider_rot_mrbc.ipynb", line 1354, in <module>
Traceback (most recent call last):
  File "/scratch/zz3645/rot_MRBC_wider/wider_rot_mrbc.ipynb", line 1354, in <module>
    "execution_count": null,
NameError: name 'null' is not defined
    "execution_count": null,
NameError: name 'null' is not defined
    "execution_count": null,
NameError: name 'null' is not defined
Traceback (most recent call last):
  File "/scratch/zz3645/rot_MRBC_wider/wider_rot_mrbc.ipynb", line 1354, in <module>
Traceback (most recent call last):
  File "/scratch/zz3645/rot_MRBC_wider/wider_rot_mrbc.ipynb", line 1354, in <module>
Traceback (most recent call last):
  File "/scratch/zz3645/rot_MRBC_wider/wider_rot_mrbc.ipynb", line 1354, in <module>
Traceback (most recent call last):
  File "/scratch/zz3645/rot_MRBC_wider/wider_rot_mrbc.ipynb", line 1354, in <module>
Traceback (most recent call last):
  File "/scratch/zz3645/rot_MRBC_wider/wider_rot_mrbc.ipynb", line 1354, in <module>
Traceback (most recent call last):
  File "/scratch/zz3645/rot_MRBC_wider/wider_rot_mrbc.ipynb", line 1354, in <module>
Traceback (most recent call last):
  File "/scratch/zz3645/rot_MRBC_wider/wider_rot_mrbc.ipynb", line 1354, in <module>
Traceback (most recent call last):
  File "/scratch/zz3645/rot_MRBC_wider/wider_rot_mrbc.ipynb", line 1354, in <module>
Traceback (most recent call last):
  File "/scratch/zz3645/rot_MRBC_wider/wider_rot_mrbc.ipynb", line 1354, in <module>
    "execution_count": null,
NameError: name 'null' is not defined
    "execution_count": null,
NameError: name 'null' is not defined
    "execution_count": null,
NameError: name 'null' is not defined
    "execution_count": null,
NameError: name 'null' is not defined
    "execution_count": null,
NameError: name 'null' is not defined
    "execution_count": null,
NameError: name 'null' is not defined
    "execution_count": null,
NameError: name 'null' is not defined
    "execution_count": null,
NameError: name 'null' is not defined
    "execution_count": null,
NameError: name 'null' is not defined
    "execution_count": null,
NameError: name 'null' is not defined
    "execution_count": null,
NameError: name 'null' is not defined
    "execution_count": null,
NameError: name 'null' is not defined
    "execution_count": null,
NameError: name 'null' is not defined
    "execution_count": null,
NameError: name 'null' is not defined
    "execution_count": null,
NameError: name 'null' is not defined
    "execution_count": null,
NameError: name 'null' is not defined
    "execution_count": null,
NameError: name 'null' is not defined
Traceback (most recent call last):
  File "/scratch/zz3645/rot_MRBC_wider/wider_rot_mrbc.ipynb", line 1354, in <module>
Traceback (most recent call last):
  File "/scratch/zz3645/rot_MRBC_wider/wider_rot_mrbc.ipynb", line 1354, in <module>
Traceback (most recent call last):
  File "/scratch/zz3645/rot_MRBC_wider/wider_rot_mrbc.ipynb", line 1354, in <module>
Traceback (most recent call last):
  File "/scratch/zz3645/rot_MRBC_wider/wider_rot_mrbc.ipynb", line 1354, in <module>
Traceback (most recent call last):
  File "/scratch/zz3645/rot_MRBC_wider/wider_rot_mrbc.ipynb", line 1354, in <module>
Traceback (most recent call last):
  File "/scratch/zz3645/rot_MRBC_wider/wider_rot_mrbc.ipynb", line 1354, in <module>
Traceback (most recent call last):
  File "/scratch/zz3645/rot_MRBC_wider/wider_rot_mrbc.ipynb", line 1354, in <module>
Traceback (most recent call last):
  File "/scratch/zz3645/rot_MRBC_wider/wider_rot_mrbc.ipynb", line 1354, in <module>
Traceback (most recent call last):
  File "/scratch/zz3645/rot_MRBC_wider/wider_rot_mrbc.ipynb", line 1354, in <module>
Traceback (most recent call last):
  File "/scratch/zz3645/rot_MRBC_wider/wider_rot_mrbc.ipynb", line 1354, in <module>
    "execution_count": null,
NameError: name 'null' is not defined
    "execution_count": null,
NameError: name 'null' is not defined
    "execution_count": null,
NameError: name 'null' is not defined
    "execution_count": null,
NameError: name 'null' is not defined
    "execution_count": null,
NameError: name 'null' is not defined
    "execution_count": null,
NameError: name 'null' is not defined
    "execution_count": null,
NameError: name 'null' is not defined
    "execution_count": null,
NameError: name 'null' is not defined
    "execution_count": null,
NameError: name 'null' is not defined
    "execution_count": null,
NameError: name 'null' is not defined
Traceback (most recent call last):
  File "/scratch/zz3645/rot_MRBC_wider/wider_rot_mrbc.ipynb", line 1354, in <module>
Traceback (most recent call last):
  File "/scratch/zz3645/rot_MRBC_wider/wider_rot_mrbc.ipynb", line 1354, in <module>
Traceback (most recent call last):
  File "/scratch/zz3645/rot_MRBC_wider/wider_rot_mrbc.ipynb", line 1354, in <module>
Traceback (most recent call last):
  File "/scratch/zz3645/rot_MRBC_wider/wider_rot_mrbc.ipynb", line 1354, in <module>
Traceback (most recent call last):
  File "/scratch/zz3645/rot_MRBC_wider/wider_rot_mrbc.ipynb", line 1354, in <module>
Traceback (most recent call last):
  File "/scratch/zz3645/rot_MRBC_wider/wider_rot_mrbc.ipynb", line 1354, in <module>
Traceback (most recent call last):
  File "/scratch/zz3645/rot_MRBC_wider/wider_rot_mrbc.ipynb", line 1354, in <module>
Traceback (most recent call last):
  File "/scratch/zz3645/rot_MRBC_wider/wider_rot_mrbc.ipynb", line 1354, in <module>
Traceback (most recent call last):
  File "/scratch/zz3645/rot_MRBC_wider/wider_rot_mrbc.ipynb", line 1354, in <module>
Traceback (most recent call last):
  File "/scratch/zz3645/rot_MRBC_wider/wider_rot_mrbc.ipynb", line 1354, in <module>
    "execution_count": null,
NameError: name 'null' is not defined
    "execution_count": null,
NameError: name 'null' is not defined
    "execution_count": null,
NameError: name 'null' is not defined
    "execution_count": null,
NameError: name 'null' is not defined
    "execution_count": null,
NameError: name 'null' is not defined
    "execution_count": null,
NameError: name 'null' is not defined
    "execution_count": null,
NameError: name 'null' is not defined
    "execution_count": null,
NameError: name 'null' is not defined
    "execution_count": null,
NameError: name 'null' is not defined
    "execution_count": null,
NameError: name 'null' is not defined
Traceback (most recent call last):
  File "/scratch/zz3645/rot_MRBC_wider/wider_rot_mrbc.ipynb", line 1354, in <module>
Traceback (most recent call last):
  File "/scratch/zz3645/rot_MRBC_wider/wider_rot_mrbc.ipynb", line 1354, in <module>
Traceback (most recent call last):
  File "/scratch/zz3645/rot_MRBC_wider/wider_rot_mrbc.ipynb", line 1354, in <module>
Traceback (most recent call last):
  File "/scratch/zz3645/rot_MRBC_wider/wider_rot_mrbc.ipynb", line 1354, in <module>
Traceback (most recent call last):
  File "/scratch/zz3645/rot_MRBC_wider/wider_rot_mrbc.ipynb", line 1354, in <module>
Traceback (most recent call last):
  File "/scratch/zz3645/rot_MRBC_wider/wider_rot_mrbc.ipynb", line 1354, in <module>
Traceback (most recent call last):
  File "/scratch/zz3645/rot_MRBC_wider/wider_rot_mrbc.ipynb", line 1354, in <module>
Traceback (most recent call last):
  File "/scratch/zz3645/rot_MRBC_wider/wider_rot_mrbc.ipynb", line 1354, in <module>
Traceback (most recent call last):
  File "/scratch/zz3645/rot_MRBC_wider/wider_rot_mrbc.ipynb", line 1354, in <module>
Traceback (most recent call last):
  File "/scratch/zz3645/rot_MRBC_wider/wider_rot_mrbc.ipynb", line 1354, in <module>
Traceback (most recent call last):
  File "/scratch/zz3645/rot_MRBC_wider/wider_rot_mrbc.ipynb", line 1354, in <module>
Traceback (most recent call last):
  File "/scratch/zz3645/rot_MRBC_wider/wider_rot_mrbc.ipynb", line 1354, in <module>
Traceback (most recent call last):
  File "/scratch/zz3645/rot_MRBC_wider/wider_rot_mrbc.ipynb", line 1354, in <module>
    "execution_count": null,
NameError: name 'null' is not defined
    "execution_count": null,
NameError: name 'null' is not defined
    "execution_count": null,
NameError: name 'null' is not defined
    "execution_count": null,
NameError: name 'null' is not defined
    "execution_count": null,
NameError: name 'null' is not defined
    "execution_count": null,
NameError: name 'null' is not defined
    "execution_count": null,
NameError: name 'null' is not defined
    "execution_count": null,
NameError: name 'null' is not defined
    "execution_count": null,
NameError: name 'null' is not defined
    "execution_count": null,
NameError: name 'null' is not defined
Traceback (most recent call last):
  File "/scratch/zz3645/rot_MRBC_wider/wider_rot_mrbc.ipynb", line 1354, in <module>
    "execution_count": null,
NameError: name 'null' is not defined
    "execution_count": null,
NameError: name 'null' is not defined
    "execution_count": null,
NameError: name 'null' is not defined
Traceback (most recent call last):
  File "/scratch/zz3645/rot_MRBC_wider/wider_rot_mrbc.ipynb", line 1354, in <module>
    "execution_count": null,
NameError: name 'null' is not defined
Traceback (most recent call last):
  File "/scratch/zz3645/rot_MRBC_wider/wider_rot_mrbc.ipynb", line 1354, in <module>
    "execution_count": null,
NameError: name 'null' is not defined
    "execution_count": null,
NameError: name 'null' is not defined
Traceback (most recent call last):
  File "/scratch/zz3645/rot_MRBC_wider/wider_rot_mrbc.ipynb", line 1354, in <module>
    "execution_count": null,
NameError: name 'null' is not defined
Traceback (most recent call last):
  File "/scratch/zz3645/rot_MRBC_wider/wider_rot_mrbc.ipynb", line 1354, in <module>
    "execution_count": null,
NameError: name 'null' is not defined
Traceback (most recent call last):
  File "/scratch/zz3645/rot_MRBC_wider/wider_rot_mrbc.ipynb", line 1354, in <module>
    "execution_count": null,
NameError: name 'null' is not defined
Traceback (most recent call last):
  File "/scratch/zz3645/rot_MRBC_wider/wider_rot_mrbc.ipynb", line 1354, in <module>
    "execution_count": null,
NameError: name 'null' is not defined
srun: error: cs125: tasks 60-69: Exited with exit code 1
srun: launch/slurm: _step_signal: Terminating StepId=39271499.0
slurmstepd: error: *** STEP 39271499.0 ON cs119 CANCELLED AT 2023-10-26T14:20:47 ***
Traceback (most recent call last):
  File "/scratch/zz3645/rot_MRBC_wider/wider_rot_mrbc.ipynb", line 1354, in <module>
Traceback (most recent call last):
srun: error: cs441: tasks 70-79: Exited with exit code 1
Traceback (most recent call last):
  File "/scratch/zz3645/rot_MRBC_wider/wider_rot_mrbc.ipynb", line 1354, in <module>
Traceback (most recent call last):
  File "/scratch/zz3645/rot_MRBC_wider/wider_rot_mrbc.ipynb", line 1354, in <module>
Traceback (most recent call last):
  File "/scratch/zz3645/rot_MRBC_wider/wider_rot_mrbc.ipynb", line 1354, in <module>
Traceback (most recent call last):
  File "/scratch/zz3645/rot_MRBC_wider/wider_rot_mrbc.ipynb", line 1354, in <module>
Traceback (most recent call last):
  File "/scratch/zz3645/rot_MRBC_wider/wider_rot_mrbc.ipynb", line 1354, in <module>
Traceback (most recent call last):
  File "/scratch/zz3645/rot_MRBC_wider/wider_rot_mrbc.ipynb", line 1354, in <module>
Traceback (most recent call last):
  File "/scratch/zz3645/rot_MRBC_wider/wider_rot_mrbc.ipynb", line 1354, in <module>
    "execution_count": null,
NameError: name 'null' is not defined
    "execution_count": null,
NameError: name 'null' is not defined
    "execution_count": null,
NameError: name 'null' is not defined
    "execution_count": null,
NameError: name 'null' is not defined
    "execution_count": null,
NameError: name 'null' is not defined
Traceback (most recent call last):
  File "/scratch/zz3645/rot_MRBC_wider/wider_rot_mrbc.ipynb", line 1354, in <module>
    "execution_count": null,
NameError: name 'null' is not defined
    "execution_count": null,
NameError: name 'null' is not defined
    "execution_count": null,
NameError: name 'null' is not defined
Traceback (most recent call last):
  File "/scratch/zz3645/rot_MRBC_wider/wider_rot_mrbc.ipynb", line 1354, in <module>
    "execution_count": null,
NameError: name 'null' is not defined
Traceback (most recent call last):
  File "/scratch/zz3645/rot_MRBC_wider/wider_rot_mrbc.ipynb", line 1354, in <module>
Traceback (most recent call last):
  File "/scratch/zz3645/rot_MRBC_wider/wider_rot_mrbc.ipynb", line 1354, in <module>
Traceback (most recent call last):
  File "/scratch/zz3645/rot_MRBC_wider/wider_rot_mrbc.ipynb", line 1354, in <module>
Traceback (most recent call last):
  File "/scratch/zz3645/rot_MRBC_wider/wider_rot_mrbc.ipynb", line 1354, in <module>
Traceback (most recent call last):
  File "/scratch/zz3645/rot_MRBC_wider/wider_rot_mrbc.ipynb", line 1354, in <module>
Traceback (most recent call last):
  File "/scratch/zz3645/rot_MRBC_wider/wider_rot_mrbc.ipynb", line 1354, in <module>
    "execution_count": null,
    "execution_count": null,
NameError: name 'null' is not defined
NameError: name 'null' is not defined
    "execution_count": null,
NameError: name 'null' is not defined
Traceback (most recent call last):
  File "/scratch/zz3645/rot_MRBC_wider/wider_rot_mrbc.ipynb", line 1354, in <module>
    "execution_count": null,
NameError: name 'null' is not defined
    "execution_count": null,
NameError: name 'null' is not defined
    "execution_count": null,
NameError: name 'null' is not defined
Traceback (most recent call last):
  File "/scratch/zz3645/rot_MRBC_wider/wider_rot_mrbc.ipynb", line 1354, in <module>
    "execution_count": null,
NameError: name 'null' is not defined
    "execution_count": null,
NameError: name 'null' is not defined
Traceback (most recent call last):
  File "/scratch/zz3645/rot_MRBC_wider/wider_rot_mrbc.ipynb", line 1354, in <module>
    "execution_count": null,
NameError: name 'null' is not defined
    "execution_count": null,
NameError: name 'null' is not defined
Traceback (most recent call last):
  File "/scratch/zz3645/rot_MRBC_wider/wider_rot_mrbc.ipynb", line 1354, in <module>
Traceback (most recent call last):
  File "/scratch/zz3645/rot_MRBC_wider/wider_rot_mrbc.ipynb", line 1354, in <module>
Traceback (most recent call last):
  File "/scratch/zz3645/rot_MRBC_wider/wider_rot_mrbc.ipynb", line 1354, in <module>
Traceback (most recent call last):
  File "/scratch/zz3645/rot_MRBC_wider/wider_rot_mrbc.ipynb", line 1354, in <module>
Traceback (most recent call last):
  File "/scratch/zz3645/rot_MRBC_wider/wider_rot_mrbc.ipynb", line 1354, in <module>
Traceback (most recent call last):
  File "/scratch/zz3645/rot_MRBC_wider/wider_rot_mrbc.ipynb", line 1354, in <module>
Traceback (most recent call last):
  File "/scratch/zz3645/rot_MRBC_wider/wider_rot_mrbc.ipynb", line 1354, in <module>
Traceback (most recent call last):
  File "/scratch/zz3645/rot_MRBC_wider/wider_rot_mrbc.ipynb", line 1354, in <module>
Traceback (most recent call last):
  File "/scratch/zz3645/rot_MRBC_wider/wider_rot_mrbc.ipynb", line 1354, in <module>
Traceback (most recent call last):
  File "/scratch/zz3645/rot_MRBC_wider/wider_rot_mrbc.ipynb", line 1354, in <module>
    "execution_count": null,
NameError: name 'null' is not defined
    "execution_count": null,
NameError: name 'null' is not defined
    "execution_count": null,
NameError: name 'null' is not defined
    "execution_count": null,
NameError: name 'null' is not defined
    "execution_count": null,
NameError: name 'null' is not defined
    "execution_count": null,
NameError: name 'null' is not defined
    "execution_count": null,
NameError: name 'null' is not defined
    "execution_count": null,
NameError: name 'null' is not defined
    "execution_count": null,
NameError: name 'null' is not defined
    "execution_count": null,
NameError: name 'null' is not defined
Traceback (most recent call last):
  File "/scratch/zz3645/rot_MRBC_wider/wider_rot_mrbc.ipynb", line 1354, in <module>
Traceback (most recent call last):
  File "/scratch/zz3645/rot_MRBC_wider/wider_rot_mrbc.ipynb", line 1354, in <module>
Traceback (most recent call last):
  File "/scratch/zz3645/rot_MRBC_wider/wider_rot_mrbc.ipynb", line 1354, in <module>
Traceback (most recent call last):
  File "/scratch/zz3645/rot_MRBC_wider/wider_rot_mrbc.ipynb", line 1354, in <module>
Traceback (most recent call last):
  File "/scratch/zz3645/rot_MRBC_wider/wider_rot_mrbc.ipynb", line 1354, in <module>
Traceback (most recent call last):
  File "/scratch/zz3645/rot_MRBC_wider/wider_rot_mrbc.ipynb", line 1354, in <module>
Traceback (most recent call last):
  File "/scratch/zz3645/rot_MRBC_wider/wider_rot_mrbc.ipynb", line 1354, in <module>
Traceback (most recent call last):
  File "/scratch/zz3645/rot_MRBC_wider/wider_rot_mrbc.ipynb", line 1354, in <module>
Traceback (most recent call last):
  File "/scratch/zz3645/rot_MRBC_wider/wider_rot_mrbc.ipynb", line 1354, in <module>
    "execution_count": null,
NameError: name 'null' is not defined
    "execution_count": null,
NameError: name 'null' is not defined
    "execution_count": null,
NameError: name 'null' is not defined
    "execution_count": null,
NameError: name 'null' is not defined
    "execution_count": null,
NameError: name 'null' is not defined
    "execution_count": null,
NameError: name 'null' is not defined
    "execution_count": null,
NameError: name 'null' is not defined
Traceback (most recent call last):
  File "/scratch/zz3645/rot_MRBC_wider/wider_rot_mrbc.ipynb", line 1354, in <module>
    "execution_count": null,
NameError: name 'null' is not defined
    "execution_count": null,
NameError: name 'null' is not defined
    "execution_count": null,
NameError: name 'null' is not defined
srun: error: cs442: tasks 80-89: Exited with exit code 1
  File "/scratch/zz3645/rot_MRBC_wider/wider_rot_mrbc.ipynb", line 1354, in <module>
    "execution_count": null,
NameError: name 'null' is not defined
srun: error: cs443: tasks 90-99: Terminated
srun: error: cs123: tasks 40-49: Terminated
srun: error: cs120: tasks 10-19: Terminated
srun: error: cs122: tasks 30-39: Terminated
srun: error: cs119: tasks 0-9: Terminated
srun: error: cs124: tasks 50-59: Terminated
srun: error: cs121: tasks 20-29: Terminated
srun: Force Terminated StepId=39271499.0
