kappa 0.001781741612749496
nu 0.0012472191289246471
R_0 20.0
2023-11-09 13:07:54,860 subsystems 0/16 INFO :: Building subproblem matrices 1/20 (~5%) Elapsed: 0s, Remaining: 4s, Rate: 4.4e+00/s
2023-11-09 13:07:54,963 subsystems 0/16 INFO :: Building subproblem matrices 2/20 (~10%) Elapsed: 0s, Remaining: 3s, Rate: 6.1e+00/s
2023-11-09 13:07:55,173 subsystems 0/16 INFO :: Building subproblem matrices 4/20 (~20%) Elapsed: 1s, Remaining: 2s, Rate: 7.4e+00/s
2023-11-09 13:07:55,379 subsystems 0/16 INFO :: Building subproblem matrices 6/20 (~30%) Elapsed: 1s, Remaining: 2s, Rate: 8.1e+00/s
2023-11-09 13:07:55,582 subsystems 0/16 INFO :: Building subproblem matrices 8/20 (~40%) Elapsed: 1s, Remaining: 1s, Rate: 8.4e+00/s
2023-11-09 13:07:55,786 subsystems 0/16 INFO :: Building subproblem matrices 10/20 (~50%) Elapsed: 1s, Remaining: 1s, Rate: 8.7e+00/s
2023-11-09 13:07:55,990 subsystems 0/16 INFO :: Building subproblem matrices 12/20 (~60%) Elapsed: 1s, Remaining: 1s, Rate: 8.9e+00/s
2023-11-09 13:07:56,194 subsystems 0/16 INFO :: Building subproblem matrices 14/20 (~70%) Elapsed: 2s, Remaining: 1s, Rate: 9.0e+00/s
2023-11-09 13:07:56,397 subsystems 0/16 INFO :: Building subproblem matrices 16/20 (~80%) Elapsed: 2s, Remaining: 0s, Rate: 9.1e+00/s
2023-11-09 13:07:56,601 subsystems 0/16 INFO :: Building subproblem matrices 18/20 (~90%) Elapsed: 2s, Remaining: 0s, Rate: 9.2e+00/s
2023-11-09 13:07:56,805 subsystems 0/16 INFO :: Building subproblem matrices 20/20 (~100%) Elapsed: 2s, Remaining: 0s, Rate: 9.2e+00/s
2023-11-09 13:07:58,138 __main__ 0/16 INFO :: Starting main loop
2023-11-09 13:08:00,431 __main__ 0/16 INFO :: Iteration=1, Time=1.000000e-01, dt=1.000000e-01, max(Re)=0.000000
2023-11-09 13:08:00,792 __main__ 0/16 INFO :: Iteration=11, Time=1.100000e+00, dt=1.000000e-01, max(Re)=0.086287
2023-11-09 13:08:01,196 __main__ 0/16 INFO :: Iteration=21, Time=2.200000e+00, dt=1.100000e-01, max(Re)=0.176078
2023-11-09 13:08:01,619 __main__ 0/16 INFO :: Iteration=31, Time=3.410000e+00, dt=1.210000e-01, max(Re)=0.338582
2023-11-09 13:08:01,959 __main__ 0/16 INFO :: Iteration=41, Time=4.620000e+00, dt=1.210000e-01, max(Re)=0.681749
2023-11-09 13:08:02,317 __main__ 0/16 INFO :: Iteration=51, Time=5.830000e+00, dt=1.210000e-01, max(Re)=1.407577
2023-11-09 13:08:02,668 __main__ 0/16 INFO :: Iteration=61, Time=7.040000e+00, dt=1.210000e-01, max(Re)=2.969227
2023-11-09 13:08:03,043 __main__ 0/16 INFO :: Iteration=71, Time=8.250000e+00, dt=1.210000e-01, max(Re)=6.298911
2023-11-09 13:08:03,406 __main__ 0/16 INFO :: Iteration=81, Time=9.460000e+00, dt=1.210000e-01, max(Re)=13.405911
2023-11-09 13:08:03,753 __main__ 0/16 INFO :: Iteration=91, Time=1.067000e+01, dt=1.210000e-01, max(Re)=28.557526
2023-11-09 13:08:04,450 __main__ 0/16 INFO :: Iteration=101, Time=1.188000e+01, dt=1.210000e-01, max(Re)=61.111480
2023-11-09 13:08:05,016 __main__ 0/16 INFO :: Iteration=111, Time=1.309000e+01, dt=1.210000e-01, max(Re)=129.411896
2023-11-09 13:08:05,384 __main__ 0/16 INFO :: Iteration=121, Time=1.430000e+01, dt=1.210000e-01, max(Re)=259.740266
2023-11-09 13:08:05,759 __main__ 0/16 INFO :: Iteration=131, Time=1.492974e+01, dt=6.297427e-02, max(Re)=346.325855
2023-11-09 13:08:06,111 __main__ 0/16 INFO :: Iteration=141, Time=1.534485e+01, dt=4.151077e-02, max(Re)=373.928100
2023-11-09 13:08:06,444 __main__ 0/16 INFO :: Iteration=151, Time=1.569049e+01, dt=3.456401e-02, max(Re)=400.058561
2023-11-09 13:08:06,765 __main__ 0/16 INFO :: Iteration=161, Time=1.600191e+01, dt=3.114243e-02, max(Re)=426.224751
2023-11-09 13:08:07,127 __main__ 0/16 INFO :: Iteration=171, Time=1.629547e+01, dt=2.935522e-02, max(Re)=437.243162
2023-11-09 13:08:07,431 __main__ 0/16 INFO :: Iteration=181, Time=1.658902e+01, dt=2.935522e-02, max(Re)=441.295235
2023-11-09 13:08:07,720 __main__ 0/16 INFO :: Iteration=191, Time=1.688257e+01, dt=2.935522e-02, max(Re)=449.902497
2023-11-09 13:08:08,057 __main__ 0/16 INFO :: Iteration=201, Time=1.716106e+01, dt=2.784854e-02, max(Re)=449.990490
2023-11-09 13:08:08,336 __main__ 0/16 INFO :: Iteration=211, Time=1.743954e+01, dt=2.784854e-02, max(Re)=445.443129
2023-11-09 13:08:08,633 __main__ 0/16 INFO :: Iteration=221, Time=1.771803e+01, dt=2.784854e-02, max(Re)=438.816614
2023-11-09 13:08:08,918 __main__ 0/16 INFO :: Iteration=231, Time=1.799651e+01, dt=2.784854e-02, max(Re)=430.818267
2023-11-09 13:08:09,579 __main__ 0/16 INFO :: Iteration=241, Time=1.827500e+01, dt=2.784854e-02, max(Re)=435.589766
2023-11-09 13:08:10,558 __main__ 0/16 INFO :: Iteration=251, Time=1.855348e+01, dt=2.784854e-02, max(Re)=433.588539
2023-11-09 13:08:10,843 __main__ 0/16 INFO :: Iteration=261, Time=1.883197e+01, dt=2.784854e-02, max(Re)=438.913240
2023-11-09 13:08:11,457 __main__ 0/16 INFO :: Iteration=271, Time=1.911045e+01, dt=2.784854e-02, max(Re)=446.625081
2023-11-09 13:08:11,740 __main__ 0/16 INFO :: Iteration=281, Time=1.938894e+01, dt=2.784854e-02, max(Re)=446.637058
2023-11-09 13:08:12,035 __main__ 0/16 INFO :: Iteration=291, Time=1.966743e+01, dt=2.784854e-02, max(Re)=441.809144
2023-11-09 13:08:12,330 __main__ 0/16 INFO :: Iteration=301, Time=1.994591e+01, dt=2.784854e-02, max(Re)=434.195312
2023-11-09 13:08:12,620 __main__ 0/16 INFO :: Iteration=311, Time=2.022440e+01, dt=2.784854e-02, max(Re)=425.573905
2023-11-09 13:08:13,500 __main__ 0/16 INFO :: Iteration=321, Time=2.051838e+01, dt=2.939807e-02, max(Re)=416.175624
2023-11-09 13:08:13,898 __main__ 0/16 INFO :: Iteration=331, Time=2.081236e+01, dt=2.939807e-02, max(Re)=407.380914
2023-11-09 13:08:14,262 __main__ 0/16 INFO :: Iteration=341, Time=2.110634e+01, dt=2.939807e-02, max(Re)=398.825129
2023-11-09 13:08:14,598 __main__ 0/16 INFO :: Iteration=351, Time=2.142021e+01, dt=3.138725e-02, max(Re)=392.900107
2023-11-09 13:08:15,095 __main__ 0/16 INFO :: Iteration=361, Time=2.173408e+01, dt=3.138725e-02, max(Re)=393.427509
2023-11-09 13:08:15,854 __main__ 0/16 INFO :: Iteration=371, Time=2.204796e+01, dt=3.138725e-02, max(Re)=393.756082
2023-11-09 13:08:16,215 __main__ 0/16 INFO :: Iteration=381, Time=2.236183e+01, dt=3.138725e-02, max(Re)=393.580776
2023-11-09 13:08:16,515 __main__ 0/16 INFO :: Iteration=391, Time=2.267570e+01, dt=3.138725e-02, max(Re)=392.786495
2023-11-09 13:08:16,818 __main__ 0/16 INFO :: Iteration=401, Time=2.298957e+01, dt=3.138725e-02, max(Re)=391.300363
2023-11-09 13:08:17,346 __main__ 0/16 INFO :: Iteration=411, Time=2.330345e+01, dt=3.138725e-02, max(Re)=389.116258
2023-11-09 13:08:17,642 __main__ 0/16 INFO :: Iteration=421, Time=2.361732e+01, dt=3.138725e-02, max(Re)=386.396770
2023-11-09 13:08:18,287 __main__ 0/16 INFO :: Iteration=431, Time=2.393119e+01, dt=3.138725e-02, max(Re)=383.184612
2023-11-09 13:08:18,584 __main__ 0/16 INFO :: Iteration=441, Time=2.424506e+01, dt=3.138725e-02, max(Re)=379.440482
2023-11-09 13:08:19,255 __main__ 0/16 INFO :: Iteration=451, Time=2.457525e+01, dt=3.301911e-02, max(Re)=375.128524
2023-11-09 13:08:19,544 __main__ 0/16 INFO :: Iteration=461, Time=2.490544e+01, dt=3.301911e-02, max(Re)=372.963910
2023-11-09 13:08:19,985 __main__ 0/16 INFO :: Iteration=471, Time=2.523564e+01, dt=3.301911e-02, max(Re)=370.484846
2023-11-09 13:08:20,304 __main__ 0/16 INFO :: Iteration=481, Time=2.556583e+01, dt=3.301911e-02, max(Re)=368.048586
2023-11-09 13:08:20,592 __main__ 0/16 INFO :: Iteration=491, Time=2.589602e+01, dt=3.301911e-02, max(Re)=365.052576
2023-11-09 13:08:20,882 __main__ 0/16 INFO :: Iteration=501, Time=2.622621e+01, dt=3.301911e-02, max(Re)=361.693804
2023-11-09 13:08:21,191 __main__ 0/16 INFO :: Iteration=511, Time=2.655640e+01, dt=3.301911e-02, max(Re)=357.945051
2023-11-09 13:08:21,523 __main__ 0/16 INFO :: Iteration=521, Time=2.690624e+01, dt=3.498422e-02, max(Re)=353.521592
2023-11-09 13:08:21,824 __main__ 0/16 INFO :: Iteration=531, Time=2.725608e+01, dt=3.498422e-02, max(Re)=348.427111
2023-11-09 13:08:22,133 __main__ 0/16 INFO :: Iteration=541, Time=2.760593e+01, dt=3.498422e-02, max(Re)=343.071800
2023-11-09 13:08:22,428 __main__ 0/16 INFO :: Iteration=551, Time=2.795577e+01, dt=3.498422e-02, max(Re)=336.850368
2023-11-09 13:08:22,783 __main__ 0/16 INFO :: Iteration=561, Time=2.832748e+01, dt=3.717122e-02, max(Re)=329.861676
2023-11-09 13:08:23,080 __main__ 0/16 INFO :: Iteration=571, Time=2.869919e+01, dt=3.717122e-02, max(Re)=322.885579
2023-11-09 13:08:23,394 __main__ 0/16 INFO :: Iteration=581, Time=2.907091e+01, dt=3.717122e-02, max(Re)=314.708644
2023-11-09 13:08:23,723 __main__ 0/16 INFO :: Iteration=591, Time=2.946888e+01, dt=3.979742e-02, max(Re)=309.646255
2023-11-09 13:08:24,492 __main__ 0/16 INFO :: Iteration=601, Time=2.986685e+01, dt=3.979742e-02, max(Re)=307.248394
2023-11-09 13:08:24,793 __main__ 0/16 INFO :: Iteration=611, Time=3.026483e+01, dt=3.979742e-02, max(Re)=304.673016
2023-11-09 13:08:25,593 __main__ 0/16 INFO :: Iteration=621, Time=3.066280e+01, dt=3.979742e-02, max(Re)=301.887944
2023-11-09 13:08:25,900 __main__ 0/16 INFO :: Iteration=631, Time=3.106078e+01, dt=3.979742e-02, max(Re)=298.777692
2023-11-09 13:08:26,424 __main__ 0/16 INFO :: Iteration=641, Time=3.147984e+01, dt=4.190624e-02, max(Re)=295.506965
2023-11-09 13:08:26,740 __main__ 0/16 INFO :: Iteration=651, Time=3.189890e+01, dt=4.190624e-02, max(Re)=291.215163
2023-11-09 13:08:27,161 __main__ 0/16 INFO :: Iteration=661, Time=3.231796e+01, dt=4.190624e-02, max(Re)=286.282792
2023-11-09 13:08:27,460 __main__ 0/16 INFO :: Iteration=671, Time=3.273703e+01, dt=4.190624e-02, max(Re)=280.674666
2023-11-09 13:08:27,810 __main__ 0/16 INFO :: Iteration=681, Time=3.318337e+01, dt=4.463392e-02, max(Re)=273.852046
2023-11-09 13:08:28,539 __main__ 0/16 INFO :: Iteration=691, Time=3.362970e+01, dt=4.463392e-02, max(Re)=266.158210
2023-11-09 13:08:29,682 __main__ 0/16 INFO :: Iteration=701, Time=3.410002e+01, dt=4.703191e-02, max(Re)=258.067748
2023-11-09 13:08:30,665 __main__ 0/16 INFO :: Iteration=711, Time=3.457034e+01, dt=4.703191e-02, max(Re)=249.492975
2023-11-09 13:08:31,883 __main__ 0/16 INFO :: Iteration=721, Time=3.507239e+01, dt=5.020427e-02, max(Re)=240.114255
2023-11-09 13:08:32,210 __main__ 0/16 INFO :: Iteration=731, Time=3.557443e+01, dt=5.020427e-02, max(Re)=230.728279
2023-11-09 13:08:32,571 __main__ 0/16 INFO :: Iteration=741, Time=3.611723e+01, dt=5.428050e-02, max(Re)=220.329117
2023-11-09 13:08:33,681 __main__ 0/16 INFO :: Iteration=751, Time=3.666004e+01, dt=5.428050e-02, max(Re)=209.406489
2023-11-09 13:08:34,488 __main__ 0/16 INFO :: Iteration=761, Time=3.725712e+01, dt=5.970855e-02, max(Re)=197.637001
2023-11-09 13:08:35,129 __main__ 0/16 INFO :: Iteration=771, Time=3.789084e+01, dt=6.337188e-02, max(Re)=185.097718
2023-11-09 13:08:35,475 __main__ 0/16 INFO :: Iteration=781, Time=3.856767e+01, dt=6.768288e-02, max(Re)=171.956581
2023-11-09 13:08:35,840 __main__ 0/16 INFO :: Iteration=791, Time=3.929616e+01, dt=7.284926e-02, max(Re)=158.034238
2023-11-09 13:08:36,237 __main__ 0/16 INFO :: Iteration=801, Time=4.008809e+01, dt=7.919267e-02, max(Re)=144.195645
2023-11-09 13:08:36,608 __main__ 0/16 INFO :: Iteration=811, Time=4.095520e+01, dt=8.671141e-02, max(Re)=137.920518
2023-11-09 13:08:36,934 __main__ 0/16 INFO :: Iteration=821, Time=4.182232e+01, dt=8.671141e-02, max(Re)=130.027459
2023-11-09 13:08:37,561 __main__ 0/16 INFO :: Iteration=831, Time=4.277614e+01, dt=9.538255e-02, max(Re)=119.800848
2023-11-09 13:08:37,932 __main__ 0/16 INFO :: Iteration=841, Time=4.381946e+01, dt=1.043315e-01, max(Re)=109.565713
2023-11-09 13:08:38,462 __main__ 0/16 INFO :: Iteration=851, Time=4.496115e+01, dt=1.141690e-01, max(Re)=97.355355
2023-11-09 13:08:38,873 __main__ 0/16 INFO :: Iteration=861, Time=4.621115e+01, dt=1.250000e-01, max(Re)=82.516045
2023-11-09 13:08:39,700 __main__ 0/16 INFO :: Iteration=871, Time=4.746115e+01, dt=1.250000e-01, max(Re)=84.957939
2023-11-09 13:08:40,767 __main__ 0/16 INFO :: Iteration=881, Time=4.871115e+01, dt=1.250000e-01, max(Re)=86.236199
2023-11-09 13:08:41,587 __main__ 0/16 INFO :: Iteration=891, Time=4.996115e+01, dt=1.250000e-01, max(Re)=85.181162
2023-11-09 13:08:42,102 __main__ 0/16 INFO :: Iteration=901, Time=5.121115e+01, dt=1.250000e-01, max(Re)=83.132813
2023-11-09 13:08:42,465 __main__ 0/16 INFO :: Iteration=911, Time=5.246115e+01, dt=1.250000e-01, max(Re)=80.378085
2023-11-09 13:08:42,822 __main__ 0/16 INFO :: Iteration=921, Time=5.371115e+01, dt=1.250000e-01, max(Re)=77.137742
2023-11-09 13:08:43,172 __main__ 0/16 INFO :: Iteration=931, Time=5.496115e+01, dt=1.250000e-01, max(Re)=73.941790
2023-11-09 13:08:43,524 __main__ 0/16 INFO :: Iteration=941, Time=5.621115e+01, dt=1.250000e-01, max(Re)=69.729123
2023-11-09 13:08:43,880 __main__ 0/16 INFO :: Iteration=951, Time=5.746115e+01, dt=1.250000e-01, max(Re)=64.103802
2023-11-09 13:08:44,229 __main__ 0/16 INFO :: Iteration=961, Time=5.871115e+01, dt=1.250000e-01, max(Re)=56.354720
2023-11-09 13:08:44,579 __main__ 0/16 INFO :: Iteration=971, Time=5.996115e+01, dt=1.250000e-01, max(Re)=46.232934
2023-11-09 13:08:44,940 __main__ 0/16 INFO :: Iteration=981, Time=6.121115e+01, dt=1.250000e-01, max(Re)=37.036420
2023-11-09 13:08:45,285 __main__ 0/16 INFO :: Iteration=991, Time=6.246115e+01, dt=1.250000e-01, max(Re)=27.662037
2023-11-09 13:08:45,798 __main__ 0/16 INFO :: Iteration=1001, Time=6.371115e+01, dt=1.250000e-01, max(Re)=17.346199
2023-11-09 13:08:46,160 __main__ 0/16 INFO :: Iteration=1011, Time=6.496115e+01, dt=1.250000e-01, max(Re)=14.813904
2023-11-09 13:08:46,519 __main__ 0/16 INFO :: Iteration=1021, Time=6.621115e+01, dt=1.250000e-01, max(Re)=14.253988
2023-11-09 13:08:46,945 __main__ 0/16 INFO :: Iteration=1031, Time=6.746115e+01, dt=1.250000e-01, max(Re)=13.355157
2023-11-09 13:08:47,298 __main__ 0/16 INFO :: Iteration=1041, Time=6.871115e+01, dt=1.250000e-01, max(Re)=13.931342
2023-11-09 13:08:47,677 __main__ 0/16 INFO :: Iteration=1051, Time=6.996115e+01, dt=1.250000e-01, max(Re)=13.858157
2023-11-09 13:08:48,029 __main__ 0/16 INFO :: Iteration=1061, Time=7.121115e+01, dt=1.250000e-01, max(Re)=12.284522
2023-11-09 13:08:48,382 __main__ 0/16 INFO :: Iteration=1071, Time=7.246115e+01, dt=1.250000e-01, max(Re)=10.982712
2023-11-09 13:08:48,736 __main__ 0/16 INFO :: Iteration=1081, Time=7.371115e+01, dt=1.250000e-01, max(Re)=10.131381
2023-11-09 13:08:49,084 __main__ 0/16 INFO :: Iteration=1091, Time=7.496115e+01, dt=1.250000e-01, max(Re)=12.286877
2023-11-09 13:08:49,598 __main__ 0/16 INFO :: Iteration=1101, Time=7.621115e+01, dt=1.250000e-01, max(Re)=12.969844
2023-11-09 13:08:49,967 __main__ 0/16 INFO :: Iteration=1111, Time=7.746115e+01, dt=1.250000e-01, max(Re)=12.327856
2023-11-09 13:08:50,391 __main__ 0/16 INFO :: Iteration=1121, Time=7.871115e+01, dt=1.250000e-01, max(Re)=10.867799
2023-11-09 13:08:50,751 __main__ 0/16 INFO :: Iteration=1131, Time=7.996115e+01, dt=1.250000e-01, max(Re)=8.677217
2023-11-09 13:08:51,106 __main__ 0/16 INFO :: Iteration=1141, Time=8.121115e+01, dt=1.250000e-01, max(Re)=6.970290
2023-11-09 13:08:51,464 __main__ 0/16 INFO :: Iteration=1151, Time=8.246115e+01, dt=1.250000e-01, max(Re)=6.492794
2023-11-09 13:08:51,814 __main__ 0/16 INFO :: Iteration=1161, Time=8.371115e+01, dt=1.250000e-01, max(Re)=6.602872
2023-11-09 13:08:52,162 __main__ 0/16 INFO :: Iteration=1171, Time=8.496115e+01, dt=1.250000e-01, max(Re)=7.471166
2023-11-09 13:08:52,517 __main__ 0/16 INFO :: Iteration=1181, Time=8.621115e+01, dt=1.250000e-01, max(Re)=7.210420
2023-11-09 13:08:52,864 __main__ 0/16 INFO :: Iteration=1191, Time=8.746115e+01, dt=1.250000e-01, max(Re)=6.183990
2023-11-09 13:08:53,459 __main__ 0/16 INFO :: Iteration=1201, Time=8.871115e+01, dt=1.250000e-01, max(Re)=6.397956
2023-11-09 13:08:53,844 __main__ 0/16 INFO :: Iteration=1211, Time=8.996115e+01, dt=1.250000e-01, max(Re)=7.155583
2023-11-09 13:08:54,231 __main__ 0/16 INFO :: Iteration=1221, Time=9.121115e+01, dt=1.250000e-01, max(Re)=7.746017
2023-11-09 13:08:54,596 __main__ 0/16 INFO :: Iteration=1231, Time=9.246115e+01, dt=1.250000e-01, max(Re)=7.945494
2023-11-09 13:08:54,966 __main__ 0/16 INFO :: Iteration=1241, Time=9.371115e+01, dt=1.250000e-01, max(Re)=7.732867
2023-11-09 13:08:55,350 __main__ 0/16 INFO :: Iteration=1251, Time=9.496115e+01, dt=1.250000e-01, max(Re)=7.193448
2023-11-09 13:08:55,712 __main__ 0/16 INFO :: Iteration=1261, Time=9.621115e+01, dt=1.250000e-01, max(Re)=6.485423
2023-11-09 13:08:56,077 __main__ 0/16 INFO :: Iteration=1271, Time=9.746115e+01, dt=1.250000e-01, max(Re)=5.813761
2023-11-09 13:08:56,457 __main__ 0/16 INFO :: Iteration=1281, Time=9.871115e+01, dt=1.250000e-01, max(Re)=5.509506
2023-11-09 13:08:56,826 __main__ 0/16 INFO :: Iteration=1291, Time=9.996115e+01, dt=1.250000e-01, max(Re)=6.164286
2023-11-09 13:08:57,455 __main__ 0/16 INFO :: Iteration=1301, Time=1.012111e+02, dt=1.250000e-01, max(Re)=6.663370
2023-11-09 13:08:57,829 __main__ 0/16 INFO :: Iteration=1311, Time=1.024611e+02, dt=1.250000e-01, max(Re)=6.781716
2023-11-09 13:08:58,211 __main__ 0/16 INFO :: Iteration=1321, Time=1.037111e+02, dt=1.250000e-01, max(Re)=6.484746
2023-11-09 13:08:58,575 __main__ 0/16 INFO :: Iteration=1331, Time=1.049611e+02, dt=1.250000e-01, max(Re)=5.779572
2023-11-09 13:08:58,936 __main__ 0/16 INFO :: Iteration=1341, Time=1.062111e+02, dt=1.250000e-01, max(Re)=4.724229
2023-11-09 13:08:59,311 __main__ 0/16 INFO :: Iteration=1351, Time=1.074611e+02, dt=1.250000e-01, max(Re)=4.111592
2023-11-09 13:08:59,672 __main__ 0/16 INFO :: Iteration=1361, Time=1.087111e+02, dt=1.250000e-01, max(Re)=3.946092
2023-11-09 13:09:00,035 __main__ 0/16 INFO :: Iteration=1371, Time=1.099611e+02, dt=1.250000e-01, max(Re)=3.587835
2023-11-09 13:09:00,415 __main__ 0/16 INFO :: Iteration=1381, Time=1.112111e+02, dt=1.250000e-01, max(Re)=3.131851
2023-11-09 13:09:00,776 __main__ 0/16 INFO :: Iteration=1391, Time=1.124611e+02, dt=1.250000e-01, max(Re)=3.000189
2023-11-09 13:09:01,290 __main__ 0/16 INFO :: Iteration=1401, Time=1.137111e+02, dt=1.250000e-01, max(Re)=3.175105
2023-11-09 13:09:01,647 __main__ 0/16 INFO :: Iteration=1411, Time=1.149611e+02, dt=1.250000e-01, max(Re)=3.091522
2023-11-09 13:09:02,009 __main__ 0/16 INFO :: Iteration=1421, Time=1.162111e+02, dt=1.250000e-01, max(Re)=2.717030
2023-11-09 13:09:02,358 __main__ 0/16 INFO :: Iteration=1431, Time=1.174611e+02, dt=1.250000e-01, max(Re)=2.758782
2023-11-09 13:09:02,707 __main__ 0/16 INFO :: Iteration=1441, Time=1.187111e+02, dt=1.250000e-01, max(Re)=2.676424
2023-11-09 13:09:03,062 __main__ 0/16 INFO :: Iteration=1451, Time=1.199611e+02, dt=1.250000e-01, max(Re)=2.399813
2023-11-09 13:09:03,412 __main__ 0/16 INFO :: Iteration=1461, Time=1.212111e+02, dt=1.250000e-01, max(Re)=2.070429
2023-11-09 13:09:03,757 __main__ 0/16 INFO :: Iteration=1471, Time=1.224611e+02, dt=1.250000e-01, max(Re)=1.964844
2023-11-09 13:09:04,138 __main__ 0/16 INFO :: Iteration=1481, Time=1.237111e+02, dt=1.250000e-01, max(Re)=1.788067
2023-11-09 13:09:04,513 __main__ 0/16 INFO :: Iteration=1491, Time=1.249611e+02, dt=1.250000e-01, max(Re)=1.717092
2023-11-09 13:09:05,020 __main__ 0/16 INFO :: Iteration=1501, Time=1.262111e+02, dt=1.250000e-01, max(Re)=1.630857
2023-11-09 13:09:05,377 __main__ 0/16 INFO :: Iteration=1511, Time=1.274611e+02, dt=1.250000e-01, max(Re)=1.432115
2023-11-09 13:09:05,735 __main__ 0/16 INFO :: Iteration=1521, Time=1.287111e+02, dt=1.250000e-01, max(Re)=1.457355
2023-11-09 13:09:06,097 __main__ 0/16 INFO :: Iteration=1531, Time=1.299611e+02, dt=1.250000e-01, max(Re)=1.558818
2023-11-09 13:09:06,448 __main__ 0/16 INFO :: Iteration=1541, Time=1.312111e+02, dt=1.250000e-01, max(Re)=1.501556
2023-11-09 13:09:06,803 __main__ 0/16 INFO :: Iteration=1551, Time=1.324611e+02, dt=1.250000e-01, max(Re)=1.411027
2023-11-09 13:09:07,153 __main__ 0/16 INFO :: Iteration=1561, Time=1.337111e+02, dt=1.250000e-01, max(Re)=1.537354
2023-11-09 13:09:07,510 __main__ 0/16 INFO :: Iteration=1571, Time=1.349611e+02, dt=1.250000e-01, max(Re)=1.598728
2023-11-09 13:09:07,864 __main__ 0/16 INFO :: Iteration=1581, Time=1.362111e+02, dt=1.250000e-01, max(Re)=1.715059
2023-11-09 13:09:08,211 __main__ 0/16 INFO :: Iteration=1591, Time=1.374611e+02, dt=1.250000e-01, max(Re)=1.829152
2023-11-09 13:09:08,723 __main__ 0/16 INFO :: Iteration=1601, Time=1.387111e+02, dt=1.250000e-01, max(Re)=1.813854
2023-11-09 13:09:09,081 __main__ 0/16 INFO :: Iteration=1611, Time=1.399611e+02, dt=1.250000e-01, max(Re)=1.690816
2023-11-09 13:09:09,443 __main__ 0/16 INFO :: Iteration=1621, Time=1.412111e+02, dt=1.250000e-01, max(Re)=1.515308
2023-11-09 13:09:09,798 __main__ 0/16 INFO :: Iteration=1631, Time=1.424611e+02, dt=1.250000e-01, max(Re)=1.335721
2023-11-09 13:09:10,163 __main__ 0/16 INFO :: Iteration=1641, Time=1.437111e+02, dt=1.250000e-01, max(Re)=1.301849
2023-11-09 13:09:10,545 __main__ 0/16 INFO :: Iteration=1651, Time=1.449611e+02, dt=1.250000e-01, max(Re)=1.250716
2023-11-09 13:09:10,895 __main__ 0/16 INFO :: Iteration=1661, Time=1.462111e+02, dt=1.250000e-01, max(Re)=1.323585
2023-11-09 13:09:11,241 __main__ 0/16 INFO :: Iteration=1671, Time=1.474611e+02, dt=1.250000e-01, max(Re)=1.362471
2023-11-09 13:09:11,599 __main__ 0/16 INFO :: Iteration=1681, Time=1.487111e+02, dt=1.250000e-01, max(Re)=1.318828
2023-11-09 13:09:11,942 __main__ 0/16 INFO :: Iteration=1691, Time=1.499611e+02, dt=1.250000e-01, max(Re)=1.263264
2023-11-09 13:09:12,463 __main__ 0/16 INFO :: Iteration=1701, Time=1.512111e+02, dt=1.250000e-01, max(Re)=1.144643
2023-11-09 13:09:12,825 __main__ 0/16 INFO :: Iteration=1711, Time=1.524611e+02, dt=1.250000e-01, max(Re)=1.122488
2023-11-09 13:09:13,183 __main__ 0/16 INFO :: Iteration=1721, Time=1.537111e+02, dt=1.250000e-01, max(Re)=1.134134
2023-11-09 13:09:13,534 __main__ 0/16 INFO :: Iteration=1731, Time=1.549611e+02, dt=1.250000e-01, max(Re)=1.124265
2023-11-09 13:09:13,904 __main__ 0/16 INFO :: Iteration=1741, Time=1.562111e+02, dt=1.250000e-01, max(Re)=1.087410
2023-11-09 13:09:14,262 __main__ 0/16 INFO :: Iteration=1751, Time=1.574611e+02, dt=1.250000e-01, max(Re)=1.078449
2023-11-09 13:09:14,620 __main__ 0/16 INFO :: Iteration=1761, Time=1.587111e+02, dt=1.250000e-01, max(Re)=1.081325
2023-11-09 13:09:14,971 __main__ 0/16 INFO :: Iteration=1771, Time=1.599611e+02, dt=1.250000e-01, max(Re)=1.040414
2023-11-09 13:09:15,325 __main__ 0/16 INFO :: Iteration=1781, Time=1.612111e+02, dt=1.250000e-01, max(Re)=0.962620
2023-11-09 13:09:15,671 __main__ 0/16 INFO :: Iteration=1791, Time=1.624611e+02, dt=1.250000e-01, max(Re)=0.861224
2023-11-09 13:09:16,184 __main__ 0/16 INFO :: Iteration=1801, Time=1.637111e+02, dt=1.250000e-01, max(Re)=0.853661
2023-11-09 13:09:16,540 __main__ 0/16 INFO :: Iteration=1811, Time=1.649611e+02, dt=1.250000e-01, max(Re)=0.819522
2023-11-09 13:09:16,895 __main__ 0/16 INFO :: Iteration=1821, Time=1.662111e+02, dt=1.250000e-01, max(Re)=0.747710
2023-11-09 13:09:17,250 __main__ 0/16 INFO :: Iteration=1831, Time=1.674611e+02, dt=1.250000e-01, max(Re)=0.661467
2023-11-09 13:09:17,610 __main__ 0/16 INFO :: Iteration=1841, Time=1.687111e+02, dt=1.250000e-01, max(Re)=0.646522
2023-11-09 13:09:17,971 __main__ 0/16 INFO :: Iteration=1851, Time=1.699611e+02, dt=1.250000e-01, max(Re)=0.624439
2023-11-09 13:09:18,327 __main__ 0/16 INFO :: Iteration=1861, Time=1.712111e+02, dt=1.250000e-01, max(Re)=0.601687
2023-11-09 13:09:18,680 __main__ 0/16 INFO :: Iteration=1871, Time=1.724611e+02, dt=1.250000e-01, max(Re)=0.579674
2023-11-09 13:09:19,038 __main__ 0/16 INFO :: Iteration=1881, Time=1.737111e+02, dt=1.250000e-01, max(Re)=0.565998
2023-11-09 13:09:19,385 __main__ 0/16 INFO :: Iteration=1891, Time=1.749611e+02, dt=1.250000e-01, max(Re)=0.589961
2023-11-09 13:09:19,893 __main__ 0/16 INFO :: Iteration=1901, Time=1.762111e+02, dt=1.250000e-01, max(Re)=0.624889
2023-11-09 13:09:20,253 __main__ 0/16 INFO :: Iteration=1911, Time=1.774611e+02, dt=1.250000e-01, max(Re)=0.635393
2023-11-09 13:09:20,612 __main__ 0/16 INFO :: Iteration=1921, Time=1.787111e+02, dt=1.250000e-01, max(Re)=0.616959
2023-11-09 13:09:20,961 __main__ 0/16 INFO :: Iteration=1931, Time=1.799611e+02, dt=1.250000e-01, max(Re)=0.568572
2023-11-09 13:09:21,309 __main__ 0/16 INFO :: Iteration=1941, Time=1.812111e+02, dt=1.250000e-01, max(Re)=0.492640
2023-11-09 13:09:21,666 __main__ 0/16 INFO :: Iteration=1951, Time=1.824611e+02, dt=1.250000e-01, max(Re)=0.394764
2023-11-09 13:09:22,019 __main__ 0/16 INFO :: Iteration=1961, Time=1.837111e+02, dt=1.250000e-01, max(Re)=0.283570
2023-11-09 13:09:22,367 __main__ 0/16 INFO :: Iteration=1971, Time=1.849611e+02, dt=1.250000e-01, max(Re)=0.293023
2023-11-09 13:09:22,723 __main__ 0/16 INFO :: Iteration=1981, Time=1.862111e+02, dt=1.250000e-01, max(Re)=0.297083
2023-11-09 13:09:23,069 __main__ 0/16 INFO :: Iteration=1991, Time=1.874611e+02, dt=1.250000e-01, max(Re)=0.288032
2023-11-09 13:09:23,589 __main__ 0/16 INFO :: Iteration=2001, Time=1.887111e+02, dt=1.250000e-01, max(Re)=0.273219
2023-11-09 13:09:23,947 __main__ 0/16 INFO :: Iteration=2011, Time=1.899611e+02, dt=1.250000e-01, max(Re)=0.283315
2023-11-09 13:09:24,306 __main__ 0/16 INFO :: Iteration=2021, Time=1.912111e+02, dt=1.250000e-01, max(Re)=0.301030
2023-11-09 13:09:24,655 __main__ 0/16 INFO :: Iteration=2031, Time=1.924611e+02, dt=1.250000e-01, max(Re)=0.308900
2023-11-09 13:09:25,004 __main__ 0/16 INFO :: Iteration=2041, Time=1.937111e+02, dt=1.250000e-01, max(Re)=0.312269
2023-11-09 13:09:25,361 __main__ 0/16 INFO :: Iteration=2051, Time=1.949611e+02, dt=1.250000e-01, max(Re)=0.351329
2023-11-09 13:09:25,705 __main__ 0/16 INFO :: Iteration=2061, Time=1.962111e+02, dt=1.250000e-01, max(Re)=0.378359
2023-11-09 13:09:26,052 __main__ 0/16 INFO :: Iteration=2071, Time=1.974611e+02, dt=1.250000e-01, max(Re)=0.394013
2023-11-09 13:09:26,408 __main__ 0/16 INFO :: Iteration=2081, Time=1.987111e+02, dt=1.250000e-01, max(Re)=0.399885
2023-11-09 13:09:26,754 __main__ 0/16 INFO :: Iteration=2091, Time=1.999611e+02, dt=1.250000e-01, max(Re)=0.398417
2023-11-09 13:09:27,372 __main__ 0/16 INFO :: Iteration=2101, Time=2.012111e+02, dt=1.250000e-01, max(Re)=0.402379
2023-11-09 13:09:27,748 __main__ 0/16 INFO :: Iteration=2111, Time=2.024611e+02, dt=1.250000e-01, max(Re)=0.400484
2023-11-09 13:09:28,126 __main__ 0/16 INFO :: Iteration=2121, Time=2.037111e+02, dt=1.250000e-01, max(Re)=0.398592
2023-11-09 13:09:28,496 __main__ 0/16 INFO :: Iteration=2131, Time=2.049611e+02, dt=1.250000e-01, max(Re)=0.401634
2023-11-09 13:09:28,861 __main__ 0/16 INFO :: Iteration=2141, Time=2.062111e+02, dt=1.250000e-01, max(Re)=0.410017
2023-11-09 13:09:29,243 __main__ 0/16 INFO :: Iteration=2151, Time=2.074611e+02, dt=1.250000e-01, max(Re)=0.421830
2023-11-09 13:09:29,608 __main__ 0/16 INFO :: Iteration=2161, Time=2.087111e+02, dt=1.250000e-01, max(Re)=0.431127
2023-11-09 13:09:29,976 __main__ 0/16 INFO :: Iteration=2171, Time=2.099611e+02, dt=1.250000e-01, max(Re)=0.432837
2023-11-09 13:09:30,355 __main__ 0/16 INFO :: Iteration=2181, Time=2.112111e+02, dt=1.250000e-01, max(Re)=0.425123
2023-11-09 13:09:30,714 __main__ 0/16 INFO :: Iteration=2191, Time=2.124611e+02, dt=1.250000e-01, max(Re)=0.412016
2023-11-09 13:09:31,222 __main__ 0/16 INFO :: Iteration=2201, Time=2.137111e+02, dt=1.250000e-01, max(Re)=0.404269
2023-11-09 13:09:31,579 __main__ 0/16 INFO :: Iteration=2211, Time=2.149611e+02, dt=1.250000e-01, max(Re)=0.390275
2023-11-09 13:09:31,935 __main__ 0/16 INFO :: Iteration=2221, Time=2.162111e+02, dt=1.250000e-01, max(Re)=0.373375
2023-11-09 13:09:32,285 __main__ 0/16 INFO :: Iteration=2231, Time=2.174611e+02, dt=1.250000e-01, max(Re)=0.356733
2023-11-09 13:09:32,637 __main__ 0/16 INFO :: Iteration=2241, Time=2.187111e+02, dt=1.250000e-01, max(Re)=0.342126
2023-11-09 13:09:32,992 __main__ 0/16 INFO :: Iteration=2251, Time=2.199611e+02, dt=1.250000e-01, max(Re)=0.331784
2023-11-09 13:09:33,341 __main__ 0/16 INFO :: Iteration=2261, Time=2.212111e+02, dt=1.250000e-01, max(Re)=0.329233
2023-11-09 13:09:33,703 __main__ 0/16 INFO :: Iteration=2271, Time=2.224611e+02, dt=1.250000e-01, max(Re)=0.329805
2023-11-09 13:09:34,058 __main__ 0/16 INFO :: Iteration=2281, Time=2.237111e+02, dt=1.250000e-01, max(Re)=0.326894
2023-11-09 13:09:34,401 __main__ 0/16 INFO :: Iteration=2291, Time=2.249611e+02, dt=1.250000e-01, max(Re)=0.318484
2023-11-09 13:09:34,923 __main__ 0/16 INFO :: Iteration=2301, Time=2.262111e+02, dt=1.250000e-01, max(Re)=0.304120
2023-11-09 13:09:35,290 __main__ 0/16 INFO :: Iteration=2311, Time=2.274611e+02, dt=1.250000e-01, max(Re)=0.284121
2023-11-09 13:09:35,644 __main__ 0/16 INFO :: Iteration=2321, Time=2.287111e+02, dt=1.250000e-01, max(Re)=0.259293
2023-11-09 13:09:35,993 __main__ 0/16 INFO :: Iteration=2331, Time=2.299611e+02, dt=1.250000e-01, max(Re)=0.235926
2023-11-09 13:09:36,340 __main__ 0/16 INFO :: Iteration=2341, Time=2.312111e+02, dt=1.250000e-01, max(Re)=0.225334
2023-11-09 13:09:36,697 __main__ 0/16 INFO :: Iteration=2351, Time=2.324611e+02, dt=1.250000e-01, max(Re)=0.215081
2023-11-09 13:09:37,047 __main__ 0/16 INFO :: Iteration=2361, Time=2.337111e+02, dt=1.250000e-01, max(Re)=0.204595
2023-11-09 13:09:37,408 __main__ 0/16 INFO :: Iteration=2371, Time=2.349611e+02, dt=1.250000e-01, max(Re)=0.192749
2023-11-09 13:09:37,771 __main__ 0/16 INFO :: Iteration=2381, Time=2.362111e+02, dt=1.250000e-01, max(Re)=0.178583
2023-11-09 13:09:38,117 __main__ 0/16 INFO :: Iteration=2391, Time=2.374611e+02, dt=1.250000e-01, max(Re)=0.161641
2023-11-09 13:09:38,842 __main__ 0/16 INFO :: Iteration=2401, Time=2.387111e+02, dt=1.250000e-01, max(Re)=0.141995
2023-11-09 13:09:39,222 __main__ 0/16 INFO :: Iteration=2411, Time=2.399611e+02, dt=1.250000e-01, max(Re)=0.120126
2023-11-09 13:09:39,609 __main__ 0/16 INFO :: Iteration=2421, Time=2.412111e+02, dt=1.250000e-01, max(Re)=0.096883
2023-11-09 13:09:39,991 __main__ 0/16 INFO :: Iteration=2431, Time=2.424611e+02, dt=1.250000e-01, max(Re)=0.078240
2023-11-09 13:09:40,371 __main__ 0/16 INFO :: Iteration=2441, Time=2.437111e+02, dt=1.250000e-01, max(Re)=0.064491
2023-11-09 13:09:40,770 __main__ 0/16 INFO :: Iteration=2451, Time=2.449611e+02, dt=1.250000e-01, max(Re)=0.051155
2023-11-09 13:09:41,145 __main__ 0/16 INFO :: Iteration=2461, Time=2.462111e+02, dt=1.250000e-01, max(Re)=0.042979
2023-11-09 13:09:41,514 __main__ 0/16 INFO :: Iteration=2471, Time=2.474611e+02, dt=1.250000e-01, max(Re)=0.052509
2023-11-09 13:09:41,907 __main__ 0/16 INFO :: Iteration=2481, Time=2.487111e+02, dt=1.250000e-01, max(Re)=0.061827
2023-11-09 13:09:42,278 __main__ 0/16 INFO :: Iteration=2491, Time=2.499611e+02, dt=1.250000e-01, max(Re)=0.069370
2023-11-09 13:09:42,926 __main__ 0/16 INFO :: Iteration=2501, Time=2.512111e+02, dt=1.250000e-01, max(Re)=0.076048
2023-11-09 13:09:43,312 __main__ 0/16 INFO :: Iteration=2511, Time=2.524611e+02, dt=1.250000e-01, max(Re)=0.083467
2023-11-09 13:09:43,704 __main__ 0/16 INFO :: Iteration=2521, Time=2.537111e+02, dt=1.250000e-01, max(Re)=0.092023
2023-11-09 13:09:44,083 __main__ 0/16 INFO :: Iteration=2531, Time=2.549611e+02, dt=1.250000e-01, max(Re)=0.100217
2023-11-09 13:09:44,550 __main__ 0/16 INFO :: Iteration=2541, Time=2.562111e+02, dt=1.250000e-01, max(Re)=0.107113
2023-11-09 13:09:44,950 __main__ 0/16 INFO :: Iteration=2551, Time=2.574611e+02, dt=1.250000e-01, max(Re)=0.112494
2023-11-09 13:09:45,314 __main__ 0/16 INFO :: Iteration=2561, Time=2.587111e+02, dt=1.250000e-01, max(Re)=0.124341
2023-11-09 13:09:45,678 __main__ 0/16 INFO :: Iteration=2571, Time=2.599611e+02, dt=1.250000e-01, max(Re)=0.134843
2023-11-09 13:09:46,058 __main__ 0/16 INFO :: Iteration=2581, Time=2.612111e+02, dt=1.250000e-01, max(Re)=0.144878
2023-11-09 13:09:46,415 __main__ 0/16 INFO :: Iteration=2591, Time=2.624611e+02, dt=1.250000e-01, max(Re)=0.153809
2023-11-09 13:09:47,159 __main__ 0/16 INFO :: Iteration=2601, Time=2.637111e+02, dt=1.250000e-01, max(Re)=0.160799
2023-11-09 13:09:47,543 __main__ 0/16 INFO :: Iteration=2611, Time=2.649611e+02, dt=1.250000e-01, max(Re)=0.166001
2023-11-09 13:09:47,937 __main__ 0/16 INFO :: Iteration=2621, Time=2.662111e+02, dt=1.250000e-01, max(Re)=0.169678
2023-11-09 13:09:48,561 __main__ 0/16 INFO :: Iteration=2631, Time=2.674611e+02, dt=1.250000e-01, max(Re)=0.172182
2023-11-09 13:09:48,936 __main__ 0/16 INFO :: Iteration=2641, Time=2.687111e+02, dt=1.250000e-01, max(Re)=0.174665
2023-11-09 13:09:49,321 __main__ 0/16 INFO :: Iteration=2651, Time=2.699611e+02, dt=1.250000e-01, max(Re)=0.180439
2023-11-09 13:09:49,701 __main__ 0/16 INFO :: Iteration=2661, Time=2.712111e+02, dt=1.250000e-01, max(Re)=0.184782
2023-11-09 13:09:50,082 __main__ 0/16 INFO :: Iteration=2671, Time=2.724611e+02, dt=1.250000e-01, max(Re)=0.187095
2023-11-09 13:09:50,470 __main__ 0/16 INFO :: Iteration=2681, Time=2.737111e+02, dt=1.250000e-01, max(Re)=0.187467
2023-11-09 13:09:50,845 __main__ 0/16 INFO :: Iteration=2691, Time=2.749611e+02, dt=1.250000e-01, max(Re)=0.186168
2023-11-09 13:09:51,468 __main__ 0/16 INFO :: Iteration=2701, Time=2.762111e+02, dt=1.250000e-01, max(Re)=0.183728
2023-11-09 13:09:51,849 __main__ 0/16 INFO :: Iteration=2711, Time=2.774611e+02, dt=1.250000e-01, max(Re)=0.183623
2023-11-09 13:09:52,298 __main__ 0/16 INFO :: Iteration=2721, Time=2.787111e+02, dt=1.250000e-01, max(Re)=0.183167
2023-11-09 13:09:52,673 __main__ 0/16 INFO :: Iteration=2731, Time=2.799611e+02, dt=1.250000e-01, max(Re)=0.181675
2023-11-09 13:09:53,041 __main__ 0/16 INFO :: Iteration=2741, Time=2.812111e+02, dt=1.250000e-01, max(Re)=0.179237
2023-11-09 13:09:53,420 __main__ 0/16 INFO :: Iteration=2751, Time=2.824611e+02, dt=1.250000e-01, max(Re)=0.176620
2023-11-09 13:09:53,785 __main__ 0/16 INFO :: Iteration=2761, Time=2.837111e+02, dt=1.250000e-01, max(Re)=0.173739
2023-11-09 13:09:54,147 __main__ 0/16 INFO :: Iteration=2771, Time=2.849611e+02, dt=1.250000e-01, max(Re)=0.169756
2023-11-09 13:09:54,517 __main__ 0/16 INFO :: Iteration=2781, Time=2.862111e+02, dt=1.250000e-01, max(Re)=0.164634
2023-11-09 13:09:54,871 __main__ 0/16 INFO :: Iteration=2791, Time=2.874611e+02, dt=1.250000e-01, max(Re)=0.158395
2023-11-09 13:09:55,628 __main__ 0/16 INFO :: Iteration=2801, Time=2.887111e+02, dt=1.250000e-01, max(Re)=0.151142
2023-11-09 13:09:56,010 __main__ 0/16 INFO :: Iteration=2811, Time=2.899611e+02, dt=1.250000e-01, max(Re)=0.143058
2023-11-09 13:09:56,405 __main__ 0/16 INFO :: Iteration=2821, Time=2.912111e+02, dt=1.250000e-01, max(Re)=0.134457
2023-11-09 13:09:56,784 __main__ 0/16 INFO :: Iteration=2831, Time=2.924611e+02, dt=1.250000e-01, max(Re)=0.125911
2023-11-09 13:09:57,159 __main__ 0/16 INFO :: Iteration=2841, Time=2.937111e+02, dt=1.250000e-01, max(Re)=0.117722
2023-11-09 13:09:57,550 __main__ 0/16 INFO :: Iteration=2851, Time=2.949611e+02, dt=1.250000e-01, max(Re)=0.109298
2023-11-09 13:09:57,917 __main__ 0/16 INFO :: Iteration=2861, Time=2.962111e+02, dt=1.250000e-01, max(Re)=0.102202
2023-11-09 13:09:58,282 __main__ 0/16 INFO :: Iteration=2871, Time=2.974611e+02, dt=1.250000e-01, max(Re)=0.095080
2023-11-09 13:09:58,662 __main__ 0/16 INFO :: Iteration=2881, Time=2.987111e+02, dt=1.250000e-01, max(Re)=0.087404
2023-11-09 13:09:59,023 __main__ 0/16 INFO :: Iteration=2891, Time=2.999611e+02, dt=1.250000e-01, max(Re)=0.079208
2023-11-09 13:09:59,532 __main__ 0/16 INFO :: Iteration=2901, Time=3.012111e+02, dt=1.250000e-01, max(Re)=0.070537
2023-11-09 13:09:59,894 __main__ 0/16 INFO :: Iteration=2911, Time=3.024611e+02, dt=1.250000e-01, max(Re)=0.061453
2023-11-09 13:10:00,254 __main__ 0/16 INFO :: Iteration=2921, Time=3.037111e+02, dt=1.250000e-01, max(Re)=0.052041
2023-11-09 13:10:00,610 __main__ 0/16 INFO :: Iteration=2931, Time=3.049611e+02, dt=1.250000e-01, max(Re)=0.042412
2023-11-09 13:10:00,963 __main__ 0/16 INFO :: Iteration=2941, Time=3.062111e+02, dt=1.250000e-01, max(Re)=0.032706
2023-11-09 13:10:01,321 __main__ 0/16 INFO :: Iteration=2951, Time=3.074611e+02, dt=1.250000e-01, max(Re)=0.023117
2023-11-09 13:10:01,671 __main__ 0/16 INFO :: Iteration=2961, Time=3.087111e+02, dt=1.250000e-01, max(Re)=0.020080
2023-11-09 13:10:02,018 __main__ 0/16 INFO :: Iteration=2971, Time=3.099611e+02, dt=1.250000e-01, max(Re)=0.018558
2023-11-09 13:10:02,386 __main__ 0/16 INFO :: Iteration=2981, Time=3.112111e+02, dt=1.250000e-01, max(Re)=0.016937
2023-11-09 13:10:02,728 __main__ 0/16 INFO :: Iteration=2991, Time=3.124611e+02, dt=1.250000e-01, max(Re)=0.021930
2023-11-09 13:10:03,234 __main__ 0/16 INFO :: Iteration=3001, Time=3.137111e+02, dt=1.250000e-01, max(Re)=0.029432
2023-11-09 13:10:03,595 __main__ 0/16 INFO :: Iteration=3011, Time=3.149611e+02, dt=1.250000e-01, max(Re)=0.036584
2023-11-09 13:10:03,953 __main__ 0/16 INFO :: Iteration=3021, Time=3.162111e+02, dt=1.250000e-01, max(Re)=0.043231
2023-11-09 13:10:04,309 __main__ 0/16 INFO :: Iteration=3031, Time=3.174611e+02, dt=1.250000e-01, max(Re)=0.049319
2023-11-09 13:10:04,670 __main__ 0/16 INFO :: Iteration=3041, Time=3.187111e+02, dt=1.250000e-01, max(Re)=0.054864
2023-11-09 13:10:05,036 __main__ 0/16 INFO :: Iteration=3051, Time=3.199611e+02, dt=1.250000e-01, max(Re)=0.059934
2023-11-09 13:10:05,389 __main__ 0/16 INFO :: Iteration=3061, Time=3.212111e+02, dt=1.250000e-01, max(Re)=0.065360
2023-11-09 13:10:05,736 __main__ 0/16 INFO :: Iteration=3071, Time=3.224611e+02, dt=1.250000e-01, max(Re)=0.071132
2023-11-09 13:10:06,088 __main__ 0/16 INFO :: Iteration=3081, Time=3.237111e+02, dt=1.250000e-01, max(Re)=0.076335
2023-11-09 13:10:06,434 __main__ 0/16 INFO :: Iteration=3091, Time=3.249611e+02, dt=1.250000e-01, max(Re)=0.080981
2023-11-09 13:10:07,038 __main__ 0/16 INFO :: Iteration=3101, Time=3.262111e+02, dt=1.250000e-01, max(Re)=0.085097
2023-11-09 13:10:07,436 __main__ 0/16 INFO :: Iteration=3111, Time=3.274611e+02, dt=1.250000e-01, max(Re)=0.088729
2023-11-09 13:10:07,822 __main__ 0/16 INFO :: Iteration=3121, Time=3.287111e+02, dt=1.250000e-01, max(Re)=0.091925
2023-11-09 13:10:08,192 __main__ 0/16 INFO :: Iteration=3131, Time=3.299611e+02, dt=1.250000e-01, max(Re)=0.094706
2023-11-09 13:10:08,555 __main__ 0/16 INFO :: Iteration=3141, Time=3.312111e+02, dt=1.250000e-01, max(Re)=0.097047
2023-11-09 13:10:08,940 __main__ 0/16 INFO :: Iteration=3151, Time=3.324611e+02, dt=1.250000e-01, max(Re)=0.099052
2023-11-09 13:10:09,315 __main__ 0/16 INFO :: Iteration=3161, Time=3.337111e+02, dt=1.250000e-01, max(Re)=0.100749
2023-11-09 13:10:09,680 __main__ 0/16 INFO :: Iteration=3171, Time=3.349611e+02, dt=1.250000e-01, max(Re)=0.102047
2023-11-09 13:10:10,060 __main__ 0/16 INFO :: Iteration=3181, Time=3.362111e+02, dt=1.250000e-01, max(Re)=0.102873
2023-11-09 13:10:10,422 __main__ 0/16 INFO :: Iteration=3191, Time=3.374611e+02, dt=1.250000e-01, max(Re)=0.103202
2023-11-09 13:10:10,932 __main__ 0/16 INFO :: Iteration=3201, Time=3.387111e+02, dt=1.250000e-01, max(Re)=0.103037
2023-11-09 13:10:11,291 __main__ 0/16 INFO :: Iteration=3211, Time=3.399611e+02, dt=1.250000e-01, max(Re)=0.102402
2023-11-09 13:10:11,647 __main__ 0/16 INFO :: Iteration=3221, Time=3.412111e+02, dt=1.250000e-01, max(Re)=0.101344
2023-11-09 13:10:11,998 __main__ 0/16 INFO :: Iteration=3231, Time=3.424611e+02, dt=1.250000e-01, max(Re)=0.099946
2023-11-09 13:10:12,351 __main__ 0/16 INFO :: Iteration=3241, Time=3.437111e+02, dt=1.250000e-01, max(Re)=0.098508
2023-11-09 13:10:12,707 __main__ 0/16 INFO :: Iteration=3251, Time=3.449611e+02, dt=1.250000e-01, max(Re)=0.096847
2023-11-09 13:10:13,064 __main__ 0/16 INFO :: Iteration=3261, Time=3.462111e+02, dt=1.250000e-01, max(Re)=0.094831
2023-11-09 13:10:13,410 __main__ 0/16 INFO :: Iteration=3271, Time=3.474611e+02, dt=1.250000e-01, max(Re)=0.092463
2023-11-09 13:10:13,849 __main__ 0/16 INFO :: Iteration=3281, Time=3.487111e+02, dt=1.250000e-01, max(Re)=0.089755
2023-11-09 13:10:14,197 __main__ 0/16 INFO :: Iteration=3291, Time=3.499611e+02, dt=1.250000e-01, max(Re)=0.086728
2023-11-09 13:10:14,713 __main__ 0/16 INFO :: Iteration=3301, Time=3.512111e+02, dt=1.250000e-01, max(Re)=0.083410
2023-11-09 13:10:15,083 __main__ 0/16 INFO :: Iteration=3311, Time=3.524611e+02, dt=1.250000e-01, max(Re)=0.079835
2023-11-09 13:10:15,443 __main__ 0/16 INFO :: Iteration=3321, Time=3.537111e+02, dt=1.250000e-01, max(Re)=0.076052
2023-11-09 13:10:15,800 __main__ 0/16 INFO :: Iteration=3331, Time=3.549611e+02, dt=1.250000e-01, max(Re)=0.072107
2023-11-09 13:10:16,150 __main__ 0/16 INFO :: Iteration=3341, Time=3.562111e+02, dt=1.250000e-01, max(Re)=0.067993
2023-11-09 13:10:16,519 __main__ 0/16 INFO :: Iteration=3351, Time=3.574611e+02, dt=1.250000e-01, max(Re)=0.063693
2023-11-09 13:10:16,870 __main__ 0/16 INFO :: Iteration=3361, Time=3.587111e+02, dt=1.250000e-01, max(Re)=0.059215
2023-11-09 13:10:17,223 __main__ 0/16 INFO :: Iteration=3371, Time=3.599611e+02, dt=1.250000e-01, max(Re)=0.054575
2023-11-09 13:10:17,583 __main__ 0/16 INFO :: Iteration=3381, Time=3.612111e+02, dt=1.250000e-01, max(Re)=0.049795
2023-11-09 13:10:17,934 __main__ 0/16 INFO :: Iteration=3391, Time=3.624611e+02, dt=1.250000e-01, max(Re)=0.044897
2023-11-09 13:10:18,443 __main__ 0/16 INFO :: Iteration=3401, Time=3.637111e+02, dt=1.250000e-01, max(Re)=0.039905
2023-11-09 13:10:18,810 __main__ 0/16 INFO :: Iteration=3411, Time=3.649611e+02, dt=1.250000e-01, max(Re)=0.034844
2023-11-09 13:10:19,164 __main__ 0/16 INFO :: Iteration=3421, Time=3.662111e+02, dt=1.250000e-01, max(Re)=0.029734
2023-11-09 13:10:19,517 __main__ 0/16 INFO :: Iteration=3431, Time=3.674611e+02, dt=1.250000e-01, max(Re)=0.024599
2023-11-09 13:10:19,864 __main__ 0/16 INFO :: Iteration=3441, Time=3.687111e+02, dt=1.250000e-01, max(Re)=0.019456
2023-11-09 13:10:20,217 __main__ 0/16 INFO :: Iteration=3451, Time=3.699611e+02, dt=1.250000e-01, max(Re)=0.014325
2023-11-09 13:10:20,565 __main__ 0/16 INFO :: Iteration=3461, Time=3.712111e+02, dt=1.250000e-01, max(Re)=0.009585
2023-11-09 13:10:20,915 __main__ 0/16 INFO :: Iteration=3471, Time=3.724611e+02, dt=1.250000e-01, max(Re)=0.010065
2023-11-09 13:10:21,269 __main__ 0/16 INFO :: Iteration=3481, Time=3.737111e+02, dt=1.250000e-01, max(Re)=0.010757
2023-11-09 13:10:21,614 __main__ 0/16 INFO :: Iteration=3491, Time=3.749611e+02, dt=1.250000e-01, max(Re)=0.011665
2023-11-09 13:10:22,120 __main__ 0/16 INFO :: Iteration=3501, Time=3.762111e+02, dt=1.250000e-01, max(Re)=0.014612
2023-11-09 13:10:22,481 __main__ 0/16 INFO :: Iteration=3511, Time=3.774611e+02, dt=1.250000e-01, max(Re)=0.019039
2023-11-09 13:10:22,843 __main__ 0/16 INFO :: Iteration=3521, Time=3.787111e+02, dt=1.250000e-01, max(Re)=0.023294
2023-11-09 13:10:23,208 __main__ 0/16 INFO :: Iteration=3531, Time=3.799611e+02, dt=1.250000e-01, max(Re)=0.027363
2023-11-09 13:10:23,562 __main__ 0/16 INFO :: Iteration=3541, Time=3.812111e+02, dt=1.250000e-01, max(Re)=0.031235
2023-11-09 13:10:23,921 __main__ 0/16 INFO :: Iteration=3551, Time=3.824611e+02, dt=1.250000e-01, max(Re)=0.034902
2023-11-09 13:10:24,271 __main__ 0/16 INFO :: Iteration=3561, Time=3.837111e+02, dt=1.250000e-01, max(Re)=0.038356
2023-11-09 13:10:24,620 __main__ 0/16 INFO :: Iteration=3571, Time=3.849611e+02, dt=1.250000e-01, max(Re)=0.041593
2023-11-09 13:10:24,970 __main__ 0/16 INFO :: Iteration=3581, Time=3.862111e+02, dt=1.250000e-01, max(Re)=0.044610
2023-11-09 13:10:25,320 __main__ 0/16 INFO :: Iteration=3591, Time=3.874611e+02, dt=1.250000e-01, max(Re)=0.047399
2023-11-09 13:10:25,974 __main__ 0/16 INFO :: Iteration=3601, Time=3.887111e+02, dt=1.250000e-01, max(Re)=0.049953
2023-11-09 13:10:26,347 __main__ 0/16 INFO :: Iteration=3611, Time=3.899611e+02, dt=1.250000e-01, max(Re)=0.052263
2023-11-09 13:10:26,728 __main__ 0/16 INFO :: Iteration=3621, Time=3.912111e+02, dt=1.250000e-01, max(Re)=0.054322
2023-11-09 13:10:27,109 __main__ 0/16 INFO :: Iteration=3631, Time=3.924611e+02, dt=1.250000e-01, max(Re)=0.056127
2023-11-09 13:10:27,480 __main__ 0/16 INFO :: Iteration=3641, Time=3.937111e+02, dt=1.250000e-01, max(Re)=0.057677
2023-11-09 13:10:27,866 __main__ 0/16 INFO :: Iteration=3651, Time=3.949611e+02, dt=1.250000e-01, max(Re)=0.058971
2023-11-09 13:10:28,233 __main__ 0/16 INFO :: Iteration=3661, Time=3.962111e+02, dt=1.250000e-01, max(Re)=0.060009
2023-11-09 13:10:28,596 __main__ 0/16 INFO :: Iteration=3671, Time=3.974611e+02, dt=1.250000e-01, max(Re)=0.060790
2023-11-09 13:10:28,971 __main__ 0/16 INFO :: Iteration=3681, Time=3.987111e+02, dt=1.250000e-01, max(Re)=0.061316
2023-11-09 13:10:29,328 __main__ 0/16 INFO :: Iteration=3691, Time=3.999611e+02, dt=1.250000e-01, max(Re)=0.061590
2023-11-09 13:10:29,832 __main__ 0/16 INFO :: Iteration=3701, Time=4.012111e+02, dt=1.250000e-01, max(Re)=0.061616
2023-11-09 13:10:30,186 __main__ 0/16 INFO :: Iteration=3711, Time=4.024611e+02, dt=1.250000e-01, max(Re)=0.061400
2023-11-09 13:10:30,544 __main__ 0/16 INFO :: Iteration=3721, Time=4.037111e+02, dt=1.250000e-01, max(Re)=0.060952
2023-11-09 13:10:30,895 __main__ 0/16 INFO :: Iteration=3731, Time=4.049611e+02, dt=1.250000e-01, max(Re)=0.060280
2023-11-09 13:10:31,246 __main__ 0/16 INFO :: Iteration=3741, Time=4.062111e+02, dt=1.250000e-01, max(Re)=0.059393
2023-11-09 13:10:31,602 __main__ 0/16 INFO :: Iteration=3751, Time=4.074611e+02, dt=1.250000e-01, max(Re)=0.058306
2023-11-09 13:10:31,952 __main__ 0/16 INFO :: Iteration=3761, Time=4.087111e+02, dt=1.250000e-01, max(Re)=0.057031
2023-11-09 13:10:32,297 __main__ 0/16 INFO :: Iteration=3771, Time=4.099611e+02, dt=1.250000e-01, max(Re)=0.055567
2023-11-09 13:10:32,648 __main__ 0/16 INFO :: Iteration=3781, Time=4.112111e+02, dt=1.250000e-01, max(Re)=0.053915
2023-11-09 13:10:32,990 __main__ 0/16 INFO :: Iteration=3791, Time=4.124611e+02, dt=1.250000e-01, max(Re)=0.052088
2023-11-09 13:10:33,492 __main__ 0/16 INFO :: Iteration=3801, Time=4.137111e+02, dt=1.250000e-01, max(Re)=0.050099
2023-11-09 13:10:33,845 __main__ 0/16 INFO :: Iteration=3811, Time=4.149611e+02, dt=1.250000e-01, max(Re)=0.047959
2023-11-09 13:10:34,204 __main__ 0/16 INFO :: Iteration=3821, Time=4.162111e+02, dt=1.250000e-01, max(Re)=0.045676
2023-11-09 13:10:34,554 __main__ 0/16 INFO :: Iteration=3831, Time=4.174611e+02, dt=1.250000e-01, max(Re)=0.043259
2023-11-09 13:10:34,904 __main__ 0/16 INFO :: Iteration=3841, Time=4.187111e+02, dt=1.250000e-01, max(Re)=0.040717
2023-11-09 13:10:35,269 __main__ 0/16 INFO :: Iteration=3851, Time=4.199611e+02, dt=1.250000e-01, max(Re)=0.038061
2023-11-09 13:10:35,628 __main__ 0/16 INFO :: Iteration=3861, Time=4.212111e+02, dt=1.250000e-01, max(Re)=0.035303
2023-11-09 13:10:35,981 __main__ 0/16 INFO :: Iteration=3871, Time=4.224611e+02, dt=1.250000e-01, max(Re)=0.032454
2023-11-09 13:10:36,340 __main__ 0/16 INFO :: Iteration=3881, Time=4.237111e+02, dt=1.250000e-01, max(Re)=0.029528
2023-11-09 13:10:36,684 __main__ 0/16 INFO :: Iteration=3891, Time=4.249611e+02, dt=1.250000e-01, max(Re)=0.026539
2023-11-09 13:10:37,474 __main__ 0/16 INFO :: Iteration=3901, Time=4.262111e+02, dt=1.250000e-01, max(Re)=0.023503
2023-11-09 13:10:37,848 __main__ 0/16 INFO :: Iteration=3911, Time=4.274611e+02, dt=1.250000e-01, max(Re)=0.020434
2023-11-09 13:10:38,226 __main__ 0/16 INFO :: Iteration=3921, Time=4.287111e+02, dt=1.250000e-01, max(Re)=0.017347
2023-11-09 13:10:38,589 __main__ 0/16 INFO :: Iteration=3931, Time=4.299611e+02, dt=1.250000e-01, max(Re)=0.014259
2023-11-09 13:10:38,954 __main__ 0/16 INFO :: Iteration=3941, Time=4.312111e+02, dt=1.250000e-01, max(Re)=0.011184
2023-11-09 13:10:39,332 __main__ 0/16 INFO :: Iteration=3951, Time=4.324611e+02, dt=1.250000e-01, max(Re)=0.008242
2023-11-09 13:10:39,699 __main__ 0/16 INFO :: Iteration=3961, Time=4.337111e+02, dt=1.250000e-01, max(Re)=0.006426
2023-11-09 13:10:40,066 __main__ 0/16 INFO :: Iteration=3971, Time=4.349611e+02, dt=1.250000e-01, max(Re)=0.005777
2023-11-09 13:10:40,453 __main__ 0/16 INFO :: Iteration=3981, Time=4.362111e+02, dt=1.250000e-01, max(Re)=0.005267
2023-11-09 13:10:40,820 __main__ 0/16 INFO :: Iteration=3991, Time=4.374611e+02, dt=1.250000e-01, max(Re)=0.005870
2023-11-09 13:10:41,334 __main__ 0/16 INFO :: Iteration=4001, Time=4.387111e+02, dt=1.250000e-01, max(Re)=0.008078
2023-11-09 13:10:41,690 __main__ 0/16 INFO :: Iteration=4011, Time=4.399611e+02, dt=1.250000e-01, max(Re)=0.010661
2023-11-09 13:10:42,117 __main__ 0/16 INFO :: Iteration=4021, Time=4.412111e+02, dt=1.250000e-01, max(Re)=0.013249
2023-11-09 13:10:42,467 __main__ 0/16 INFO :: Iteration=4031, Time=4.424611e+02, dt=1.250000e-01, max(Re)=0.015737
2023-11-09 13:10:42,819 __main__ 0/16 INFO :: Iteration=4041, Time=4.437111e+02, dt=1.250000e-01, max(Re)=0.018116
2023-11-09 13:10:43,173 __main__ 0/16 INFO :: Iteration=4051, Time=4.449611e+02, dt=1.250000e-01, max(Re)=0.020378
2023-11-09 13:10:43,522 __main__ 0/16 INFO :: Iteration=4061, Time=4.462111e+02, dt=1.250000e-01, max(Re)=0.022517
2023-11-09 13:10:43,874 __main__ 0/16 INFO :: Iteration=4071, Time=4.474611e+02, dt=1.250000e-01, max(Re)=0.024526
2023-11-09 13:10:44,231 __main__ 0/16 INFO :: Iteration=4081, Time=4.487111e+02, dt=1.250000e-01, max(Re)=0.026400
2023-11-09 13:10:44,581 __main__ 0/16 INFO :: Iteration=4091, Time=4.499611e+02, dt=1.250000e-01, max(Re)=0.028133
2023-11-09 13:10:45,118 __main__ 0/16 INFO :: Iteration=4101, Time=4.512111e+02, dt=1.250000e-01, max(Re)=0.029722
2023-11-09 13:10:45,474 __main__ 0/16 INFO :: Iteration=4111, Time=4.524611e+02, dt=1.250000e-01, max(Re)=0.031163
2023-11-09 13:10:45,829 __main__ 0/16 INFO :: Iteration=4121, Time=4.537111e+02, dt=1.250000e-01, max(Re)=0.032455
2023-11-09 13:10:46,179 __main__ 0/16 INFO :: Iteration=4131, Time=4.549611e+02, dt=1.250000e-01, max(Re)=0.033594
2023-11-09 13:10:46,530 __main__ 0/16 INFO :: Iteration=4141, Time=4.562111e+02, dt=1.250000e-01, max(Re)=0.034581
2023-11-09 13:10:46,887 __main__ 0/16 INFO :: Iteration=4151, Time=4.574611e+02, dt=1.250000e-01, max(Re)=0.035415
2023-11-09 13:10:47,236 __main__ 0/16 INFO :: Iteration=4161, Time=4.587111e+02, dt=1.250000e-01, max(Re)=0.036095
2023-11-09 13:10:47,588 __main__ 0/16 INFO :: Iteration=4171, Time=4.599611e+02, dt=1.250000e-01, max(Re)=0.036623
2023-11-09 13:10:47,957 __main__ 0/16 INFO :: Iteration=4181, Time=4.612111e+02, dt=1.250000e-01, max(Re)=0.036999
2023-11-09 13:10:48,313 __main__ 0/16 INFO :: Iteration=4191, Time=4.624611e+02, dt=1.250000e-01, max(Re)=0.037225
2023-11-09 13:10:48,826 __main__ 0/16 INFO :: Iteration=4201, Time=4.637111e+02, dt=1.250000e-01, max(Re)=0.037303
2023-11-09 13:10:49,183 __main__ 0/16 INFO :: Iteration=4211, Time=4.649611e+02, dt=1.250000e-01, max(Re)=0.037236
2023-11-09 13:10:49,546 __main__ 0/16 INFO :: Iteration=4221, Time=4.662111e+02, dt=1.250000e-01, max(Re)=0.037025
2023-11-09 13:10:49,898 __main__ 0/16 INFO :: Iteration=4231, Time=4.674611e+02, dt=1.250000e-01, max(Re)=0.036676
2023-11-09 13:10:50,256 __main__ 0/16 INFO :: Iteration=4241, Time=4.687111e+02, dt=1.250000e-01, max(Re)=0.036190
2023-11-09 13:10:50,620 __main__ 0/16 INFO :: Iteration=4251, Time=4.699611e+02, dt=1.250000e-01, max(Re)=0.035573
2023-11-09 13:10:50,971 __main__ 0/16 INFO :: Iteration=4261, Time=4.712111e+02, dt=1.250000e-01, max(Re)=0.034830
2023-11-09 13:10:51,319 __main__ 0/16 INFO :: Iteration=4271, Time=4.724611e+02, dt=1.250000e-01, max(Re)=0.033965
2023-11-09 13:10:51,671 __main__ 0/16 INFO :: Iteration=4281, Time=4.737111e+02, dt=1.250000e-01, max(Re)=0.032984
2023-11-09 13:10:52,015 __main__ 0/16 INFO :: Iteration=4291, Time=4.749611e+02, dt=1.250000e-01, max(Re)=0.031893
2023-11-09 13:10:52,525 __main__ 0/16 INFO :: Iteration=4301, Time=4.762111e+02, dt=1.250000e-01, max(Re)=0.030700
2023-11-09 13:10:52,881 __main__ 0/16 INFO :: Iteration=4311, Time=4.774611e+02, dt=1.250000e-01, max(Re)=0.029410
2023-11-09 13:10:53,239 __main__ 0/16 INFO :: Iteration=4321, Time=4.787111e+02, dt=1.250000e-01, max(Re)=0.028031
2023-11-09 13:10:53,590 __main__ 0/16 INFO :: Iteration=4331, Time=4.799611e+02, dt=1.250000e-01, max(Re)=0.026570
2023-11-09 13:10:53,939 __main__ 0/16 INFO :: Iteration=4341, Time=4.812111e+02, dt=1.250000e-01, max(Re)=0.025035
2023-11-09 13:10:54,297 __main__ 0/16 INFO :: Iteration=4351, Time=4.824611e+02, dt=1.250000e-01, max(Re)=0.023434
2023-11-09 13:10:54,643 __main__ 0/16 INFO :: Iteration=4361, Time=4.837111e+02, dt=1.250000e-01, max(Re)=0.021774
2023-11-09 13:10:54,989 __main__ 0/16 INFO :: Iteration=4371, Time=4.849611e+02, dt=1.250000e-01, max(Re)=0.020063
2023-11-09 13:10:55,340 __main__ 0/16 INFO :: Iteration=4381, Time=4.862111e+02, dt=1.250000e-01, max(Re)=0.018310
2023-11-09 13:10:55,682 __main__ 0/16 INFO :: Iteration=4391, Time=4.874611e+02, dt=1.250000e-01, max(Re)=0.016523
2023-11-09 13:10:56,191 __main__ 0/16 INFO :: Iteration=4401, Time=4.887111e+02, dt=1.250000e-01, max(Re)=0.014708
2023-11-09 13:10:56,546 __main__ 0/16 INFO :: Iteration=4411, Time=4.899611e+02, dt=1.250000e-01, max(Re)=0.012874
2023-11-09 13:10:56,902 __main__ 0/16 INFO :: Iteration=4421, Time=4.912111e+02, dt=1.250000e-01, max(Re)=0.011028
2023-11-09 13:10:57,254 __main__ 0/16 INFO :: Iteration=4431, Time=4.924611e+02, dt=1.250000e-01, max(Re)=0.009178
2023-11-09 13:10:57,607 __main__ 0/16 INFO :: Iteration=4441, Time=4.937111e+02, dt=1.250000e-01, max(Re)=0.007332
2023-11-09 13:10:57,963 __main__ 0/16 INFO :: Iteration=4451, Time=4.949611e+02, dt=1.250000e-01, max(Re)=0.005496
2023-11-09 13:10:58,312 __main__ 0/16 INFO :: Iteration=4461, Time=4.962111e+02, dt=1.250000e-01, max(Re)=0.003971
2023-11-09 13:10:58,658 __main__ 0/16 INFO :: Iteration=4471, Time=4.974611e+02, dt=1.250000e-01, max(Re)=0.002856
2023-11-09 13:10:59,010 __main__ 0/16 INFO :: Iteration=4481, Time=4.987111e+02, dt=1.250000e-01, max(Re)=0.003097
2023-11-09 13:10:59,352 __main__ 0/16 INFO :: Iteration=4491, Time=4.999611e+02, dt=1.250000e-01, max(Re)=0.003379
2023-11-09 13:10:59,379 solvers 0/16 INFO :: Simulation stop time reached.
2023-11-09 13:10:59,379 solvers 0/16 INFO :: Final iteration: 4492
2023-11-09 13:10:59,379 solvers 0/16 INFO :: Final sim time: 500.08614929488476
2023-11-09 13:10:59,380 solvers 0/16 INFO :: Setup time (init - iter 0): 4.968 sec
2023-11-09 13:10:59,380 solvers 0/16 INFO :: Warmup time (iter 0-10): 1.162 sec
2023-11-09 13:10:59,380 solvers 0/16 INFO :: Run time (iter 10-end): 178.6 sec
2023-11-09 13:10:59,380 solvers 0/16 INFO :: CPU time (iter 10-end): 0.7939 cpu-hr
2023-11-09 13:10:59,380 solvers 0/16 INFO :: Speed: 4.049e+05 mode-stages/cpu-sec
kappa 0.001781741612749496
nu 0.0012472191289246471
R_0 20.0
['snapshots/snapshots_s1.h5', 'snapshots/snapshots_s2.h5', 'snapshots/snapshots_s3.h5', 'snapshots/snapshots_s4.h5', 'snapshots/snapshots_s5.h5', 'snapshots/snapshots_s6.h5', 'snapshots/snapshots_s7.h5', 'snapshots/snapshots_s8.h5', 'snapshots/snapshots_s9.h5', 'snapshots/snapshots_s10.h5', 'snapshots/snapshots_s11.h5', 'snapshots/snapshots_s12.h5', 'snapshots/snapshots_s13.h5', 'snapshots/snapshots_s14.h5', 'snapshots/snapshots_s15.h5', 'snapshots/snapshots_s16.h5', 'snapshots/snapshots_s17.h5', 'snapshots/snapshots_s18.h5', 'snapshots/snapshots_s19.h5', 'snapshots/snapshots_s20.h5', 'snapshots/snapshots_s21.h5', 'snapshots/snapshots_s22.h5', 'snapshots/snapshots_s23.h5', 'snapshots/snapshots_s24.h5', 'snapshots/snapshots_s25.h5', 'snapshots/snapshots_s26.h5', 'snapshots/snapshots_s27.h5', 'snapshots/snapshots_s28.h5', 'snapshots/snapshots_s29.h5', 'snapshots/snapshots_s30.h5', 'snapshots/snapshots_s31.h5', 'snapshots/snapshots_s32.h5', 'snapshots/snapshots_s33.h5', 'snapshots/snapshots_s34.h5', 'snapshots/s['snapshots/snapshots_s1.h5', 'snapshots/snapshots_s2.h5', 'snapshots/snapshots_s3.h5', 'snapshots/snapshots_s4.h5', 'snapshots/snapshots_s5.h5', 'snapshots/snapshots_s6.h5', 'snapshots/snapshots_s7.h5', 'snapshots/snapshots_s8.h5', 'snapshots/snapshots_s9.h5', 'snapshots/snapshots_s10.h5', 'snapshots/snapshots_s11.h5', 'snapshots/snapshots_s12.h5', 'snapshots/snapshots_s13.h5', 'snapshots/snapshots_s14.h5', 'snapshots/snapshots_s15.h5', 'snapshots/snapshots_s16.h5', 'snapshots/snapshots_s17.h5', 'snapshots/snapshots_s18.h5', 'snapshots/snapshots_s19.h5', 'snapshots/snapshots_s20.h5', 'snapshots/snapshots_s21.h5', 'snapshots/snapshots_s22.h5', 'snapshots/snapshots_s23.h5', 'snapshots/snapshots_s24.h5', 'snapshots/snapshots_s25.h5', 'snapshots/snapshots_s26.h5', 'snapshots/snapshots_s27.h5', 'snapshots/snapshots_s28.h5', 'snapshots/snapshots_s29.h5', 'snapshots/snapshots_s30.h5', 'snapshots/snapshots_s31.h5', 'snapshots/snapshots_s32.h5', 'snapshots/snapshots_s33.h5', 'snapshots/snapshots_s34.h5', 'snapshots/snapshots_s35.h5', 'snapshots/snapshots_s36.h5', 'snapshots/snapshots_s37.h5', 'snapshots/snapshots_s38.h5', 'snapshots/snapshots_s39.h5', 'snapshots/snapshots_s40.h5']
napshots_s35.h5', 'snapshots/snapshots_s36.h5', 'snapshots/snapshots_s37.h5', 'snapshots/snapshots_s38.h5', 'snapshots/snapshots_s39.h5', 'snapshots/snapshots_s40.h5']
kappa 0.001781741612749496
nu 0.0012472191289246471
R_0 20.0
kappa 0.001781741612749496
nu 0.0012472191289246471
R_0 20.0
['snapshots/snapshots_s1.h5', 'snapshots/snapshots_s2.h5', 'snapshots/snapshots_s3.h5', 'snapshots/snapshots_s4.h5', 'snapshots/snapshots_s5.h5', 'snapshots/snapshots_s6.h5', 'snapshots/snapshots_s7.h5', 'snapshots/snapshots_s8.h5', 'snapshots/snapshots_s9.h5', 'snapshots/snapshots_s10.h5', 'snapshots/snapshots_s11.h5', 'snapshots/snapshots_s12.h5', 'snapshots/snapshots_s13.h5', 'snapshots/snapshots_s14.h5', 'snapshots/snapshots_s15.h5', 'snapshots/snapshots_s16.h5', 'snapshots/snapshots_s17.h5', 'snapshots/snapshots_s18.h5', 'snapshots/snapshots_s19.h5', 'snapshots/snapshots_s20.h5', 'snapshots/snapshots_s21.h5', 'snapshots/snapshots_s22.h5', 'snapshots/snapshots_s23.h5', 'snapshots/snapshots_s24.h5', 'snapshots/snapshots_s25.h5', 'snapshots/snapshots_s26.h5', 'snapshots/snapshots_s27.h5', 'snapshots/snapshots_s28.h5', 'snapshots/snapshots_s29.h5', 'snapshots/snapshots_s30.h5', 'snapshots/snapshots_s31.h5', 'snapshots/snapshots_s32.h5', 'snapshots/snapshots_s33.h5', 'snapshots/snapshots_s34.h5', 'snapshots/s['snapshots/snapshots_s1.h5', 'snapshots/snapshots_s2.h5', 'snapshots/snapshots_s3.h5', 'snapshots/snapshots_s4.h5', 'snapshots/snapshots_s5.h5', 'snapshots/snapshots_s6.h5', 'snapshots/snapshots_s7.h5', 'snapshots/snapshots_s8.h5', 'snapshots/snapshots_s9.h5', 'snapshots/snapshots_s10.h5', 'snapshots/snapshots_s11.h5', 'snapshots/snapshots_s12.h5', 'snapshots/snapshots_s13.h5', 'snapshots/snapshots_s14.h5', 'snapshots/snapshots_s15.h5', 'snapshots/snapshots_s16.h5', 'snapshots/snapshots_s17.h5', 'snapshots/snapshots_s18.h5', 'snapshots/snapshots_s19.h5', 'snapshots/snapshots_s20.h5', 'snapshots/snapshots_s21.h5', 'snapshots/snapshots_s22.h5', 'snapshots/snapshots_s23.h5', 'snapshots/snapshots_s24.h5', 'snapshots/snapshots_s25.h5', 'snapshots/snapshots_s26.h5', 'snapshots/snapshots_s27.h5', 'snapshots/snapshots_s28.h5', 'snapshots/snapshots_s29.h5', 'snapshots/snapshots_s30.h5', 'snapshots/snapshots_s31.h5', 'snapshots/snapshots_s32.h5', 'snapshots/snapshots_s33.h5', 'snapshots/snapshots_s34.h5', 'snapshots/snapshots_s35.h5', 'snapshots/snapshots_s36.h5', 'snapshots/snapshots_s37.h5', 'snapshots/snapshots_s38.h5', 'snapshots/snapshots_s39.h5', 'snapshots/snapshots_s40.h5']
napshots_s35.h5', 'snapshots/snapshots_s36.h5', 'snapshots/snapshots_s37.h5', 'snapshots/snapshots_s38.h5', 'snapshots/snapshots_s39.h5', 'snapshots/snapshots_s40.h5']
kappa 0.001781741612749496
nu 0.0012472191289246471
R_0 20.0
kappa 0.001781741612749496
nu 0.0012472191289246471
R_0 20.0
['snapshots/snapshots_s1.h5', 'snapshots/snapshots_s2.h5', 'snapshots/snapshots_s3.h5', 'snapshots/snapshots_s4.h5', 'snapshots/snapshots_s5.h5', 'snapshots/snapshots_s6.h5', 'snapshots/snapshots_s7.h5', 'snapshots/snapshots_s8.h5', 'snapshots/snapshots_s9.h5', 'snapshots/snapshots_s10.h5', 'snapshots/snapshots_s11.h5', 'snapshots/snapshots_s12.h5', 'snapshots/snapshots_s13.h5', 'snapshots/snapshots_s14.h5', 'snapshots/snapshots_s15.h5', 'snapshots/snapshots_s16.h5', 'snapshots/snapshots_s17.h5', 'snapshots/snapshots_s18.h5', 'snapshots/snapshots_s19.h5', 'snapshots/snapshots_s20.h5', 'snapshots/snapshots_s21.h5', 'snapshots/snapshots_s22.h5', 'snapshots/snapshots_s23.h5', 'snapshots/snapshots_s24.h5', 'snapshots/snapshots_s25.h5', 'snapshots/snapshots_s26.h5', 'snapshots/snapshots_s27.h5', 'snapshots/snapshots_s28.h5', 'snapshots/snapshots_s29.h5', 'snapshots/snapshots_s30.h5', 'snapshots/snapshots_s31.h5', 'snapshots/snapshots_s32.h5', 'snapshots/snapshots_s33.h5', 'snapshots/snapshots_s34.h5', 'snapshots/s['snapshots/snapshots_s1.h5', 'snapshots/snapshots_s2.h5', 'snapshots/snapshots_s3.h5', 'snapshots/snapshots_s4.h5', 'snapshots/snapshots_s5.h5', 'snapshots/snapshots_s6.h5', 'snapshots/snapshots_s7.h5', 'snapshots/snapshots_s8.h5', 'snapshots/snapshots_s9.h5', 'snapshots/snapshots_s10.h5', 'snapshots/snapshots_s11.h5', 'snapshots/snapshots_s12.h5', 'snapshots/snapshots_s13.h5', 'snapshots/snapshots_s14.h5', 'snapshots/snapshots_s15.h5', 'snapshots/snapshots_s16.h5', 'snapshots/snapshots_s17.h5', 'snapshots/snapshots_s18.h5', 'snapshots/snapshots_s19.h5', 'snapshots/snapshots_s20.h5', 'snapshots/snapshots_s21.h5', 'snapshots/snapshots_s22.h5', 'snapshots/snapshots_s23.h5', 'snapshots/snapshots_s24.h5', 'snapshots/snapshots_s25.h5', 'snapshots/snapshots_s26.h5', 'snapshots/snapshots_s27.h5', 'snapshots/snapshots_s28.h5', 'snapshots/snapshots_s29.h5', 'snapshots/snapshots_s30.h5', 'snapshots/snapshots_s31.h5', 'snapshots/snapshots_s32.h5', 'snapshots/snapshots_s33.h5', 'snapshots/snapshots_s34.h5', 'snapshots/snapshots_s35.h5', 'snapshots/snapshots_s36.h5', 'snapshots/snapshots_s37.h5', 'snapshots/snapshots_s38.h5', 'snapshots/snapshots_s39.h5', 'snapshots/snapshots_s40.h5']
napshots_s35.h5', 'snapshots/snapshots_s36.h5', 'snapshots/snapshots_s37.h5', 'snapshots/snapshots_s38.h5', 'snapshots/snapshots_s39.h5', 'snapshots/snapshots_s40.h5']
kappa 0.001781741612749496
nu 0.0012472191289246471
R_0 20.0
kappa 0.001781741612749496
nu 0.0012472191289246471
R_0 20.0
['snapshots/snapshots_s1.h5', 'snapshots/snapshots_s2.h5', 'snapshots/snapshots_s3.h5', 'snapshots/snapshots_s4.h5', 'snapshots/snapshots_s5.h5', 'snapshots/snapshots_s6.h5', 'snapshots/snapshots_s7.h5', 'snapshots/snapshots_s8.h5', 'snapshots/snapshots_s9.h5', 'snapshots/snapshots_s10.h5', 'snapshots/snapshots_s11.h5', 'snapshots/snapshots_s12.h5', 'snapshots/snapshots_s13.h5', 'snapshots/snapshots_s14.h5', 'snapshots/snapshots_s15.h5', 'snapshots/snapshots_s16.h5', 'snapshots/snapshots_s17.h5', 'snapshots/snapshots_s18.h5', 'snapshots/snapshots_s19.h5', 'snapshots/snapshots_s20.h5', 'snapshots/snapshots_s21.h5', 'snapshots/snapshots_s22.h5', 'snapshots/snapshots_s23.h5', 'snapshots/snapshots_s24.h5', 'snapshots/snapshots_s25.h5', 'snapshots/snapshots_s26.h5', 'snapshots/snapshots_s27.h5', 'snapshots/snapshots_s28.h5', 'snapshots/snapshots_s29.h5', 'snapshots/snapshots_s30.h5', 'snapshots/snapshots_s31.h5', 'snapshots/snapshots_s32.h5', 'snapshots/snapshots_s33.h5', 'snapshots/snapshots_s34.h5', 'snapshots/s['snapshots/snapshots_s1.h5', 'snapshots/snapshots_s2.h5', 'snapshots/snapshots_s3.h5', 'snapshots/snapshots_s4.h5', 'snapshots/snapshots_s5.h5', 'snapshots/snapshots_s6.h5', 'snapshots/snapshots_s7.h5', 'snapshots/snapshots_s8.h5', 'snapshots/snapshots_s9.h5', 'snapshots/snapshots_s10.h5', 'snapshots/snapshots_s11.h5', 'snapshots/snapshots_s12.h5', 'snapshots/snapshots_s13.h5', 'snapshots/snapshots_s14.h5', 'snapshots/snapshots_s15.h5', 'snapshots/snapshots_s16.h5', 'snapshots/snapshots_s17.h5', 'snapshots/snapshots_s18.h5', 'snapshots/snapshots_s19.h5', 'snapshots/snapshots_s20.h5', 'snapshots/snapshots_s21.h5', 'snapshots/snapshots_s22.h5', 'snapshots/snapshots_s23.h5', 'snapshots/snapshots_s24.h5', 'snapshots/snapshots_s25.h5', 'snapshots/snapshots_s26.h5', 'snapshots/snapshots_s27.h5', 'snapshots/snapshots_s28.h5', 'snapshots/snapshots_s29.h5', 'snapshots/snapshots_s30.h5', 'snapshots/snapshots_s31.h5', 'snapshots/snapshots_s32.h5', 'snapshots/snapshots_s33.h5', 'snapshots/snapshots_s34.h5', 'snapshots/snapshots_s35.h5', 'snapshots/snapshots_s36.h5', 'snapshots/snapshots_s37.h5', 'snapshots/snapshots_s38.h5', 'snapshots/snapshots_s39.h5', 'snapshots/snapshots_s40.h5']
napshots_s35.h5', 'snapshots/snapshots_s36.h5', 'snapshots/snapshots_s37.h5', 'snapshots/snapshots_s38.h5', 'snapshots/snapshots_s39.h5', 'snapshots/snapshots_s40.h5']
kappa 0.001781741612749496
nu 0.0012472191289246471
R_0 20.0
kappa 0.001781741612749496
nu 0.0012472191289246471
R_0 20.0
['snapshots/snapshots_s1.h5', 'snapshots/snapshots_s2.h5', 'snapshots/snapshots_s3.h5', 'snapshots/snapshots_s4.h5', 'snapshots/snapshots_s5.h5', 'snapshots/snapshots_s6.h5', 'snapshots/snapshots_s7.h5', 'snapshots/snapshots_s8.h5', 'snapshots/snapshots_s9.h5', 'snapshots/snapshots_s10.h5', 'snapshots/snapshots_s11.h5', 'snapshots/snapshots_s12.h5', 'snapshots/snapshots_s13.h5', 'snapshots/snapshots_s14.h5', 'snapshots/snapshots_s15.h5', 'snapshots/snapshots_s16.h5', 'snapshots/snapshots_s17.h5', 'snapshots/snapshots_s18.h5', 'snapshots/snapshots_s19.h5', 'snapshots/snapshots_s20.h5', 'snapshots/snapshots_s21.h5', 'snapshots/snapshots_s22.h5', 'snapshots/snapshots_s23.h5', 'snapshots/snapshots_s24.h5', 'snapshots/snapshots_s25.h5', 'snapshots/snapshots_s26.h5', 'snapshots/snapshots_s27.h5', 'snapshots/snapshots_s28.h5', 'snapshots/snapshots_s29.h5', 'snapshots/snapshots_s30.h5', 'snapshots/snapshots_s31.h5', 'snapshots/snapshots_s32.h5', 'snapshots/snapshots_s33.h5', 'snapshots/snapshots_s34.h5', 'snapshots/s['snapshots/snapshots_s1.h5', 'snapshots/snapshots_s2.h5', 'snapshots/snapshots_s3.h5', 'snapshots/snapshots_s4.h5', 'snapshots/snapshots_s5.h5', 'snapshots/snapshots_s6.h5', 'snapshots/snapshots_s7.h5', 'snapshots/snapshots_s8.h5', 'snapshots/snapshots_s9.h5', 'snapshots/snapshots_s10.h5', 'snapshots/snapshots_s11.h5', 'snapshots/snapshots_s12.h5', 'snapshots/snapshots_s13.h5', 'snapshots/snapshots_s14.h5', 'snapshots/snapshots_s15.h5', 'snapshots/snapshots_s16.h5', 'snapshots/snapshots_s17.h5', 'snapshots/snapshots_s18.h5', 'snapshots/snapshots_s19.h5', 'snapshots/snapshots_s20.h5', 'snapshots/snapshots_s21.h5', 'snapshots/snapshots_s22.h5', 'snapshots/snapshots_s23.h5', 'snapshots/snapshots_s24.h5', 'snapshots/snapshots_s25.h5', 'snapshots/snapshots_s26.h5', 'snapshots/snapshots_s27.h5', 'snapshots/snapshots_s28.h5', 'snapshots/snapshots_s29.h5', 'snapshots/snapshots_s30.h5', 'snapshots/snapshots_s31.h5', 'snapshots/snapshots_s32.h5', 'snapshots/snapshots_s33.h5', 'snapshots/snapshots_s34.h5', 'snapshots/snapshots_s35.h5', 'snapshots/snapshots_s36.h5', 'snapshots/snapshots_s37.h5', 'snapshots/snapshots_s38.h5', 'snapshots/snapshots_s39.h5', 'snapshots/snapshots_s40.h5']
napshots_s35.h5', 'snapshots/snapshots_s36.h5', 'snapshots/snapshots_s37.h5', 'snapshots/snapshots_s38.h5', 'snapshots/snapshots_s39.h5', 'snapshots/snapshots_s40.h5']
kappa 0.001781741612749496
nu 0.0012472191289246471
R_0 20.0
kappa 0.001781741612749496
nu 0.0012472191289246471
R_0 20.0
['snapshots/snapshots_s1.h5', 'snapshots/snapshots_s2.h5', 'snapshots/snapshots_s3.h5', 'snapshots/snapshots_s4.h5', 'snapshots/snapshots_s5.h5', 'snapshots/snapshots_s6.h5', 'snapshots/snapshots_s7.h5', 'snapshots/snapshots_s8.h5', 'snapshots/snapshots_s9.h5', 'snapshots/snapshots_s10.h5', 'snapshots/snapshots_s11.h5', 'snapshots/snapshots_s12.h5', 'snapshots/snapshots_s13.h5', 'snapshots/snapshots_s14.h5', 'snapshots/snapshots_s15.h5', 'snapshots/snapshots_s16.h5', 'snapshots/snapshots_s17.h5', 'snapshots/snapshots_s18.h5', 'snapshots/snapshots_s19.h5', 'snapshots/snapshots_s20.h5', 'snapshots/snapshots_s21.h5', 'snapshots/snapshots_s22.h5', 'snapshots/snapshots_s23.h5', 'snapshots/snapshots_s24.h5', 'snapshots/snapshots_s25.h5', 'snapshots/snapshots_s26.h5', 'snapshots/snapshots_s27.h5', 'snapshots/snapshots_s28.h5', 'snapshots/snapshots_s29.h5', 'snapshots/snapshots_s30.h5', 'snapshots/snapshots_s31.h5', 'snapshots/snapshots_s32.h5', 'snapshots/snapshots_s33.h5', 'snapshots/snapshots_s34.h5', 'snapshots/s['snapshots/snapshots_s1.h5', 'snapshots/snapshots_s2.h5', 'snapshots/snapshots_s3.h5', 'snapshots/snapshots_s4.h5', 'snapshots/snapshots_s5.h5', 'snapshots/snapshots_s6.h5', 'snapshots/snapshots_s7.h5', 'snapshots/snapshots_s8.h5', 'snapshots/snapshots_s9.h5', 'snapshots/snapshots_s10.h5', 'snapshots/snapshots_s11.h5', 'snapshots/snapshots_s12.h5', 'snapshots/snapshots_s13.h5', 'snapshots/snapshots_s14.h5', 'snapshots/snapshots_s15.h5', 'snapshots/snapshots_s16.h5', 'snapshots/snapshots_s17.h5', 'snapshots/snapshots_s18.h5', 'snapshots/snapshots_s19.h5', 'snapshots/snapshots_s20.h5', 'snapshots/snapshots_s21.h5', 'snapshots/snapshots_s22.h5', 'snapshots/snapshots_s23.h5', 'snapshots/snapshots_s24.h5', 'snapshots/snapshots_s25.h5', 'snapshots/snapshots_s26.h5', 'snapshots/snapshots_s27.h5', 'snapshots/snapshots_s28.h5', 'snapshots/snapshots_s29.h5', 'snapshots/snapshots_s30.h5', 'snapshots/snapshots_s31.h5', 'snapshots/snapshots_s32.h5', 'snapshots/snapshots_s33.h5', 'snapshots/snapshots_s34.h5', 'snapshots/snapshots_s35.h5', 'snapshots/snapshots_s36.h5', 'snapshots/snapshots_s37.h5', 'snapshots/snapshots_s38.h5', 'snapshots/snapshots_s39.h5', 'snapshots/snapshots_s40.h5']
napshots_s35.h5', 'snapshots/snapshots_s36.h5', 'snapshots/snapshots_s37.h5', 'snapshots/snapshots_s38.h5', 'snapshots/snapshots_s39.h5', 'snapshots/snapshots_s40.h5']
kappa 0.001781741612749496
nu 0.0012472191289246471
R_0 20.0
kappa 0.001781741612749496
nu 0.0012472191289246471
R_0 20.0
['snapshots/snapshots_s1.h5', 'snapshots/snapshots_s2.h5', 'snapshots/snapshots_s3.h5', 'snapshots/snapshots_s4.h5', 'snapshots/snapshots_s5.h5', 'snapshots/snapshots_s6.h5', 'snapshots/snapshots_s7.h5', 'snapshots/snapshots_s8.h5', 'snapshots/snapshots_s9.h5', 'snapshots/snapshots_s10.h5', 'snapshots/snapshots_s11.h5', 'snapshots/snapshots_s12.h5', 'snapshots/snapshots_s13.h5', 'snapshots/snapshots_s14.h5', 'snapshots/snapshots_s15.h5', 'snapshots/snapshots_s16.h5', 'snapshots/snapshots_s17.h5', 'snapshots/snapshots_s18.h5', 'snapshots/snapshots_s19.h5', 'snapshots/snapshots_s20.h5', 'snapshots/snapshots_s21.h5', 'snapshots/snapshots_s22.h5', 'snapshots/snapshots_s23.h5', 'snapshots/snapshots_s24.h5', 'snapshots/snapshots_s25.h5', 'snapshots/snapshots_s26.h5', 'snapshots/snapshots_s27.h5', 'snapshots/snapshots_s28.h5', 'snapshots/snapshots_s29.h5', 'snapshots/snapshots_s30.h5', 'snapshots/snapshots_s31.h5', 'snapshots/snapshots_s32.h5', 'snapshots/snapshots_s33.h5', 'snapshots/snapshots_s34.h5', 'snapshots/s['snapshots/snapshots_s1.h5', 'snapshots/snapshots_s2.h5', 'snapshots/snapshots_s3.h5', 'snapshots/snapshots_s4.h5', 'snapshots/snapshots_s5.h5', 'snapshots/snapshots_s6.h5', 'snapshots/snapshots_s7.h5', 'snapshots/snapshots_s8.h5', 'snapshots/snapshots_s9.h5', 'snapshots/snapshots_s10.h5', 'snapshots/snapshots_s11.h5', 'snapshots/snapshots_s12.h5', 'snapshots/snapshots_s13.h5', 'snapshots/snapshots_s14.h5', 'snapshots/snapshots_s15.h5', 'snapshots/snapshots_s16.h5', 'snapshots/snapshots_s17.h5', 'snapshots/snapshots_s18.h5', 'snapshots/snapshots_s19.h5', 'snapshots/snapshots_s20.h5', 'snapshots/snapshots_s21.h5', 'snapshots/snapshots_s22.h5', 'snapshots/snapshots_s23.h5', 'snapshots/snapshots_s24.h5', 'snapshots/snapshots_s25.h5', 'snapshots/snapshots_s26.h5', 'snapshots/snapshots_s27.h5', 'snapshots/snapshots_s28.h5', 'snapshots/snapshots_s29.h5', 'snapshots/snapshots_s30.h5', 'snapshots/snapshots_s31.h5', 'snapshots/snapshots_s32.h5', 'snapshots/snapshots_s33.h5', 'snapshots/snapshots_s34.h5', 'snapshots/snapshots_s35.h5', 'snapshots/snapshots_s36.h5', 'snapshots/snapshots_s37.h5', 'snapshots/snapshots_s38.h5', 'snapshots/snapshots_s39.h5', 'snapshots/snapshots_s40.h5']
napshots_s35.h5', 'snapshots/snapshots_s36.h5', 'snapshots/snapshots_s37.h5', 'snapshots/snapshots_s38.h5', 'snapshots/snapshots_s39.h5', 'snapshots/snapshots_s40.h5']
kappa 0.001781741612749496
nu 0.0012472191289246471
R_0 20.0
kappa 0.001781741612749496
nu 0.0012472191289246471
R_0 20.0
['snapshots/snapshots_s1.h5', 'snapshots/snapshots_s2.h5', 'snapshots/snapshots_s3.h5', 'snapshots/snapshots_s4.h5', 'snapshots/snapshots_s5.h5', 'snapshots/snapshots_s6.h5', 'snapshots/snapshots_s7.h5', 'snapshots/snapshots_s8.h5', 'snapshots/snapshots_s9.h5', 'snapshots/snapshots_s10.h5', 'snapshots/snapshots_s11.h5', 'snapshots/snapshots_s12.h5', 'snapshots/snapshots_s13.h5', 'snapshots/snapshots_s14.h5', 'snapshots/snapshots_s15.h5', 'snapshots/snapshots_s16.h5', 'snapshots/snapshots_s17.h5', 'snapshots/snapshots_s18.h5', 'snapshots/snapshots_s19.h5', 'snapshots/snapshots_s20.h5', 'snapshots/snapshots_s21.h5', 'snapshots/snapshots_s22.h5', 'snapshots/snapshots_s23.h5', 'snapshots/snapshots_s24.h5', 'snapshots/snapshots_s25.h5', 'snapshots/snapshots_s26.h5', 'snapshots/snapshots_s27.h5', 'snapshots/snapshots_s28.h5', 'snapshots/snapshots_s29.h5', 'snapshots/snapshots_s30.h5', 'snapshots/snapshots_s31.h5', 'snapshots/snapshots_s32.h5', 'snapshots/snapshots_s33.h5', 'snapshots/snapshots_s34.h5', 'snapshots/s['snapshots/snapshots_s1.h5', 'snapshots/snapshots_s2.h5', 'snapshots/snapshots_s3.h5', 'snapshots/snapshots_s4.h5', 'snapshots/snapshots_s5.h5', 'snapshots/snapshots_s6.h5', 'snapshots/snapshots_s7.h5', 'snapshots/snapshots_s8.h5', 'snapshots/snapshots_s9.h5', 'snapshots/snapshots_s10.h5', 'snapshots/snapshots_s11.h5', 'snapshots/snapshots_s12.h5', 'snapshots/snapshots_s13.h5', 'snapshots/snapshots_s14.h5', 'snapshots/snapshots_s15.h5', 'snapshots/snapshots_s16.h5', 'snapshots/snapshots_s17.h5', 'snapshots/snapshots_s18.h5', 'snapshots/snapshots_s19.h5', 'snapshots/snapshots_s20.h5', 'snapshots/snapshots_s21.h5', 'snapshots/snapshots_s22.h5', 'snapshots/snapshots_s23.h5', 'snapshots/snapshots_s24.h5', 'snapshots/snapshots_s25.h5', 'snapshots/snapshots_s26.h5', 'snapshots/snapshots_s27.h5', 'snapshots/snapshots_s28.h5', 'snapshots/snapshots_s29.h5', 'snapshots/snapshots_s30.h5', 'snapshots/snapshots_s31.h5', 'snapshots/snapshots_s32.h5', 'snapshots/snapshots_s33.h5', 'snapshots/snapshots_s34.h5', 'snapshots/snapshots_s35.h5', 'snapshots/snapshots_s36.h5', 'snapshots/snapshots_s37.h5', 'snapshots/snapshots_s38.h5', 'snapshots/snapshots_s39.h5', 'snapshots/snapshots_s40.h5']
napshots_s35.h5', 'snapshots/snapshots_s36.h5', 'snapshots/snapshots_s37.h5', 'snapshots/snapshots_s38.h5', 'snapshots/snapshots_s39.h5', 'snapshots/snapshots_s40.h5']
