No protocol specified
No protocol specified
No protocol specified
No protocol specified
kappa 0.0007142857142857143
nu 0.0005
R_0 20.0
2023-12-07 22:20:30,247 subsystems 0/32 INFO :: Building subproblem matrices 1/20 (~5%) Elapsed: 0s, Remaining: 4s, Rate: 4.3e+00/s
2023-12-07 22:20:30,357 subsystems 0/32 INFO :: Building subproblem matrices 2/20 (~10%) Elapsed: 0s, Remaining: 3s, Rate: 5.9e+00/s
2023-12-07 22:20:30,575 subsystems 0/32 INFO :: Building subproblem matrices 4/20 (~20%) Elapsed: 1s, Remaining: 2s, Rate: 7.1e+00/s
2023-12-07 22:20:30,792 subsystems 0/32 INFO :: Building subproblem matrices 6/20 (~30%) Elapsed: 1s, Remaining: 2s, Rate: 7.7e+00/s
2023-12-07 22:20:31,009 subsystems 0/32 INFO :: Building subproblem matrices 8/20 (~40%) Elapsed: 1s, Remaining: 1s, Rate: 8.1e+00/s
2023-12-07 22:20:31,225 subsystems 0/32 INFO :: Building subproblem matrices 10/20 (~50%) Elapsed: 1s, Remaining: 1s, Rate: 8.3e+00/s
2023-12-07 22:20:31,441 subsystems 0/32 INFO :: Building subproblem matrices 12/20 (~60%) Elapsed: 1s, Remaining: 1s, Rate: 8.4e+00/s
2023-12-07 22:20:31,657 subsystems 0/32 INFO :: Building subproblem matrices 14/20 (~70%) Elapsed: 2s, Remaining: 1s, Rate: 8.5e+00/s
2023-12-07 22:20:31,873 subsystems 0/32 INFO :: Building subproblem matrices 16/20 (~80%) Elapsed: 2s, Remaining: 0s, Rate: 8.6e+00/s
2023-12-07 22:20:32,090 subsystems 0/32 INFO :: Building subproblem matrices 18/20 (~90%) Elapsed: 2s, Remaining: 0s, Rate: 8.7e+00/s
2023-12-07 22:20:32,311 subsystems 0/32 INFO :: Building subproblem matrices 20/20 (~100%) Elapsed: 2s, Remaining: 0s, Rate: 8.7e+00/s
2023-12-07 22:20:40,786 __main__ 0/32 INFO :: Starting main loop
2023-12-07 22:20:45,125 __main__ 0/32 INFO :: Iteration=1, Time=1.000000e-01, dt=1.000000e-01, max(Re)=0.000000
2023-12-07 22:20:46,546 __main__ 0/32 INFO :: Iteration=11, Time=1.100000e+00, dt=1.000000e-01, max(Re)=0.143781
2023-12-07 22:20:53,444 __main__ 0/32 INFO :: Iteration=21, Time=2.200000e+00, dt=1.100000e-01, max(Re)=0.275320
2023-12-07 22:21:08,180 __main__ 0/32 INFO :: Iteration=31, Time=3.410000e+00, dt=1.210000e-01, max(Re)=0.558045
2023-12-07 22:21:20,003 __main__ 0/32 INFO :: Iteration=41, Time=4.620000e+00, dt=1.210000e-01, max(Re)=1.160698
2023-12-07 22:21:35,272 __main__ 0/32 INFO :: Iteration=51, Time=5.830000e+00, dt=1.210000e-01, max(Re)=2.512157
2023-12-07 22:21:49,115 __main__ 0/32 INFO :: Iteration=61, Time=7.040000e+00, dt=1.210000e-01, max(Re)=5.573269
2023-12-07 22:22:06,459 __main__ 0/32 INFO :: Iteration=71, Time=8.250000e+00, dt=1.210000e-01, max(Re)=12.607226
2023-12-07 22:22:12,387 __main__ 0/32 INFO :: Iteration=81, Time=9.460000e+00, dt=1.210000e-01, max(Re)=29.005843
2023-12-07 22:22:17,345 __main__ 0/32 INFO :: Iteration=91, Time=1.067000e+01, dt=1.210000e-01, max(Re)=67.527100
2023-12-07 22:22:22,039 __main__ 0/32 INFO :: Iteration=101, Time=1.188000e+01, dt=1.210000e-01, max(Re)=158.198437
2023-12-07 22:22:23,171 __main__ 0/32 INFO :: Iteration=111, Time=1.309000e+01, dt=1.210000e-01, max(Re)=376.302180
2023-12-07 22:22:23,688 __main__ 0/32 INFO :: Iteration=121, Time=1.366340e+01, dt=5.734043e-02, max(Re)=590.302862
2023-12-07 22:22:24,156 __main__ 0/32 INFO :: Iteration=131, Time=1.400905e+01, dt=3.456449e-02, max(Re)=756.245904
2023-12-07 22:22:24,626 __main__ 0/32 INFO :: Iteration=141, Time=1.426978e+01, dt=2.607340e-02, max(Re)=887.117455
2023-12-07 22:22:26,094 __main__ 0/32 INFO :: Iteration=151, Time=1.448148e+01, dt=2.116985e-02, max(Re)=984.513585
2023-12-07 22:22:31,753 __main__ 0/32 INFO :: Iteration=161, Time=1.466333e+01, dt=1.818471e-02, max(Re)=1048.632245
2023-12-07 22:22:32,787 __main__ 0/32 INFO :: Iteration=171, Time=1.482620e+01, dt=1.628667e-02, max(Re)=1080.551701
2023-12-07 22:22:33,219 __main__ 0/32 INFO :: Iteration=181, Time=1.497723e+01, dt=1.510332e-02, max(Re)=1083.002868
2023-12-07 22:22:38,297 __main__ 0/32 INFO :: Iteration=191, Time=1.512826e+01, dt=1.510332e-02, max(Re)=1094.024983
2023-12-07 22:22:45,099 __main__ 0/32 INFO :: Iteration=201, Time=1.526926e+01, dt=1.409946e-02, max(Re)=1152.190740
2023-12-07 22:22:45,489 __main__ 0/32 INFO :: Iteration=211, Time=1.541025e+01, dt=1.409946e-02, max(Re)=1197.677157
2023-12-07 22:22:51,595 __main__ 0/32 INFO :: Iteration=221, Time=1.554053e+01, dt=1.302769e-02, max(Re)=1222.292235
2023-12-07 22:22:51,953 __main__ 0/32 INFO :: Iteration=231, Time=1.567080e+01, dt=1.302769e-02, max(Re)=1233.935332
2023-12-07 22:22:58,431 __main__ 0/32 INFO :: Iteration=241, Time=1.580108e+01, dt=1.302769e-02, max(Re)=1235.746472
2023-12-07 22:22:58,805 __main__ 0/32 INFO :: Iteration=251, Time=1.593136e+01, dt=1.302769e-02, max(Re)=1230.084303
2023-12-07 22:23:04,192 __main__ 0/32 INFO :: Iteration=261, Time=1.606164e+01, dt=1.302769e-02, max(Re)=1219.174982
2023-12-07 22:23:04,563 __main__ 0/32 INFO :: Iteration=271, Time=1.619191e+01, dt=1.302769e-02, max(Re)=1227.675996
2023-12-07 22:23:10,327 __main__ 0/32 INFO :: Iteration=281, Time=1.632219e+01, dt=1.302769e-02, max(Re)=1254.376138
2023-12-07 22:23:10,690 __main__ 0/32 INFO :: Iteration=291, Time=1.645247e+01, dt=1.302769e-02, max(Re)=1269.131665
2023-12-07 22:23:16,911 __main__ 0/32 INFO :: Iteration=301, Time=1.657551e+01, dt=1.230416e-02, max(Re)=1274.118707
2023-12-07 22:23:17,269 __main__ 0/32 INFO :: Iteration=311, Time=1.669855e+01, dt=1.230416e-02, max(Re)=1272.198870
2023-12-07 22:23:21,699 __main__ 0/32 INFO :: Iteration=321, Time=1.682159e+01, dt=1.230416e-02, max(Re)=1267.576776
2023-12-07 22:23:22,080 __main__ 0/32 INFO :: Iteration=331, Time=1.694463e+01, dt=1.230416e-02, max(Re)=1258.977200
2023-12-07 22:23:26,854 __main__ 0/32 INFO :: Iteration=341, Time=1.706767e+01, dt=1.230416e-02, max(Re)=1245.406560
2023-12-07 22:23:27,278 __main__ 0/32 INFO :: Iteration=351, Time=1.719072e+01, dt=1.230416e-02, max(Re)=1233.149629
2023-12-07 22:23:33,770 __main__ 0/32 INFO :: Iteration=361, Time=1.731376e+01, dt=1.230416e-02, max(Re)=1226.317244
2023-12-07 22:23:34,132 __main__ 0/32 INFO :: Iteration=371, Time=1.743680e+01, dt=1.230416e-02, max(Re)=1214.579678
2023-12-07 22:23:34,509 __main__ 0/32 INFO :: Iteration=381, Time=1.755984e+01, dt=1.230416e-02, max(Re)=1200.264473
2023-12-07 22:23:34,947 __main__ 0/32 INFO :: Iteration=391, Time=1.768983e+01, dt=1.299906e-02, max(Re)=1183.873956
2023-12-07 22:23:38,537 __main__ 0/32 INFO :: Iteration=401, Time=1.781982e+01, dt=1.299906e-02, max(Re)=1167.241971
2023-12-07 22:23:38,893 __main__ 0/32 INFO :: Iteration=411, Time=1.794981e+01, dt=1.299906e-02, max(Re)=1150.814653
2023-12-07 22:23:40,337 __main__ 0/32 INFO :: Iteration=421, Time=1.807980e+01, dt=1.299906e-02, max(Re)=1136.468235
2023-12-07 22:23:40,771 __main__ 0/32 INFO :: Iteration=431, Time=1.821718e+01, dt=1.373802e-02, max(Re)=1125.867794
2023-12-07 22:23:46,078 __main__ 0/32 INFO :: Iteration=441, Time=1.835456e+01, dt=1.373802e-02, max(Re)=1121.697359
2023-12-07 22:23:46,443 __main__ 0/32 INFO :: Iteration=451, Time=1.849194e+01, dt=1.373802e-02, max(Re)=1116.972631
2023-12-07 22:23:51,567 __main__ 0/32 INFO :: Iteration=461, Time=1.862932e+01, dt=1.373802e-02, max(Re)=1110.082654
2023-12-07 22:23:52,005 __main__ 0/32 INFO :: Iteration=471, Time=1.875810e+01, dt=1.287792e-02, max(Re)=1103.671701
2023-12-07 22:23:56,705 __main__ 0/32 INFO :: Iteration=481, Time=1.888688e+01, dt=1.287792e-02, max(Re)=1096.053540
2023-12-07 22:24:01,212 __main__ 0/32 INFO :: Iteration=491, Time=1.902266e+01, dt=1.357766e-02, max(Re)=1123.430128
2023-12-07 22:24:01,576 __main__ 0/32 INFO :: Iteration=501, Time=1.915843e+01, dt=1.357766e-02, max(Re)=1146.418188
2023-12-07 22:24:06,311 __main__ 0/32 INFO :: Iteration=511, Time=1.928694e+01, dt=1.285004e-02, max(Re)=1149.804602
2023-12-07 22:24:06,674 __main__ 0/32 INFO :: Iteration=521, Time=1.941544e+01, dt=1.285004e-02, max(Re)=1143.181253
2023-12-07 22:24:12,742 __main__ 0/32 INFO :: Iteration=531, Time=1.953440e+01, dt=1.189633e-02, max(Re)=1133.365063
2023-12-07 22:24:13,102 __main__ 0/32 INFO :: Iteration=541, Time=1.965336e+01, dt=1.189633e-02, max(Re)=1124.433250
2023-12-07 22:24:19,112 __main__ 0/32 INFO :: Iteration=551, Time=1.977233e+01, dt=1.189633e-02, max(Re)=1116.271821
2023-12-07 22:24:19,477 __main__ 0/32 INFO :: Iteration=561, Time=1.989129e+01, dt=1.189633e-02, max(Re)=1106.672780
2023-12-07 22:24:19,841 __main__ 0/32 INFO :: Iteration=571, Time=2.001025e+01, dt=1.189633e-02, max(Re)=1107.886674
2023-12-07 22:24:25,654 __main__ 0/32 INFO :: Iteration=581, Time=2.013900e+01, dt=1.287495e-02, max(Re)=1107.818320
2023-12-07 22:24:31,656 __main__ 0/32 INFO :: Iteration=591, Time=2.027448e+01, dt=1.354811e-02, max(Re)=1107.190203
2023-12-07 22:24:32,033 __main__ 0/32 INFO :: Iteration=601, Time=2.040996e+01, dt=1.354811e-02, max(Re)=1105.008063
2023-12-07 22:24:38,492 __main__ 0/32 INFO :: Iteration=611, Time=2.054544e+01, dt=1.354811e-02, max(Re)=1100.706355
2023-12-07 22:24:38,857 __main__ 0/32 INFO :: Iteration=621, Time=2.068093e+01, dt=1.354811e-02, max(Re)=1094.335366
2023-12-07 22:24:39,940 __main__ 0/32 INFO :: Iteration=631, Time=2.081641e+01, dt=1.354811e-02, max(Re)=1087.608455
2023-12-07 22:24:40,308 __main__ 0/32 INFO :: Iteration=641, Time=2.095189e+01, dt=1.354811e-02, max(Re)=1089.824748
2023-12-07 22:24:41,694 __main__ 0/32 INFO :: Iteration=651, Time=2.108737e+01, dt=1.354811e-02, max(Re)=1126.835952
2023-12-07 22:24:42,067 __main__ 0/32 INFO :: Iteration=661, Time=2.122285e+01, dt=1.354811e-02, max(Re)=1144.559529
2023-12-07 22:24:45,013 __main__ 0/32 INFO :: Iteration=671, Time=2.135833e+01, dt=1.354811e-02, max(Re)=1141.499204
2023-12-07 22:24:45,388 __main__ 0/32 INFO :: Iteration=681, Time=2.149381e+01, dt=1.354811e-02, max(Re)=1134.229548
2023-12-07 22:24:46,199 __main__ 0/32 INFO :: Iteration=691, Time=2.162929e+01, dt=1.354811e-02, max(Re)=1116.863748
2023-12-07 22:24:49,113 __main__ 0/32 INFO :: Iteration=701, Time=2.177247e+01, dt=1.431791e-02, max(Re)=1093.723730
2023-12-07 22:24:49,485 __main__ 0/32 INFO :: Iteration=711, Time=2.191565e+01, dt=1.431791e-02, max(Re)=1072.792582
2023-12-07 22:24:53,507 __main__ 0/32 INFO :: Iteration=721, Time=2.205883e+01, dt=1.431791e-02, max(Re)=1050.848207
2023-12-07 22:24:53,901 __main__ 0/32 INFO :: Iteration=731, Time=2.220201e+01, dt=1.431791e-02, max(Re)=1031.880426
2023-12-07 22:24:56,133 __main__ 0/32 INFO :: Iteration=741, Time=2.234519e+01, dt=1.431791e-02, max(Re)=1009.062458
2023-12-07 22:24:56,490 __main__ 0/32 INFO :: Iteration=751, Time=2.248837e+01, dt=1.431791e-02, max(Re)=1012.486087
2023-12-07 22:24:58,284 __main__ 0/32 INFO :: Iteration=761, Time=2.263155e+01, dt=1.431791e-02, max(Re)=1011.664918
2023-12-07 22:24:59,797 __main__ 0/32 INFO :: Iteration=771, Time=2.277473e+01, dt=1.431791e-02, max(Re)=1001.821230
2023-12-07 22:25:00,162 __main__ 0/32 INFO :: Iteration=781, Time=2.291790e+01, dt=1.431791e-02, max(Re)=1000.202504
2023-12-07 22:25:03,760 __main__ 0/32 INFO :: Iteration=791, Time=2.306108e+01, dt=1.431791e-02, max(Re)=998.741694
2023-12-07 22:25:04,132 __main__ 0/32 INFO :: Iteration=801, Time=2.320426e+01, dt=1.431791e-02, max(Re)=997.132458
2023-12-07 22:25:05,754 __main__ 0/32 INFO :: Iteration=811, Time=2.334744e+01, dt=1.431791e-02, max(Re)=995.900482
2023-12-07 22:25:06,115 __main__ 0/32 INFO :: Iteration=821, Time=2.349062e+01, dt=1.431791e-02, max(Re)=994.059915
2023-12-07 22:25:08,943 __main__ 0/32 INFO :: Iteration=831, Time=2.363380e+01, dt=1.431791e-02, max(Re)=992.014753
2023-12-07 22:25:11,448 __main__ 0/32 INFO :: Iteration=841, Time=2.377698e+01, dt=1.431791e-02, max(Re)=989.429173
2023-12-07 22:25:11,803 __main__ 0/32 INFO :: Iteration=851, Time=2.392016e+01, dt=1.431791e-02, max(Re)=987.036457
2023-12-07 22:25:14,861 __main__ 0/32 INFO :: Iteration=861, Time=2.406334e+01, dt=1.431791e-02, max(Re)=984.483745
2023-12-07 22:25:15,225 __main__ 0/32 INFO :: Iteration=871, Time=2.420652e+01, dt=1.431791e-02, max(Re)=980.683763
2023-12-07 22:25:18,543 __main__ 0/32 INFO :: Iteration=881, Time=2.434970e+01, dt=1.431791e-02, max(Re)=975.916219
2023-12-07 22:25:18,903 __main__ 0/32 INFO :: Iteration=891, Time=2.449287e+01, dt=1.431791e-02, max(Re)=971.490627
2023-12-07 22:25:21,076 __main__ 0/32 INFO :: Iteration=901, Time=2.463605e+01, dt=1.431791e-02, max(Re)=970.655501
2023-12-07 22:25:24,251 __main__ 0/32 INFO :: Iteration=911, Time=2.477923e+01, dt=1.431791e-02, max(Re)=968.460254
2023-12-07 22:25:24,618 __main__ 0/32 INFO :: Iteration=921, Time=2.492241e+01, dt=1.431791e-02, max(Re)=965.812419
2023-12-07 22:25:25,695 __main__ 0/32 INFO :: Iteration=931, Time=2.506559e+01, dt=1.431791e-02, max(Re)=987.330187
2023-12-07 22:25:26,061 __main__ 0/32 INFO :: Iteration=941, Time=2.520877e+01, dt=1.431791e-02, max(Re)=1002.101121
2023-12-07 22:25:26,453 __main__ 0/32 INFO :: Iteration=951, Time=2.535195e+01, dt=1.431791e-02, max(Re)=1001.149881
2023-12-07 22:25:26,821 __main__ 0/32 INFO :: Iteration=961, Time=2.549513e+01, dt=1.431791e-02, max(Re)=997.615712
2023-12-07 22:25:27,201 __main__ 0/32 INFO :: Iteration=971, Time=2.563831e+01, dt=1.431791e-02, max(Re)=996.733511
2023-12-07 22:25:27,596 __main__ 0/32 INFO :: Iteration=981, Time=2.578149e+01, dt=1.431791e-02, max(Re)=1041.790891
2023-12-07 22:25:27,961 __main__ 0/32 INFO :: Iteration=991, Time=2.592466e+01, dt=1.431791e-02, max(Re)=1065.701920
2023-12-07 22:25:28,471 __main__ 0/32 INFO :: Iteration=1001, Time=2.606038e+01, dt=1.357133e-02, max(Re)=1066.524452
2023-12-07 22:25:28,838 __main__ 0/32 INFO :: Iteration=1011, Time=2.619609e+01, dt=1.357133e-02, max(Re)=1043.893851
2023-12-07 22:25:33,803 __main__ 0/32 INFO :: Iteration=1021, Time=2.633180e+01, dt=1.357133e-02, max(Re)=1004.991089
2023-12-07 22:25:34,162 __main__ 0/32 INFO :: Iteration=1031, Time=2.646752e+01, dt=1.357133e-02, max(Re)=954.771476
2023-12-07 22:25:39,384 __main__ 0/32 INFO :: Iteration=1041, Time=2.661627e+01, dt=1.487501e-02, max(Re)=958.383014
2023-12-07 22:25:44,769 __main__ 0/32 INFO :: Iteration=1051, Time=2.677588e+01, dt=1.596130e-02, max(Re)=964.363712
2023-12-07 22:25:45,135 __main__ 0/32 INFO :: Iteration=1061, Time=2.693549e+01, dt=1.596130e-02, max(Re)=969.125631
2023-12-07 22:25:52,230 __main__ 0/32 INFO :: Iteration=1071, Time=2.709511e+01, dt=1.596130e-02, max(Re)=972.309913
2023-12-07 22:25:52,600 __main__ 0/32 INFO :: Iteration=1081, Time=2.725472e+01, dt=1.596130e-02, max(Re)=973.734999
2023-12-07 22:25:58,888 __main__ 0/32 INFO :: Iteration=1091, Time=2.741433e+01, dt=1.596130e-02, max(Re)=973.925579
2023-12-07 22:26:04,861 __main__ 0/32 INFO :: Iteration=1101, Time=2.757395e+01, dt=1.596130e-02, max(Re)=972.317160
2023-12-07 22:26:05,233 __main__ 0/32 INFO :: Iteration=1111, Time=2.773356e+01, dt=1.596130e-02, max(Re)=968.825165
2023-12-07 22:26:12,715 __main__ 0/32 INFO :: Iteration=1121, Time=2.789317e+01, dt=1.596130e-02, max(Re)=964.780419
2023-12-07 22:26:20,066 __main__ 0/32 INFO :: Iteration=1131, Time=2.805279e+01, dt=1.596130e-02, max(Re)=959.293360
2023-12-07 22:26:20,427 __main__ 0/32 INFO :: Iteration=1141, Time=2.821240e+01, dt=1.596130e-02, max(Re)=952.629367
2023-12-07 22:26:26,499 __main__ 0/32 INFO :: Iteration=1151, Time=2.837201e+01, dt=1.596130e-02, max(Re)=945.338482
2023-12-07 22:26:26,926 __main__ 0/32 INFO :: Iteration=1161, Time=2.853162e+01, dt=1.596130e-02, max(Re)=937.089003
2023-12-07 22:26:27,296 __main__ 0/32 INFO :: Iteration=1171, Time=2.869124e+01, dt=1.596130e-02, max(Re)=928.204413
2023-12-07 22:26:32,777 __main__ 0/32 INFO :: Iteration=1181, Time=2.885956e+01, dt=1.683240e-02, max(Re)=917.432233
2023-12-07 22:26:36,613 __main__ 0/32 INFO :: Iteration=1191, Time=2.902789e+01, dt=1.683240e-02, max(Re)=906.094885
2023-12-07 22:26:36,981 __main__ 0/32 INFO :: Iteration=1201, Time=2.919621e+01, dt=1.683240e-02, max(Re)=893.685171
2023-12-07 22:26:41,614 __main__ 0/32 INFO :: Iteration=1211, Time=2.936453e+01, dt=1.683240e-02, max(Re)=887.351208
2023-12-07 22:26:46,812 __main__ 0/32 INFO :: Iteration=1221, Time=2.953286e+01, dt=1.683240e-02, max(Re)=882.390257
2023-12-07 22:26:47,247 __main__ 0/32 INFO :: Iteration=1231, Time=2.970983e+01, dt=1.769767e-02, max(Re)=878.922601
2023-12-07 22:26:53,039 __main__ 0/32 INFO :: Iteration=1241, Time=2.988681e+01, dt=1.769767e-02, max(Re)=877.403813
2023-12-07 22:26:54,329 __main__ 0/32 INFO :: Iteration=1251, Time=3.006379e+01, dt=1.769767e-02, max(Re)=877.168353
2023-12-07 22:26:54,693 __main__ 0/32 INFO :: Iteration=1261, Time=3.024076e+01, dt=1.769767e-02, max(Re)=876.417549
2023-12-07 22:26:56,788 __main__ 0/32 INFO :: Iteration=1271, Time=3.041774e+01, dt=1.769767e-02, max(Re)=872.480955
2023-12-07 22:26:57,206 __main__ 0/32 INFO :: Iteration=1281, Time=3.059472e+01, dt=1.769767e-02, max(Re)=864.562464
2023-12-07 22:27:03,214 __main__ 0/32 INFO :: Iteration=1291, Time=3.077169e+01, dt=1.769767e-02, max(Re)=852.455032
2023-12-07 22:27:03,578 __main__ 0/32 INFO :: Iteration=1301, Time=3.094867e+01, dt=1.769767e-02, max(Re)=854.459914
2023-12-07 22:27:09,200 __main__ 0/32 INFO :: Iteration=1311, Time=3.112565e+01, dt=1.769767e-02, max(Re)=871.768019
2023-12-07 22:27:14,804 __main__ 0/32 INFO :: Iteration=1321, Time=3.130262e+01, dt=1.769767e-02, max(Re)=914.817090
2023-12-07 22:27:15,164 __main__ 0/32 INFO :: Iteration=1331, Time=3.147960e+01, dt=1.769767e-02, max(Re)=938.436431
2023-12-07 22:27:22,175 __main__ 0/32 INFO :: Iteration=1341, Time=3.165658e+01, dt=1.769767e-02, max(Re)=916.797321
2023-12-07 22:27:27,222 __main__ 0/32 INFO :: Iteration=1351, Time=3.183355e+01, dt=1.769767e-02, max(Re)=974.678347
2023-12-07 22:27:27,666 __main__ 0/32 INFO :: Iteration=1361, Time=3.199329e+01, dt=1.597378e-02, max(Re)=1038.674905
2023-12-07 22:27:33,183 __main__ 0/32 INFO :: Iteration=1371, Time=3.214333e+01, dt=1.500387e-02, max(Re)=1079.688614
2023-12-07 22:27:39,497 __main__ 0/32 INFO :: Iteration=1381, Time=3.229337e+01, dt=1.500387e-02, max(Re)=1101.355090
2023-12-07 22:27:39,938 __main__ 0/32 INFO :: Iteration=1391, Time=3.243507e+01, dt=1.417008e-02, max(Re)=1105.629154
2023-12-07 22:27:46,892 __main__ 0/32 INFO :: Iteration=1401, Time=3.257677e+01, dt=1.417008e-02, max(Re)=1097.496571
2023-12-07 22:27:47,262 __main__ 0/32 INFO :: Iteration=1411, Time=3.271847e+01, dt=1.417008e-02, max(Re)=1080.599341
2023-12-07 22:27:54,352 __main__ 0/32 INFO :: Iteration=1421, Time=3.286017e+01, dt=1.417008e-02, max(Re)=1081.641417
2023-12-07 22:27:54,722 __main__ 0/32 INFO :: Iteration=1431, Time=3.300187e+01, dt=1.417008e-02, max(Re)=1089.205556
2023-12-07 22:28:02,278 __main__ 0/32 INFO :: Iteration=1441, Time=3.314357e+01, dt=1.417008e-02, max(Re)=1092.120399
2023-12-07 22:28:07,972 __main__ 0/32 INFO :: Iteration=1451, Time=3.328528e+01, dt=1.417008e-02, max(Re)=1088.977813
2023-12-07 22:28:08,349 __main__ 0/32 INFO :: Iteration=1461, Time=3.342698e+01, dt=1.417008e-02, max(Re)=1078.240288
2023-12-07 22:28:12,122 __main__ 0/32 INFO :: Iteration=1471, Time=3.356868e+01, dt=1.417008e-02, max(Re)=1062.248611
2023-12-07 22:28:12,495 __main__ 0/32 INFO :: Iteration=1481, Time=3.371038e+01, dt=1.417008e-02, max(Re)=1042.462879
2023-12-07 22:28:14,580 __main__ 0/32 INFO :: Iteration=1491, Time=3.385208e+01, dt=1.417008e-02, max(Re)=1020.085931
2023-12-07 22:28:14,958 __main__ 0/32 INFO :: Iteration=1501, Time=3.399378e+01, dt=1.417008e-02, max(Re)=995.310603
2023-12-07 22:28:17,039 __main__ 0/32 INFO :: Iteration=1511, Time=3.414645e+01, dt=1.526734e-02, max(Re)=998.695091
2023-12-07 22:28:21,143 __main__ 0/32 INFO :: Iteration=1521, Time=3.429913e+01, dt=1.526734e-02, max(Re)=1000.685783
2023-12-07 22:28:21,511 __main__ 0/32 INFO :: Iteration=1531, Time=3.445180e+01, dt=1.526734e-02, max(Re)=992.094277
2023-12-07 22:28:24,338 __main__ 0/32 INFO :: Iteration=1541, Time=3.460447e+01, dt=1.526734e-02, max(Re)=972.678262
2023-12-07 22:28:24,706 __main__ 0/32 INFO :: Iteration=1551, Time=3.475715e+01, dt=1.526734e-02, max(Re)=940.845019
2023-12-07 22:28:27,387 __main__ 0/32 INFO :: Iteration=1561, Time=3.492117e+01, dt=1.640194e-02, max(Re)=941.285103
2023-12-07 22:28:28,623 __main__ 0/32 INFO :: Iteration=1571, Time=3.508519e+01, dt=1.640194e-02, max(Re)=999.848763
2023-12-07 22:28:29,069 __main__ 0/32 INFO :: Iteration=1581, Time=3.526477e+01, dt=1.795805e-02, max(Re)=1012.757313
2023-12-07 22:28:30,489 __main__ 0/32 INFO :: Iteration=1591, Time=3.545409e+01, dt=1.893225e-02, max(Re)=989.631763
2023-12-07 22:28:33,599 __main__ 0/32 INFO :: Iteration=1601, Time=3.565691e+01, dt=2.028222e-02, max(Re)=943.590493
2023-12-07 22:28:36,740 __main__ 0/32 INFO :: Iteration=1611, Time=3.584309e+01, dt=1.861782e-02, max(Re)=888.754969
2023-12-07 22:28:37,189 __main__ 0/32 INFO :: Iteration=1621, Time=3.601288e+01, dt=1.697949e-02, max(Re)=915.483466
2023-12-07 22:28:40,518 __main__ 0/32 INFO :: Iteration=1631, Time=3.616926e+01, dt=1.563805e-02, max(Re)=932.323532
2023-12-07 22:28:43,728 __main__ 0/32 INFO :: Iteration=1641, Time=3.631515e+01, dt=1.458842e-02, max(Re)=948.115158
2023-12-07 22:28:44,167 __main__ 0/32 INFO :: Iteration=1651, Time=3.645266e+01, dt=1.375118e-02, max(Re)=952.554643
2023-12-07 22:28:46,780 __main__ 0/32 INFO :: Iteration=1661, Time=3.659017e+01, dt=1.375118e-02, max(Re)=953.302379
2023-12-07 22:28:47,223 __main__ 0/32 INFO :: Iteration=1671, Time=3.671627e+01, dt=1.260957e-02, max(Re)=950.198277
2023-12-07 22:28:50,331 __main__ 0/32 INFO :: Iteration=1681, Time=3.684236e+01, dt=1.260957e-02, max(Re)=941.376563
2023-12-07 22:28:50,701 __main__ 0/32 INFO :: Iteration=1691, Time=3.696846e+01, dt=1.260957e-02, max(Re)=946.975826
2023-12-07 22:28:54,309 __main__ 0/32 INFO :: Iteration=1701, Time=3.709455e+01, dt=1.260957e-02, max(Re)=951.352966
2023-12-07 22:28:54,677 __main__ 0/32 INFO :: Iteration=1711, Time=3.722065e+01, dt=1.260957e-02, max(Re)=950.669562
2023-12-07 22:28:56,872 __main__ 0/32 INFO :: Iteration=1721, Time=3.734675e+01, dt=1.260957e-02, max(Re)=944.898189
2023-12-07 22:28:57,240 __main__ 0/32 INFO :: Iteration=1731, Time=3.747284e+01, dt=1.260957e-02, max(Re)=934.905324
2023-12-07 22:28:58,111 __main__ 0/32 INFO :: Iteration=1741, Time=3.759894e+01, dt=1.260957e-02, max(Re)=926.165686
2023-12-07 22:28:58,476 __main__ 0/32 INFO :: Iteration=1751, Time=3.772503e+01, dt=1.260957e-02, max(Re)=924.970034
2023-12-07 22:28:58,888 __main__ 0/32 INFO :: Iteration=1761, Time=3.785113e+01, dt=1.260957e-02, max(Re)=924.598563
2023-12-07 22:28:59,329 __main__ 0/32 INFO :: Iteration=1771, Time=3.798444e+01, dt=1.333113e-02, max(Re)=920.532232
2023-12-07 22:29:00,060 __main__ 0/32 INFO :: Iteration=1781, Time=3.811775e+01, dt=1.333113e-02, max(Re)=911.894615
2023-12-07 22:29:00,496 __main__ 0/32 INFO :: Iteration=1791, Time=3.825887e+01, dt=1.411212e-02, max(Re)=900.049729
2023-12-07 22:29:00,891 __main__ 0/32 INFO :: Iteration=1801, Time=3.839999e+01, dt=1.411212e-02, max(Re)=887.560642
2023-12-07 22:29:05,724 __main__ 0/32 INFO :: Iteration=1811, Time=3.855168e+01, dt=1.516863e-02, max(Re)=870.750880
2023-12-07 22:29:06,092 __main__ 0/32 INFO :: Iteration=1821, Time=3.870337e+01, dt=1.516863e-02, max(Re)=852.624717
2023-12-07 22:29:09,987 __main__ 0/32 INFO :: Iteration=1831, Time=3.886691e+01, dt=1.635406e-02, max(Re)=832.429890
2023-12-07 22:29:12,612 __main__ 0/32 INFO :: Iteration=1841, Time=3.903045e+01, dt=1.635406e-02, max(Re)=842.588743
2023-12-07 22:29:12,984 __main__ 0/32 INFO :: Iteration=1851, Time=3.919399e+01, dt=1.635406e-02, max(Re)=850.003094
2023-12-07 22:29:16,820 __main__ 0/32 INFO :: Iteration=1861, Time=3.935753e+01, dt=1.635406e-02, max(Re)=854.153470
2023-12-07 22:29:19,415 __main__ 0/32 INFO :: Iteration=1871, Time=3.952107e+01, dt=1.635406e-02, max(Re)=856.051181
2023-12-07 22:29:19,794 __main__ 0/32 INFO :: Iteration=1881, Time=3.968461e+01, dt=1.635406e-02, max(Re)=855.382621
2023-12-07 22:29:25,749 __main__ 0/32 INFO :: Iteration=1891, Time=3.984815e+01, dt=1.635406e-02, max(Re)=851.807817
2023-12-07 22:29:26,123 __main__ 0/32 INFO :: Iteration=1901, Time=4.001169e+01, dt=1.635406e-02, max(Re)=845.383189
2023-12-07 22:29:33,488 __main__ 0/32 INFO :: Iteration=1911, Time=4.018401e+01, dt=1.723175e-02, max(Re)=835.477576
2023-12-07 22:29:37,556 __main__ 0/32 INFO :: Iteration=1921, Time=4.035633e+01, dt=1.723175e-02, max(Re)=822.586135
2023-12-07 22:29:43,139 __main__ 0/32 INFO :: Iteration=1931, Time=4.052864e+01, dt=1.723175e-02, max(Re)=806.511979
2023-12-07 22:29:43,600 __main__ 0/32 INFO :: Iteration=1941, Time=4.071145e+01, dt=1.828035e-02, max(Re)=787.779173
2023-12-07 22:29:49,467 __main__ 0/32 INFO :: Iteration=1951, Time=4.089425e+01, dt=1.828035e-02, max(Re)=768.025008
2023-12-07 22:29:57,266 __main__ 0/32 INFO :: Iteration=1961, Time=4.107705e+01, dt=1.828035e-02, max(Re)=748.578878
2023-12-07 22:29:57,629 __main__ 0/32 INFO :: Iteration=1971, Time=4.125986e+01, dt=1.828035e-02, max(Re)=743.368245
2023-12-07 22:29:58,042 __main__ 0/32 INFO :: Iteration=1981, Time=4.144266e+01, dt=1.828035e-02, max(Re)=753.708396
2023-12-07 22:30:03,863 __main__ 0/32 INFO :: Iteration=1991, Time=4.163513e+01, dt=1.924652e-02, max(Re)=766.006691
2023-12-07 22:30:10,530 __main__ 0/32 INFO :: Iteration=2001, Time=4.182759e+01, dt=1.924652e-02, max(Re)=776.776185
2023-12-07 22:30:16,269 __main__ 0/32 INFO :: Iteration=2011, Time=4.202006e+01, dt=1.924652e-02, max(Re)=785.036392
2023-12-07 22:30:16,645 __main__ 0/32 INFO :: Iteration=2021, Time=4.221252e+01, dt=1.924652e-02, max(Re)=790.091308
2023-12-07 22:30:22,634 __main__ 0/32 INFO :: Iteration=2031, Time=4.240499e+01, dt=1.924652e-02, max(Re)=791.109684
2023-12-07 22:30:23,015 __main__ 0/32 INFO :: Iteration=2041, Time=4.259745e+01, dt=1.924652e-02, max(Re)=783.787625
2023-12-07 22:30:23,403 __main__ 0/32 INFO :: Iteration=2051, Time=4.278992e+01, dt=1.924652e-02, max(Re)=768.940532
2023-12-07 22:30:23,770 __main__ 0/32 INFO :: Iteration=2061, Time=4.298238e+01, dt=1.924652e-02, max(Re)=747.867113
2023-12-07 22:30:27,515 __main__ 0/32 INFO :: Iteration=2071, Time=4.318647e+01, dt=2.040910e-02, max(Re)=720.744925
2023-12-07 22:30:30,992 __main__ 0/32 INFO :: Iteration=2081, Time=4.339057e+01, dt=2.040910e-02, max(Re)=692.569212
2023-12-07 22:30:34,565 __main__ 0/32 INFO :: Iteration=2091, Time=4.359466e+01, dt=2.040910e-02, max(Re)=667.091631
2023-12-07 22:30:38,807 __main__ 0/32 INFO :: Iteration=2101, Time=4.379875e+01, dt=2.040910e-02, max(Re)=651.530176
2023-12-07 22:30:39,172 __main__ 0/32 INFO :: Iteration=2111, Time=4.400284e+01, dt=2.040910e-02, max(Re)=649.630843
2023-12-07 22:30:45,647 __main__ 0/32 INFO :: Iteration=2121, Time=4.420693e+01, dt=2.040910e-02, max(Re)=650.963297
2023-12-07 22:30:48,869 __main__ 0/32 INFO :: Iteration=2131, Time=4.441102e+01, dt=2.040910e-02, max(Re)=660.017771
2023-12-07 22:30:54,714 __main__ 0/32 INFO :: Iteration=2141, Time=4.461511e+01, dt=2.040910e-02, max(Re)=682.180190
2023-12-07 22:31:00,973 __main__ 0/32 INFO :: Iteration=2151, Time=4.481920e+01, dt=2.040910e-02, max(Re)=703.589478
2023-12-07 22:31:06,917 __main__ 0/32 INFO :: Iteration=2161, Time=4.502329e+01, dt=2.040910e-02, max(Re)=724.575035
2023-12-07 22:31:07,362 __main__ 0/32 INFO :: Iteration=2171, Time=4.523794e+01, dt=2.146441e-02, max(Re)=743.255361
2023-12-07 22:31:07,921 __main__ 0/32 INFO :: Iteration=2181, Time=4.545258e+01, dt=2.146441e-02, max(Re)=757.076942
2023-12-07 22:31:13,648 __main__ 0/32 INFO :: Iteration=2191, Time=4.566723e+01, dt=2.146441e-02, max(Re)=761.542305
2023-12-07 22:31:21,177 __main__ 0/32 INFO :: Iteration=2201, Time=4.588187e+01, dt=2.146441e-02, max(Re)=754.342348
2023-12-07 22:31:23,022 __main__ 0/32 INFO :: Iteration=2211, Time=4.609651e+01, dt=2.146441e-02, max(Re)=735.731019
2023-12-07 22:31:25,269 __main__ 0/32 INFO :: Iteration=2221, Time=4.631116e+01, dt=2.146441e-02, max(Re)=717.983810
2023-12-07 22:31:28,901 __main__ 0/32 INFO :: Iteration=2231, Time=4.652580e+01, dt=2.146441e-02, max(Re)=719.647567
2023-12-07 22:31:29,274 __main__ 0/32 INFO :: Iteration=2241, Time=4.674045e+01, dt=2.146441e-02, max(Re)=720.966970
2023-12-07 22:31:32,415 __main__ 0/32 INFO :: Iteration=2251, Time=4.695509e+01, dt=2.146441e-02, max(Re)=722.434433
2023-12-07 22:31:35,842 __main__ 0/32 INFO :: Iteration=2261, Time=4.716973e+01, dt=2.146441e-02, max(Re)=724.039984
2023-12-07 22:31:39,501 __main__ 0/32 INFO :: Iteration=2271, Time=4.738438e+01, dt=2.146441e-02, max(Re)=725.482788
2023-12-07 22:31:42,694 __main__ 0/32 INFO :: Iteration=2281, Time=4.759902e+01, dt=2.146441e-02, max(Re)=726.889300
2023-12-07 22:31:43,924 __main__ 0/32 INFO :: Iteration=2291, Time=4.781367e+01, dt=2.146441e-02, max(Re)=728.521546
2023-12-07 22:31:46,828 __main__ 0/32 INFO :: Iteration=2301, Time=4.802831e+01, dt=2.146441e-02, max(Re)=729.490885
2023-12-07 22:31:47,193 __main__ 0/32 INFO :: Iteration=2311, Time=4.824295e+01, dt=2.146441e-02, max(Re)=730.127694
2023-12-07 22:31:48,810 __main__ 0/32 INFO :: Iteration=2321, Time=4.845760e+01, dt=2.146441e-02, max(Re)=730.258095
2023-12-07 22:31:51,360 __main__ 0/32 INFO :: Iteration=2331, Time=4.867224e+01, dt=2.146441e-02, max(Re)=729.414070
2023-12-07 22:31:54,847 __main__ 0/32 INFO :: Iteration=2341, Time=4.888689e+01, dt=2.146441e-02, max(Re)=728.236828
2023-12-07 22:31:56,219 __main__ 0/32 INFO :: Iteration=2351, Time=4.910153e+01, dt=2.146441e-02, max(Re)=725.960334
2023-12-07 22:31:58,985 __main__ 0/32 INFO :: Iteration=2361, Time=4.931617e+01, dt=2.146441e-02, max(Re)=723.100556
2023-12-07 22:32:02,441 __main__ 0/32 INFO :: Iteration=2371, Time=4.953082e+01, dt=2.146441e-02, max(Re)=719.214857
2023-12-07 22:32:02,811 __main__ 0/32 INFO :: Iteration=2381, Time=4.974546e+01, dt=2.146441e-02, max(Re)=714.414042
2023-12-07 22:32:05,982 __main__ 0/32 INFO :: Iteration=2391, Time=4.996011e+01, dt=2.146441e-02, max(Re)=708.444054
2023-12-07 22:32:06,892 __main__ 0/32 INFO :: Iteration=2401, Time=5.017475e+01, dt=2.146441e-02, max(Re)=701.505715
2023-12-07 22:32:07,291 __main__ 0/32 INFO :: Iteration=2411, Time=5.038940e+01, dt=2.146441e-02, max(Re)=692.984388
2023-12-07 22:32:07,678 __main__ 0/32 INFO :: Iteration=2421, Time=5.060404e+01, dt=2.146441e-02, max(Re)=683.428971
2023-12-07 22:32:08,139 __main__ 0/32 INFO :: Iteration=2431, Time=5.083162e+01, dt=2.275806e-02, max(Re)=672.289756
2023-12-07 22:32:08,549 __main__ 0/32 INFO :: Iteration=2441, Time=5.105920e+01, dt=2.275806e-02, max(Re)=659.244581
2023-12-07 22:32:09,344 __main__ 0/32 INFO :: Iteration=2451, Time=5.128678e+01, dt=2.275806e-02, max(Re)=645.386302
2023-12-07 22:32:13,871 __main__ 0/32 INFO :: Iteration=2461, Time=5.152807e+01, dt=2.412837e-02, max(Re)=629.993437
2023-12-07 22:32:14,234 __main__ 0/32 INFO :: Iteration=2471, Time=5.176935e+01, dt=2.412837e-02, max(Re)=613.109852
2023-12-07 22:32:19,788 __main__ 0/32 INFO :: Iteration=2481, Time=5.202354e+01, dt=2.541949e-02, max(Re)=595.863882
2023-12-07 22:32:29,811 __main__ 0/32 INFO :: Iteration=2491, Time=5.227774e+01, dt=2.541949e-02, max(Re)=578.620932
2023-12-07 22:32:35,738 __main__ 0/32 INFO :: Iteration=2501, Time=5.254737e+01, dt=2.696337e-02, max(Re)=578.768718
2023-12-07 22:32:42,718 __main__ 0/32 INFO :: Iteration=2511, Time=5.281701e+01, dt=2.696337e-02, max(Re)=593.930235
2023-12-07 22:32:48,478 __main__ 0/32 INFO :: Iteration=2521, Time=5.308664e+01, dt=2.696337e-02, max(Re)=606.368674
2023-12-07 22:32:53,310 __main__ 0/32 INFO :: Iteration=2531, Time=5.335627e+01, dt=2.696337e-02, max(Re)=614.302330
2023-12-07 22:32:54,869 __main__ 0/32 INFO :: Iteration=2541, Time=5.361004e+01, dt=2.537640e-02, max(Re)=617.604523
2023-12-07 22:33:03,252 __main__ 0/32 INFO :: Iteration=2551, Time=5.386380e+01, dt=2.537640e-02, max(Re)=616.542769
2023-12-07 22:33:06,783 __main__ 0/32 INFO :: Iteration=2561, Time=5.411757e+01, dt=2.537640e-02, max(Re)=611.651017
2023-12-07 22:33:12,300 __main__ 0/32 INFO :: Iteration=2571, Time=5.437133e+01, dt=2.537640e-02, max(Re)=603.137107
2023-12-07 22:33:18,627 __main__ 0/32 INFO :: Iteration=2581, Time=5.462509e+01, dt=2.537640e-02, max(Re)=592.033604
2023-12-07 22:33:21,125 __main__ 0/32 INFO :: Iteration=2591, Time=5.487886e+01, dt=2.537640e-02, max(Re)=578.480025
2023-12-07 22:33:23,951 __main__ 0/32 INFO :: Iteration=2601, Time=5.514862e+01, dt=2.697655e-02, max(Re)=562.319848
2023-12-07 22:33:27,774 __main__ 0/32 INFO :: Iteration=2611, Time=5.541839e+01, dt=2.697655e-02, max(Re)=545.016663
2023-12-07 22:33:30,048 __main__ 0/32 INFO :: Iteration=2621, Time=5.570479e+01, dt=2.863967e-02, max(Re)=526.338925
2023-12-07 22:33:30,996 __main__ 0/32 INFO :: Iteration=2631, Time=5.599118e+01, dt=2.863967e-02, max(Re)=507.746972
2023-12-07 22:33:40,073 __main__ 0/32 INFO :: Iteration=2641, Time=5.629858e+01, dt=3.073976e-02, max(Re)=488.925916
2023-12-07 22:33:42,432 __main__ 0/32 INFO :: Iteration=2651, Time=5.660598e+01, dt=3.073976e-02, max(Re)=471.237402
2023-12-07 22:33:49,242 __main__ 0/32 INFO :: Iteration=2661, Time=5.693723e+01, dt=3.312532e-02, max(Re)=454.009167
2023-12-07 22:33:55,174 __main__ 0/32 INFO :: Iteration=2671, Time=5.726848e+01, dt=3.312532e-02, max(Re)=438.652778
2023-12-07 22:34:01,801 __main__ 0/32 INFO :: Iteration=2681, Time=5.762420e+01, dt=3.557186e-02, max(Re)=424.427796
2023-12-07 22:34:07,057 __main__ 0/32 INFO :: Iteration=2691, Time=5.797992e+01, dt=3.557186e-02, max(Re)=411.487537
2023-12-07 22:34:13,832 __main__ 0/32 INFO :: Iteration=2701, Time=5.835871e+01, dt=3.787906e-02, max(Re)=399.741233
2023-12-07 22:34:17,460 __main__ 0/32 INFO :: Iteration=2711, Time=5.873750e+01, dt=3.787906e-02, max(Re)=388.392406
2023-12-07 22:34:21,310 __main__ 0/32 INFO :: Iteration=2721, Time=5.913834e+01, dt=4.008427e-02, max(Re)=376.651603
2023-12-07 22:34:24,498 __main__ 0/32 INFO :: Iteration=2731, Time=5.953919e+01, dt=4.008427e-02, max(Re)=374.842276
2023-12-07 22:34:29,553 __main__ 0/32 INFO :: Iteration=2741, Time=5.994003e+01, dt=4.008427e-02, max(Re)=374.172483
2023-12-07 22:34:35,278 __main__ 0/32 INFO :: Iteration=2751, Time=6.034087e+01, dt=4.008427e-02, max(Re)=373.308231
2023-12-07 22:34:37,341 __main__ 0/32 INFO :: Iteration=2761, Time=6.074172e+01, dt=4.008427e-02, max(Re)=372.155502
2023-12-07 22:34:43,147 __main__ 0/32 INFO :: Iteration=2771, Time=6.114256e+01, dt=4.008427e-02, max(Re)=370.496879
2023-12-07 22:34:48,121 __main__ 0/32 INFO :: Iteration=2781, Time=6.154340e+01, dt=4.008427e-02, max(Re)=368.523217
2023-12-07 22:34:50,042 __main__ 0/32 INFO :: Iteration=2791, Time=6.194424e+01, dt=4.008427e-02, max(Re)=366.206545
2023-12-07 22:34:56,259 __main__ 0/32 INFO :: Iteration=2801, Time=6.236666e+01, dt=4.224185e-02, max(Re)=363.829950
2023-12-07 22:34:56,909 __main__ 0/32 INFO :: Iteration=2811, Time=6.278908e+01, dt=4.224185e-02, max(Re)=361.171728
2023-12-07 22:34:57,313 __main__ 0/32 INFO :: Iteration=2821, Time=6.321150e+01, dt=4.224185e-02, max(Re)=357.286080
2023-12-07 22:34:57,715 __main__ 0/32 INFO :: Iteration=2831, Time=6.363392e+01, dt=4.224185e-02, max(Re)=354.364803
2023-12-07 22:34:58,120 __main__ 0/32 INFO :: Iteration=2841, Time=6.405634e+01, dt=4.224185e-02, max(Re)=350.882422
2023-12-07 22:34:58,514 __main__ 0/32 INFO :: Iteration=2851, Time=6.447875e+01, dt=4.224185e-02, max(Re)=347.278599
2023-12-07 22:34:59,001 __main__ 0/32 INFO :: Iteration=2861, Time=6.492478e+01, dt=4.460299e-02, max(Re)=343.074037
2023-12-07 22:34:59,396 __main__ 0/32 INFO :: Iteration=2871, Time=6.537081e+01, dt=4.460299e-02, max(Re)=337.914468
2023-12-07 22:34:59,800 __main__ 0/32 INFO :: Iteration=2881, Time=6.581684e+01, dt=4.460299e-02, max(Re)=331.865373
2023-12-07 22:35:00,174 __main__ 0/32 INFO :: Iteration=2891, Time=6.626287e+01, dt=4.460299e-02, max(Re)=324.977404
2023-12-07 22:35:00,653 __main__ 0/32 INFO :: Iteration=2901, Time=6.673816e+01, dt=4.752827e-02, max(Re)=316.327804
2023-12-07 22:35:14,060 __main__ 0/32 INFO :: Iteration=2911, Time=6.721344e+01, dt=4.752827e-02, max(Re)=306.219108
2023-12-07 22:35:23,050 __main__ 0/32 INFO :: Iteration=2921, Time=6.768872e+01, dt=4.752827e-02, max(Re)=294.699035
2023-12-07 22:35:26,719 __main__ 0/32 INFO :: Iteration=2931, Time=6.819694e+01, dt=5.082175e-02, max(Re)=281.410108
2023-12-07 22:35:35,419 __main__ 0/32 INFO :: Iteration=2941, Time=6.870516e+01, dt=5.082175e-02, max(Re)=275.730875
2023-12-07 22:35:46,954 __main__ 0/32 INFO :: Iteration=2951, Time=6.924807e+01, dt=5.429081e-02, max(Re)=266.486244
2023-12-07 22:35:52,158 __main__ 0/32 INFO :: Iteration=2961, Time=6.979097e+01, dt=5.429081e-02, max(Re)=255.147551
2023-12-07 22:36:08,283 __main__ 0/32 INFO :: Iteration=2971, Time=7.038591e+01, dt=5.949373e-02, max(Re)=241.450629
2023-12-07 22:36:13,347 __main__ 0/32 INFO :: Iteration=2981, Time=7.101772e+01, dt=6.318131e-02, max(Re)=226.288346
2023-12-07 22:36:19,119 __main__ 0/32 INFO :: Iteration=2991, Time=7.169536e+01, dt=6.776405e-02, max(Re)=218.122147
2023-12-07 22:36:24,087 __main__ 0/32 INFO :: Iteration=3001, Time=7.237301e+01, dt=6.776405e-02, max(Re)=210.214112
2023-12-07 22:36:29,586 __main__ 0/32 INFO :: Iteration=3011, Time=7.310851e+01, dt=7.355064e-02, max(Re)=201.484833
2023-12-07 22:36:36,178 __main__ 0/32 INFO :: Iteration=3021, Time=7.384402e+01, dt=7.355064e-02, max(Re)=192.604292
2023-12-07 22:36:44,983 __main__ 0/32 INFO :: Iteration=3031, Time=7.464817e+01, dt=8.041516e-02, max(Re)=181.979357
2023-12-07 22:36:48,580 __main__ 0/32 INFO :: Iteration=3041, Time=7.550008e+01, dt=8.519134e-02, max(Re)=169.454264
2023-12-07 22:36:49,481 __main__ 0/32 INFO :: Iteration=3051, Time=7.641545e+01, dt=9.153712e-02, max(Re)=154.325181
2023-12-07 22:36:50,197 __main__ 0/32 INFO :: Iteration=3061, Time=7.742064e+01, dt=1.005182e-01, max(Re)=136.089186
2023-12-07 22:36:50,781 __main__ 0/32 INFO :: Iteration=3071, Time=7.852634e+01, dt=1.105700e-01, max(Re)=117.250883
2023-12-07 22:37:04,942 __main__ 0/32 INFO :: Iteration=3081, Time=7.974261e+01, dt=1.216270e-01, max(Re)=113.019342
2023-12-07 22:37:14,275 __main__ 0/32 INFO :: Iteration=3091, Time=8.095888e+01, dt=1.216270e-01, max(Re)=106.772252
2023-12-07 22:37:18,379 __main__ 0/32 INFO :: Iteration=3101, Time=8.217515e+01, dt=1.216270e-01, max(Re)=98.747874
2023-12-07 22:37:35,375 __main__ 0/32 INFO :: Iteration=3111, Time=8.339142e+01, dt=1.216270e-01, max(Re)=86.520922
2023-12-07 22:37:44,956 __main__ 0/32 INFO :: Iteration=3121, Time=8.460769e+01, dt=1.216270e-01, max(Re)=74.560599
2023-12-07 22:37:54,723 __main__ 0/32 INFO :: Iteration=3131, Time=8.582396e+01, dt=1.216270e-01, max(Re)=74.686766
2023-12-07 22:38:04,620 __main__ 0/32 INFO :: Iteration=3141, Time=8.704023e+01, dt=1.216270e-01, max(Re)=69.691203
2023-12-07 22:38:07,956 __main__ 0/32 INFO :: Iteration=3151, Time=8.825650e+01, dt=1.216270e-01, max(Re)=59.473332
2023-12-07 22:38:08,604 __main__ 0/32 INFO :: Iteration=3161, Time=8.947277e+01, dt=1.216270e-01, max(Re)=54.258468
2023-12-07 22:38:09,135 __main__ 0/32 INFO :: Iteration=3171, Time=9.068904e+01, dt=1.216270e-01, max(Re)=55.888227
2023-12-07 22:38:09,726 __main__ 0/32 INFO :: Iteration=3181, Time=9.190531e+01, dt=1.216270e-01, max(Re)=61.426945
2023-12-07 22:38:13,100 __main__ 0/32 INFO :: Iteration=3191, Time=9.312158e+01, dt=1.216270e-01, max(Re)=65.256213
2023-12-07 22:38:30,597 __main__ 0/32 INFO :: Iteration=3201, Time=9.433785e+01, dt=1.216270e-01, max(Re)=69.391892
2023-12-07 22:38:37,417 __main__ 0/32 INFO :: Iteration=3211, Time=9.555412e+01, dt=1.216270e-01, max(Re)=68.062978
2023-12-07 22:38:50,665 __main__ 0/32 INFO :: Iteration=3221, Time=9.677039e+01, dt=1.216270e-01, max(Re)=61.020428
2023-12-07 22:38:55,764 __main__ 0/32 INFO :: Iteration=3231, Time=9.798666e+01, dt=1.216270e-01, max(Re)=55.469014
2023-12-07 22:39:01,442 __main__ 0/32 INFO :: Iteration=3241, Time=9.920293e+01, dt=1.216270e-01, max(Re)=49.029041
2023-12-07 22:39:03,725 __main__ 0/32 INFO :: Iteration=3251, Time=1.004192e+02, dt=1.216270e-01, max(Re)=42.075522
2023-12-07 22:39:04,322 __main__ 0/32 INFO :: Iteration=3261, Time=1.016355e+02, dt=1.216270e-01, max(Re)=39.793012
2023-12-07 22:39:04,927 __main__ 0/32 INFO :: Iteration=3271, Time=1.028517e+02, dt=1.216270e-01, max(Re)=43.727756
2023-12-07 22:39:05,493 __main__ 0/32 INFO :: Iteration=3281, Time=1.040680e+02, dt=1.216270e-01, max(Re)=44.402117
2023-12-07 22:39:06,139 __main__ 0/32 INFO :: Iteration=3291, Time=1.052843e+02, dt=1.216270e-01, max(Re)=42.006141
2023-12-07 22:39:15,992 __main__ 0/32 INFO :: Iteration=3301, Time=1.065006e+02, dt=1.216270e-01, max(Re)=41.771098
2023-12-07 22:39:33,439 __main__ 0/32 INFO :: Iteration=3311, Time=1.077168e+02, dt=1.216270e-01, max(Re)=44.185968
2023-12-07 22:39:47,911 __main__ 0/32 INFO :: Iteration=3321, Time=1.089331e+02, dt=1.216270e-01, max(Re)=43.822830
2023-12-07 22:39:55,947 __main__ 0/32 INFO :: Iteration=3331, Time=1.101494e+02, dt=1.216270e-01, max(Re)=41.644534
2023-12-07 22:39:59,553 __main__ 0/32 INFO :: Iteration=3341, Time=1.113656e+02, dt=1.216270e-01, max(Re)=44.184094
2023-12-07 22:40:10,692 __main__ 0/32 INFO :: Iteration=3351, Time=1.125819e+02, dt=1.216270e-01, max(Re)=45.419133
2023-12-07 22:40:11,933 __main__ 0/32 INFO :: Iteration=3361, Time=1.137982e+02, dt=1.216270e-01, max(Re)=45.513397
2023-12-07 22:40:12,545 __main__ 0/32 INFO :: Iteration=3371, Time=1.150144e+02, dt=1.216270e-01, max(Re)=44.454801
2023-12-07 22:40:13,075 __main__ 0/32 INFO :: Iteration=3381, Time=1.162307e+02, dt=1.216270e-01, max(Re)=42.255941
2023-12-07 22:40:47,569 __main__ 0/32 INFO :: Iteration=3391, Time=1.174470e+02, dt=1.216270e-01, max(Re)=39.062787
2023-12-07 22:40:53,172 __main__ 0/32 INFO :: Iteration=3401, Time=1.186633e+02, dt=1.216270e-01, max(Re)=35.130927
2023-12-07 22:40:58,460 __main__ 0/32 INFO :: Iteration=3411, Time=1.198795e+02, dt=1.216270e-01, max(Re)=32.198889
2023-12-07 22:41:14,228 __main__ 0/32 INFO :: Iteration=3421, Time=1.210958e+02, dt=1.216270e-01, max(Re)=31.294679
2023-12-07 22:41:20,537 __main__ 0/32 INFO :: Iteration=3431, Time=1.223121e+02, dt=1.216270e-01, max(Re)=29.492686
2023-12-07 22:41:25,583 __main__ 0/32 INFO :: Iteration=3441, Time=1.235283e+02, dt=1.216270e-01, max(Re)=31.562821
2023-12-07 22:41:26,315 __main__ 0/32 INFO :: Iteration=3451, Time=1.247446e+02, dt=1.216270e-01, max(Re)=30.886717
2023-12-07 22:41:27,706 __main__ 0/32 INFO :: Iteration=3461, Time=1.259609e+02, dt=1.216270e-01, max(Re)=27.429272
2023-12-07 22:41:28,276 __main__ 0/32 INFO :: Iteration=3471, Time=1.271771e+02, dt=1.216270e-01, max(Re)=23.470249
2023-12-07 22:41:28,834 __main__ 0/32 INFO :: Iteration=3481, Time=1.283934e+02, dt=1.216270e-01, max(Re)=23.479395
2023-12-07 22:41:29,368 __main__ 0/32 INFO :: Iteration=3491, Time=1.296097e+02, dt=1.216270e-01, max(Re)=27.952634
2023-12-07 22:41:29,898 __main__ 0/32 INFO :: Iteration=3501, Time=1.308260e+02, dt=1.216270e-01, max(Re)=30.038382
2023-12-07 22:41:30,437 __main__ 0/32 INFO :: Iteration=3511, Time=1.320422e+02, dt=1.216270e-01, max(Re)=29.595537
2023-12-07 22:41:30,997 __main__ 0/32 INFO :: Iteration=3521, Time=1.332585e+02, dt=1.216270e-01, max(Re)=26.912999
2023-12-07 22:41:45,363 __main__ 0/32 INFO :: Iteration=3531, Time=1.344748e+02, dt=1.216270e-01, max(Re)=22.682602
2023-12-07 22:41:54,260 __main__ 0/32 INFO :: Iteration=3541, Time=1.356910e+02, dt=1.216270e-01, max(Re)=19.282487
2023-12-07 22:41:58,666 __main__ 0/32 INFO :: Iteration=3551, Time=1.369073e+02, dt=1.216270e-01, max(Re)=17.349746
2023-12-07 22:42:00,809 __main__ 0/32 INFO :: Iteration=3561, Time=1.381236e+02, dt=1.216270e-01, max(Re)=16.057565
2023-12-07 22:42:01,393 __main__ 0/32 INFO :: Iteration=3571, Time=1.393398e+02, dt=1.216270e-01, max(Re)=16.951792
2023-12-07 22:42:01,990 __main__ 0/32 INFO :: Iteration=3581, Time=1.405561e+02, dt=1.216270e-01, max(Re)=17.780543
2023-12-07 22:42:02,572 __main__ 0/32 INFO :: Iteration=3591, Time=1.417724e+02, dt=1.216270e-01, max(Re)=18.944228
2023-12-07 22:42:06,921 __main__ 0/32 INFO :: Iteration=3601, Time=1.429887e+02, dt=1.216270e-01, max(Re)=21.953480
2023-12-07 22:42:20,574 __main__ 0/32 INFO :: Iteration=3611, Time=1.442049e+02, dt=1.216270e-01, max(Re)=23.184816
2023-12-07 22:42:32,097 __main__ 0/32 INFO :: Iteration=3621, Time=1.454212e+02, dt=1.216270e-01, max(Re)=22.364507
2023-12-07 22:42:47,204 __main__ 0/32 INFO :: Iteration=3631, Time=1.466375e+02, dt=1.216270e-01, max(Re)=19.718330
2023-12-07 22:42:52,719 __main__ 0/32 INFO :: Iteration=3641, Time=1.478537e+02, dt=1.216270e-01, max(Re)=15.873515
2023-12-07 22:42:58,228 __main__ 0/32 INFO :: Iteration=3651, Time=1.490700e+02, dt=1.216270e-01, max(Re)=16.791223
2023-12-07 22:43:03,902 __main__ 0/32 INFO :: Iteration=3661, Time=1.502863e+02, dt=1.216270e-01, max(Re)=17.340327
2023-12-07 22:43:04,579 __main__ 0/32 INFO :: Iteration=3671, Time=1.515025e+02, dt=1.216270e-01, max(Re)=17.320988
2023-12-07 22:43:05,442 __main__ 0/32 INFO :: Iteration=3681, Time=1.527188e+02, dt=1.216270e-01, max(Re)=16.559113
2023-12-07 22:43:06,276 __main__ 0/32 INFO :: Iteration=3691, Time=1.539351e+02, dt=1.216270e-01, max(Re)=15.571004
2023-12-07 22:43:12,637 __main__ 0/32 INFO :: Iteration=3701, Time=1.551514e+02, dt=1.216270e-01, max(Re)=14.558895
2023-12-07 22:43:18,152 __main__ 0/32 INFO :: Iteration=3711, Time=1.563676e+02, dt=1.216270e-01, max(Re)=13.912019
2023-12-07 22:43:38,253 __main__ 0/32 INFO :: Iteration=3721, Time=1.575839e+02, dt=1.216270e-01, max(Re)=13.930084
2023-12-07 22:43:52,634 __main__ 0/32 INFO :: Iteration=3731, Time=1.588002e+02, dt=1.216270e-01, max(Re)=13.781511
2023-12-07 22:43:59,940 __main__ 0/32 INFO :: Iteration=3741, Time=1.600164e+02, dt=1.216270e-01, max(Re)=14.330111
2023-12-07 22:44:04,568 __main__ 0/32 INFO :: Iteration=3751, Time=1.612327e+02, dt=1.216270e-01, max(Re)=14.637253
2023-12-07 22:44:09,076 __main__ 0/32 INFO :: Iteration=3761, Time=1.624490e+02, dt=1.216270e-01, max(Re)=14.333692
2023-12-07 22:44:10,484 __main__ 0/32 INFO :: Iteration=3771, Time=1.636652e+02, dt=1.216270e-01, max(Re)=13.356729
2023-12-07 22:44:11,222 __main__ 0/32 INFO :: Iteration=3781, Time=1.648815e+02, dt=1.216270e-01, max(Re)=11.746908
2023-12-07 22:44:11,924 __main__ 0/32 INFO :: Iteration=3791, Time=1.660978e+02, dt=1.216270e-01, max(Re)=10.750491
2023-12-07 22:44:12,845 __main__ 0/32 INFO :: Iteration=3801, Time=1.673141e+02, dt=1.216270e-01, max(Re)=12.552333
2023-12-07 22:44:13,434 __main__ 0/32 INFO :: Iteration=3811, Time=1.685303e+02, dt=1.216270e-01, max(Re)=14.232879
2023-12-07 22:44:29,420 __main__ 0/32 INFO :: Iteration=3821, Time=1.697466e+02, dt=1.216270e-01, max(Re)=15.345917
2023-12-07 22:44:50,263 __main__ 0/32 INFO :: Iteration=3831, Time=1.709629e+02, dt=1.216270e-01, max(Re)=15.682418
2023-12-07 22:44:53,706 __main__ 0/32 INFO :: Iteration=3841, Time=1.721791e+02, dt=1.216270e-01, max(Re)=15.176832
2023-12-07 22:44:58,838 __main__ 0/32 INFO :: Iteration=3851, Time=1.733954e+02, dt=1.216270e-01, max(Re)=13.879043
2023-12-07 22:45:07,200 __main__ 0/32 INFO :: Iteration=3861, Time=1.746117e+02, dt=1.216270e-01, max(Re)=11.941204
2023-12-07 22:45:10,953 __main__ 0/32 INFO :: Iteration=3871, Time=1.758279e+02, dt=1.216270e-01, max(Re)=9.586963
2023-12-07 22:45:11,701 __main__ 0/32 INFO :: Iteration=3881, Time=1.770442e+02, dt=1.216270e-01, max(Re)=8.390201
2023-12-07 22:45:25,670 __main__ 0/32 INFO :: Iteration=3891, Time=1.782605e+02, dt=1.216270e-01, max(Re)=7.340847
2023-12-07 22:45:38,736 __main__ 0/32 INFO :: Iteration=3901, Time=1.794768e+02, dt=1.216270e-01, max(Re)=8.423359
2023-12-07 22:45:48,750 __main__ 0/32 INFO :: Iteration=3911, Time=1.806930e+02, dt=1.216270e-01, max(Re)=9.157653
2023-12-07 22:46:04,791 __main__ 0/32 INFO :: Iteration=3921, Time=1.819093e+02, dt=1.216270e-01, max(Re)=9.251970
2023-12-07 22:46:16,632 __main__ 0/32 INFO :: Iteration=3931, Time=1.831256e+02, dt=1.216270e-01, max(Re)=8.612968
2023-12-07 22:46:26,669 __main__ 0/32 INFO :: Iteration=3941, Time=1.843418e+02, dt=1.216270e-01, max(Re)=8.233721
2023-12-07 22:46:36,405 __main__ 0/32 INFO :: Iteration=3951, Time=1.855581e+02, dt=1.216270e-01, max(Re)=8.219403
2023-12-07 22:46:41,241 __main__ 0/32 INFO :: Iteration=3961, Time=1.867744e+02, dt=1.216270e-01, max(Re)=8.066422
2023-12-07 22:46:44,354 __main__ 0/32 INFO :: Iteration=3971, Time=1.879907e+02, dt=1.216270e-01, max(Re)=8.210315
2023-12-07 22:46:45,395 __main__ 0/32 INFO :: Iteration=3981, Time=1.892069e+02, dt=1.216270e-01, max(Re)=8.830280
2023-12-07 22:46:58,837 __main__ 0/32 INFO :: Iteration=3991, Time=1.904232e+02, dt=1.216270e-01, max(Re)=9.183317
2023-12-07 22:47:12,534 __main__ 0/32 INFO :: Iteration=4001, Time=1.916395e+02, dt=1.216270e-01, max(Re)=9.225376
2023-12-07 22:47:32,684 __main__ 0/32 INFO :: Iteration=4011, Time=1.928557e+02, dt=1.216270e-01, max(Re)=8.987703
2023-12-07 22:47:35,864 __main__ 0/32 INFO :: Iteration=4021, Time=1.940720e+02, dt=1.216270e-01, max(Re)=8.535178
2023-12-07 22:48:00,066 __main__ 0/32 INFO :: Iteration=4031, Time=1.952883e+02, dt=1.216270e-01, max(Re)=8.057410
2023-12-07 22:48:19,724 __main__ 0/32 INFO :: Iteration=4041, Time=1.965045e+02, dt=1.216270e-01, max(Re)=7.744990
2023-12-07 22:48:22,670 __main__ 0/32 INFO :: Iteration=4051, Time=1.977208e+02, dt=1.216270e-01, max(Re)=7.485145
2023-12-07 22:48:30,221 __main__ 0/32 INFO :: Iteration=4061, Time=1.989371e+02, dt=1.216270e-01, max(Re)=7.156202
2023-12-07 22:48:40,405 __main__ 0/32 INFO :: Iteration=4071, Time=2.001534e+02, dt=1.216270e-01, max(Re)=6.647720
2023-12-07 22:48:40,853 __main__ 0/32 INFO :: Iteration=4081, Time=2.013696e+02, dt=1.216270e-01, max(Re)=6.287768
2023-12-07 22:48:41,353 __main__ 0/32 INFO :: Iteration=4091, Time=2.025859e+02, dt=1.216270e-01, max(Re)=6.043168
2023-12-07 22:48:41,844 __main__ 0/32 INFO :: Iteration=4101, Time=2.038022e+02, dt=1.216270e-01, max(Re)=5.908079
2023-12-07 22:48:42,315 __main__ 0/32 INFO :: Iteration=4111, Time=2.050184e+02, dt=1.216270e-01, max(Re)=5.853640
2023-12-07 22:48:47,542 __main__ 0/32 INFO :: Iteration=4121, Time=2.062347e+02, dt=1.216270e-01, max(Re)=5.696734
2023-12-07 22:49:05,553 __main__ 0/32 INFO :: Iteration=4131, Time=2.074510e+02, dt=1.216270e-01, max(Re)=5.981632
2023-12-07 22:49:17,699 __main__ 0/32 INFO :: Iteration=4141, Time=2.086672e+02, dt=1.216270e-01, max(Re)=5.989405
2023-12-07 22:49:23,046 __main__ 0/32 INFO :: Iteration=4151, Time=2.098835e+02, dt=1.216270e-01, max(Re)=5.720162
2023-12-07 22:49:28,532 __main__ 0/32 INFO :: Iteration=4161, Time=2.110998e+02, dt=1.216270e-01, max(Re)=5.220926
2023-12-07 22:49:33,068 __main__ 0/32 INFO :: Iteration=4171, Time=2.123161e+02, dt=1.216270e-01, max(Re)=4.538779
2023-12-07 22:49:35,034 __main__ 0/32 INFO :: Iteration=4181, Time=2.135323e+02, dt=1.216270e-01, max(Re)=3.961678
2023-12-07 22:49:35,725 __main__ 0/32 INFO :: Iteration=4191, Time=2.147486e+02, dt=1.216270e-01, max(Re)=4.036035
2023-12-07 22:49:36,808 __main__ 0/32 INFO :: Iteration=4201, Time=2.159649e+02, dt=1.216270e-01, max(Re)=4.090137
2023-12-07 22:49:57,541 __main__ 0/32 INFO :: Iteration=4211, Time=2.171811e+02, dt=1.216270e-01, max(Re)=3.929398
2023-12-07 22:50:08,170 __main__ 0/32 INFO :: Iteration=4221, Time=2.183974e+02, dt=1.216270e-01, max(Re)=3.554452
2023-12-07 22:50:22,933 __main__ 0/32 INFO :: Iteration=4231, Time=2.196137e+02, dt=1.216270e-01, max(Re)=3.823025
2023-12-07 22:50:36,025 __main__ 0/32 INFO :: Iteration=4241, Time=2.208299e+02, dt=1.216270e-01, max(Re)=4.049749
2023-12-07 22:50:41,242 __main__ 0/32 INFO :: Iteration=4251, Time=2.220462e+02, dt=1.216270e-01, max(Re)=3.988720
2023-12-07 22:50:46,223 __main__ 0/32 INFO :: Iteration=4261, Time=2.232625e+02, dt=1.216270e-01, max(Re)=3.689105
2023-12-07 22:50:53,936 __main__ 0/32 INFO :: Iteration=4271, Time=2.244788e+02, dt=1.216270e-01, max(Re)=3.758589
2023-12-07 22:50:55,046 __main__ 0/32 INFO :: Iteration=4281, Time=2.256950e+02, dt=1.216270e-01, max(Re)=4.332785
2023-12-07 22:50:55,649 __main__ 0/32 INFO :: Iteration=4291, Time=2.269113e+02, dt=1.216270e-01, max(Re)=4.805694
2023-12-07 22:50:56,227 __main__ 0/32 INFO :: Iteration=4301, Time=2.281276e+02, dt=1.216270e-01, max(Re)=5.224537
2023-12-07 22:50:56,764 __main__ 0/32 INFO :: Iteration=4311, Time=2.293438e+02, dt=1.216270e-01, max(Re)=5.402413
2023-12-07 22:50:57,742 __main__ 0/32 INFO :: Iteration=4321, Time=2.305601e+02, dt=1.216270e-01, max(Re)=5.341278
2023-12-07 22:50:58,799 __main__ 0/32 INFO :: Iteration=4331, Time=2.317764e+02, dt=1.216270e-01, max(Re)=5.079673
2023-12-07 22:51:12,346 __main__ 0/32 INFO :: Iteration=4341, Time=2.329926e+02, dt=1.216270e-01, max(Re)=4.691005
2023-12-07 22:51:25,354 __main__ 0/32 INFO :: Iteration=4351, Time=2.342089e+02, dt=1.216270e-01, max(Re)=4.405139
2023-12-07 22:51:25,913 __main__ 0/32 INFO :: Iteration=4361, Time=2.354252e+02, dt=1.216270e-01, max(Re)=4.485320
2023-12-07 22:51:30,747 __main__ 0/32 INFO :: Iteration=4371, Time=2.366415e+02, dt=1.216270e-01, max(Re)=4.401770
2023-12-07 22:51:38,267 __main__ 0/32 INFO :: Iteration=4381, Time=2.378577e+02, dt=1.216270e-01, max(Re)=4.376428
2023-12-07 22:51:38,810 __main__ 0/32 INFO :: Iteration=4391, Time=2.390740e+02, dt=1.216270e-01, max(Re)=4.190754
2023-12-07 22:51:39,382 __main__ 0/32 INFO :: Iteration=4401, Time=2.402903e+02, dt=1.216270e-01, max(Re)=3.882194
2023-12-07 22:51:40,312 __main__ 0/32 INFO :: Iteration=4411, Time=2.415065e+02, dt=1.216270e-01, max(Re)=4.138570
2023-12-07 22:51:57,454 __main__ 0/32 INFO :: Iteration=4421, Time=2.427228e+02, dt=1.216270e-01, max(Re)=4.672696
2023-12-07 22:52:14,725 __main__ 0/32 INFO :: Iteration=4431, Time=2.439391e+02, dt=1.216270e-01, max(Re)=5.087022
2023-12-07 22:52:38,496 __main__ 0/32 INFO :: Iteration=4441, Time=2.451553e+02, dt=1.216270e-01, max(Re)=5.336276
2023-12-07 22:52:51,420 __main__ 0/32 INFO :: Iteration=4451, Time=2.463716e+02, dt=1.216270e-01, max(Re)=5.398947
2023-12-07 22:52:52,261 __main__ 0/32 INFO :: Iteration=4461, Time=2.475879e+02, dt=1.216270e-01, max(Re)=5.271666
2023-12-07 22:53:02,224 __main__ 0/32 INFO :: Iteration=4471, Time=2.488042e+02, dt=1.216270e-01, max(Re)=4.969206
2023-12-07 22:53:09,935 __main__ 0/32 INFO :: Iteration=4481, Time=2.500204e+02, dt=1.216270e-01, max(Re)=4.524665
2023-12-07 22:53:11,122 __main__ 0/32 INFO :: Iteration=4491, Time=2.512367e+02, dt=1.216270e-01, max(Re)=3.999234
2023-12-07 22:53:11,822 __main__ 0/32 INFO :: Iteration=4501, Time=2.524530e+02, dt=1.216270e-01, max(Re)=3.565293
2023-12-07 22:53:12,378 __main__ 0/32 INFO :: Iteration=4511, Time=2.536692e+02, dt=1.216270e-01, max(Re)=3.630786
2023-12-07 22:53:13,088 __main__ 0/32 INFO :: Iteration=4521, Time=2.548855e+02, dt=1.216270e-01, max(Re)=3.794957
2023-12-07 22:53:14,346 __main__ 0/32 INFO :: Iteration=4531, Time=2.561018e+02, dt=1.216270e-01, max(Re)=3.852145
2023-12-07 22:53:24,730 __main__ 0/32 INFO :: Iteration=4541, Time=2.573181e+02, dt=1.216270e-01, max(Re)=3.772695
2023-12-07 22:53:54,672 __main__ 0/32 INFO :: Iteration=4551, Time=2.585343e+02, dt=1.216270e-01, max(Re)=3.548414
2023-12-07 22:54:03,814 __main__ 0/32 INFO :: Iteration=4561, Time=2.597506e+02, dt=1.216270e-01, max(Re)=3.190156
2023-12-07 22:54:11,799 __main__ 0/32 INFO :: Iteration=4571, Time=2.609669e+02, dt=1.216270e-01, max(Re)=2.724645
2023-12-07 22:54:19,489 __main__ 0/32 INFO :: Iteration=4581, Time=2.621831e+02, dt=1.216270e-01, max(Re)=2.192657
2023-12-07 22:54:24,876 __main__ 0/32 INFO :: Iteration=4591, Time=2.633994e+02, dt=1.216270e-01, max(Re)=1.790726
2023-12-07 22:54:25,370 __main__ 0/32 INFO :: Iteration=4601, Time=2.646157e+02, dt=1.216270e-01, max(Re)=1.893404
2023-12-07 22:54:25,952 __main__ 0/32 INFO :: Iteration=4611, Time=2.658319e+02, dt=1.216270e-01, max(Re)=1.952745
2023-12-07 22:54:27,237 __main__ 0/32 INFO :: Iteration=4621, Time=2.670482e+02, dt=1.216270e-01, max(Re)=1.919001
2023-12-07 22:54:40,275 __main__ 0/32 INFO :: Iteration=4631, Time=2.682645e+02, dt=1.216270e-01, max(Re)=1.766462
2023-12-07 22:55:04,204 __main__ 0/32 INFO :: Iteration=4641, Time=2.694808e+02, dt=1.216270e-01, max(Re)=1.701922
2023-12-07 22:55:18,441 __main__ 0/32 INFO :: Iteration=4651, Time=2.706970e+02, dt=1.216270e-01, max(Re)=1.705685
2023-12-07 22:55:29,765 __main__ 0/32 INFO :: Iteration=4661, Time=2.719133e+02, dt=1.216270e-01, max(Re)=1.625186
2023-12-07 22:55:41,637 __main__ 0/32 INFO :: Iteration=4671, Time=2.731296e+02, dt=1.216270e-01, max(Re)=1.483354
2023-12-07 22:55:45,110 __main__ 0/32 INFO :: Iteration=4681, Time=2.743458e+02, dt=1.216270e-01, max(Re)=1.307955
2023-12-07 22:55:54,032 __main__ 0/32 INFO :: Iteration=4691, Time=2.755621e+02, dt=1.216270e-01, max(Re)=1.284603
2023-12-07 22:55:54,593 __main__ 0/32 INFO :: Iteration=4701, Time=2.767784e+02, dt=1.216270e-01, max(Re)=1.598977
2023-12-07 22:55:55,226 __main__ 0/32 INFO :: Iteration=4711, Time=2.779946e+02, dt=1.216270e-01, max(Re)=1.930558
2023-12-07 22:55:55,784 __main__ 0/32 INFO :: Iteration=4721, Time=2.792109e+02, dt=1.216270e-01, max(Re)=2.188503
2023-12-07 22:55:56,387 __main__ 0/32 INFO :: Iteration=4731, Time=2.804272e+02, dt=1.216270e-01, max(Re)=2.321240
2023-12-07 22:55:56,929 __main__ 0/32 INFO :: Iteration=4741, Time=2.816435e+02, dt=1.216270e-01, max(Re)=2.335825
2023-12-07 22:56:02,759 __main__ 0/32 INFO :: Iteration=4751, Time=2.828597e+02, dt=1.216270e-01, max(Re)=2.250094
2023-12-07 22:56:18,633 __main__ 0/32 INFO :: Iteration=4761, Time=2.840760e+02, dt=1.216270e-01, max(Re)=2.090710
2023-12-07 22:56:29,047 __main__ 0/32 INFO :: Iteration=4771, Time=2.852923e+02, dt=1.216270e-01, max(Re)=2.036175
2023-12-07 22:56:39,266 __main__ 0/32 INFO :: Iteration=4781, Time=2.865085e+02, dt=1.216270e-01, max(Re)=2.260292
2023-12-07 22:56:47,445 __main__ 0/32 INFO :: Iteration=4791, Time=2.877248e+02, dt=1.216270e-01, max(Re)=2.483388
2023-12-07 22:56:47,930 __main__ 0/32 INFO :: Iteration=4801, Time=2.889411e+02, dt=1.216270e-01, max(Re)=2.658495
2023-12-07 22:56:48,409 __main__ 0/32 INFO :: Iteration=4811, Time=2.901573e+02, dt=1.216270e-01, max(Re)=2.762411
2023-12-07 22:56:48,879 __main__ 0/32 INFO :: Iteration=4821, Time=2.913736e+02, dt=1.216270e-01, max(Re)=2.785654
2023-12-07 22:56:49,322 __main__ 0/32 INFO :: Iteration=4831, Time=2.925899e+02, dt=1.216270e-01, max(Re)=2.731556
2023-12-07 22:56:54,093 __main__ 0/32 INFO :: Iteration=4841, Time=2.938062e+02, dt=1.216270e-01, max(Re)=2.618310
2023-12-07 22:57:02,691 __main__ 0/32 INFO :: Iteration=4851, Time=2.950224e+02, dt=1.216270e-01, max(Re)=2.488417
2023-12-07 22:57:14,636 __main__ 0/32 INFO :: Iteration=4861, Time=2.962387e+02, dt=1.216270e-01, max(Re)=2.411699
2023-12-07 22:57:20,287 __main__ 0/32 INFO :: Iteration=4871, Time=2.974550e+02, dt=1.216270e-01, max(Re)=2.374285
2023-12-07 22:57:22,744 __main__ 0/32 INFO :: Iteration=4881, Time=2.986712e+02, dt=1.216270e-01, max(Re)=2.323658
2023-12-07 22:57:25,978 __main__ 0/32 INFO :: Iteration=4891, Time=2.998875e+02, dt=1.216270e-01, max(Re)=2.240382
2023-12-07 22:57:27,111 __main__ 0/32 INFO :: Iteration=4901, Time=3.011038e+02, dt=1.216270e-01, max(Re)=2.124783
2023-12-07 22:57:27,753 __main__ 0/32 INFO :: Iteration=4911, Time=3.023200e+02, dt=1.216270e-01, max(Re)=1.986747
2023-12-07 22:57:28,857 __main__ 0/32 INFO :: Iteration=4921, Time=3.035363e+02, dt=1.216270e-01, max(Re)=1.843292
2023-12-07 22:57:29,382 __main__ 0/32 INFO :: Iteration=4931, Time=3.047526e+02, dt=1.216270e-01, max(Re)=1.743476
2023-12-07 22:57:48,843 __main__ 0/32 INFO :: Iteration=4941, Time=3.059689e+02, dt=1.216270e-01, max(Re)=1.796710
2023-12-07 22:58:10,723 __main__ 0/32 INFO :: Iteration=4951, Time=3.071851e+02, dt=1.216270e-01, max(Re)=1.787350
2023-12-07 22:58:23,230 __main__ 0/32 INFO :: Iteration=4961, Time=3.084014e+02, dt=1.216270e-01, max(Re)=1.751231
2023-12-07 22:58:26,944 __main__ 0/32 INFO :: Iteration=4971, Time=3.096177e+02, dt=1.216270e-01, max(Re)=1.719205
2023-12-07 22:58:32,896 __main__ 0/32 INFO :: Iteration=4981, Time=3.108339e+02, dt=1.216270e-01, max(Re)=1.625807
2023-12-07 22:58:38,058 __main__ 0/32 INFO :: Iteration=4991, Time=3.120502e+02, dt=1.216270e-01, max(Re)=1.473507
2023-12-07 22:58:39,021 __main__ 0/32 INFO :: Iteration=5001, Time=3.132665e+02, dt=1.216270e-01, max(Re)=1.480397
2023-12-07 22:58:39,743 __main__ 0/32 INFO :: Iteration=5011, Time=3.144827e+02, dt=1.216270e-01, max(Re)=1.485971
2023-12-07 22:58:40,225 __main__ 0/32 INFO :: Iteration=5021, Time=3.156990e+02, dt=1.216270e-01, max(Re)=1.490837
2023-12-07 22:58:40,690 __main__ 0/32 INFO :: Iteration=5031, Time=3.169153e+02, dt=1.216270e-01, max(Re)=1.468409
2023-12-07 22:58:46,435 __main__ 0/32 INFO :: Iteration=5041, Time=3.181316e+02, dt=1.216270e-01, max(Re)=1.404328
2023-12-07 22:59:00,398 __main__ 0/32 INFO :: Iteration=5051, Time=3.193478e+02, dt=1.216270e-01, max(Re)=1.404041
2023-12-07 22:59:05,307 __main__ 0/32 INFO :: Iteration=5061, Time=3.205641e+02, dt=1.216270e-01, max(Re)=1.447860
2023-12-07 22:59:16,200 __main__ 0/32 INFO :: Iteration=5071, Time=3.217804e+02, dt=1.216270e-01, max(Re)=1.461115
2023-12-07 22:59:18,023 __main__ 0/32 INFO :: Iteration=5081, Time=3.229966e+02, dt=1.216270e-01, max(Re)=1.435397
2023-12-07 22:59:30,148 __main__ 0/32 INFO :: Iteration=5091, Time=3.242129e+02, dt=1.216270e-01, max(Re)=1.368629
2023-12-07 22:59:37,234 __main__ 0/32 INFO :: Iteration=5101, Time=3.254292e+02, dt=1.216270e-01, max(Re)=1.263650
2023-12-07 22:59:37,724 __main__ 0/32 INFO :: Iteration=5111, Time=3.266455e+02, dt=1.216270e-01, max(Re)=1.127672
2023-12-07 22:59:38,201 __main__ 0/32 INFO :: Iteration=5121, Time=3.278617e+02, dt=1.216270e-01, max(Re)=1.029300
2023-12-07 22:59:38,675 __main__ 0/32 INFO :: Iteration=5131, Time=3.290780e+02, dt=1.216270e-01, max(Re)=1.073861
2023-12-07 22:59:39,143 __main__ 0/32 INFO :: Iteration=5141, Time=3.302943e+02, dt=1.216270e-01, max(Re)=1.090633
2023-12-07 22:59:39,615 __main__ 0/32 INFO :: Iteration=5151, Time=3.315105e+02, dt=1.216270e-01, max(Re)=1.072906
2023-12-07 22:59:40,086 __main__ 0/32 INFO :: Iteration=5161, Time=3.327268e+02, dt=1.216270e-01, max(Re)=1.018114
2023-12-07 22:59:40,557 __main__ 0/32 INFO :: Iteration=5171, Time=3.339431e+02, dt=1.216270e-01, max(Re)=0.927740
2023-12-07 22:59:53,507 __main__ 0/32 INFO :: Iteration=5181, Time=3.351593e+02, dt=1.216270e-01, max(Re)=0.807027
2023-12-07 23:00:02,241 __main__ 0/32 INFO :: Iteration=5191, Time=3.363756e+02, dt=1.216270e-01, max(Re)=0.699890
2023-12-07 23:00:09,203 __main__ 0/32 INFO :: Iteration=5201, Time=3.375919e+02, dt=1.216270e-01, max(Re)=0.773650
2023-12-07 23:00:09,950 __main__ 0/32 INFO :: Iteration=5211, Time=3.388082e+02, dt=1.216270e-01, max(Re)=0.823022
2023-12-07 23:00:10,442 __main__ 0/32 INFO :: Iteration=5221, Time=3.400244e+02, dt=1.216270e-01, max(Re)=0.849084
2023-12-07 23:00:10,905 __main__ 0/32 INFO :: Iteration=5231, Time=3.412407e+02, dt=1.216270e-01, max(Re)=0.853859
2023-12-07 23:00:11,376 __main__ 0/32 INFO :: Iteration=5241, Time=3.424570e+02, dt=1.216270e-01, max(Re)=0.839351
2023-12-07 23:00:20,422 __main__ 0/32 INFO :: Iteration=5251, Time=3.436732e+02, dt=1.216270e-01, max(Re)=0.808422
2023-12-07 23:00:45,042 __main__ 0/32 INFO :: Iteration=5261, Time=3.448895e+02, dt=1.216270e-01, max(Re)=0.782879
2023-12-07 23:00:45,492 __main__ 0/32 INFO :: Iteration=5271, Time=3.461058e+02, dt=1.216270e-01, max(Re)=0.775551
2023-12-07 23:00:53,381 __main__ 0/32 INFO :: Iteration=5281, Time=3.473220e+02, dt=1.216270e-01, max(Re)=0.753424
2023-12-07 23:00:58,821 __main__ 0/32 INFO :: Iteration=5291, Time=3.485383e+02, dt=1.216270e-01, max(Re)=0.757390
2023-12-07 23:01:06,249 __main__ 0/32 INFO :: Iteration=5301, Time=3.497546e+02, dt=1.216270e-01, max(Re)=0.753677
2023-12-07 23:01:10,012 __main__ 0/32 INFO :: Iteration=5311, Time=3.509709e+02, dt=1.216270e-01, max(Re)=0.730626
2023-12-07 23:01:10,610 __main__ 0/32 INFO :: Iteration=5321, Time=3.521871e+02, dt=1.216270e-01, max(Re)=0.834651
2023-12-07 23:01:11,160 __main__ 0/32 INFO :: Iteration=5331, Time=3.534034e+02, dt=1.216270e-01, max(Re)=0.942992
2023-12-07 23:01:11,768 __main__ 0/32 INFO :: Iteration=5341, Time=3.546197e+02, dt=1.216270e-01, max(Re)=1.022861
2023-12-07 23:01:25,850 __main__ 0/32 INFO :: Iteration=5351, Time=3.558359e+02, dt=1.216270e-01, max(Re)=1.069902
2023-12-07 23:01:46,314 __main__ 0/32 INFO :: Iteration=5361, Time=3.570522e+02, dt=1.216270e-01, max(Re)=1.085560
2023-12-07 23:02:16,682 __main__ 0/32 INFO :: Iteration=5371, Time=3.582685e+02, dt=1.216270e-01, max(Re)=1.075627
2023-12-07 23:02:27,302 __main__ 0/32 INFO :: Iteration=5381, Time=3.594847e+02, dt=1.216270e-01, max(Re)=1.050939
2023-12-07 23:02:35,046 __main__ 0/32 INFO :: Iteration=5391, Time=3.607010e+02, dt=1.216270e-01, max(Re)=1.033873
2023-12-07 23:02:38,990 __main__ 0/32 INFO :: Iteration=5401, Time=3.619173e+02, dt=1.216270e-01, max(Re)=1.083881
2023-12-07 23:02:41,119 __main__ 0/32 INFO :: Iteration=5411, Time=3.631336e+02, dt=1.216270e-01, max(Re)=1.178532
2023-12-07 23:02:41,625 __main__ 0/32 INFO :: Iteration=5421, Time=3.643498e+02, dt=1.216270e-01, max(Re)=1.255147
2023-12-07 23:02:42,133 __main__ 0/32 INFO :: Iteration=5431, Time=3.655661e+02, dt=1.216270e-01, max(Re)=1.304810
2023-12-07 23:02:42,640 __main__ 0/32 INFO :: Iteration=5441, Time=3.667824e+02, dt=1.216270e-01, max(Re)=1.324706
2023-12-07 23:02:48,235 __main__ 0/32 INFO :: Iteration=5451, Time=3.679986e+02, dt=1.216270e-01, max(Re)=1.315618
2023-12-07 23:03:08,690 __main__ 0/32 INFO :: Iteration=5461, Time=3.692149e+02, dt=1.216270e-01, max(Re)=1.281666
2023-12-07 23:03:27,061 __main__ 0/32 INFO :: Iteration=5471, Time=3.704312e+02, dt=1.216270e-01, max(Re)=1.231582
2023-12-07 23:03:40,465 __main__ 0/32 INFO :: Iteration=5481, Time=3.716474e+02, dt=1.216270e-01, max(Re)=1.186017
2023-12-07 23:03:50,531 __main__ 0/32 INFO :: Iteration=5491, Time=3.728637e+02, dt=1.216270e-01, max(Re)=1.167665
2023-12-07 23:03:53,807 __main__ 0/32 INFO :: Iteration=5501, Time=3.740800e+02, dt=1.216270e-01, max(Re)=1.152231
2023-12-07 23:04:00,516 __main__ 0/32 INFO :: Iteration=5511, Time=3.752963e+02, dt=1.216270e-01, max(Re)=1.124470
2023-12-07 23:04:01,141 __main__ 0/32 INFO :: Iteration=5521, Time=3.765125e+02, dt=1.216270e-01, max(Re)=1.081121
2023-12-07 23:04:01,760 __main__ 0/32 INFO :: Iteration=5531, Time=3.777288e+02, dt=1.216270e-01, max(Re)=1.024172
2023-12-07 23:04:02,838 __main__ 0/32 INFO :: Iteration=5541, Time=3.789451e+02, dt=1.216270e-01, max(Re)=0.960552
2023-12-07 23:04:03,471 __main__ 0/32 INFO :: Iteration=5551, Time=3.801613e+02, dt=1.216270e-01, max(Re)=0.903608
2023-12-07 23:04:10,292 __main__ 0/32 INFO :: Iteration=5561, Time=3.813776e+02, dt=1.216270e-01, max(Re)=0.863502
2023-12-07 23:04:20,390 __main__ 0/32 INFO :: Iteration=5571, Time=3.825939e+02, dt=1.216270e-01, max(Re)=0.831226
2023-12-07 23:04:25,241 __main__ 0/32 INFO :: Iteration=5581, Time=3.838101e+02, dt=1.216270e-01, max(Re)=0.794251
2023-12-07 23:04:28,032 __main__ 0/32 INFO :: Iteration=5591, Time=3.850264e+02, dt=1.216270e-01, max(Re)=0.746526
2023-12-07 23:04:31,085 __main__ 0/32 INFO :: Iteration=5601, Time=3.862427e+02, dt=1.216270e-01, max(Re)=0.686303
2023-12-07 23:04:39,427 __main__ 0/32 INFO :: Iteration=5611, Time=3.874590e+02, dt=1.216270e-01, max(Re)=0.614430
2023-12-07 23:04:40,971 __main__ 0/32 INFO :: Iteration=5621, Time=3.886752e+02, dt=1.216270e-01, max(Re)=0.534059
2023-12-07 23:04:41,538 __main__ 0/32 INFO :: Iteration=5631, Time=3.898915e+02, dt=1.216270e-01, max(Re)=0.452154
2023-12-07 23:04:42,030 __main__ 0/32 INFO :: Iteration=5641, Time=3.911078e+02, dt=1.216270e-01, max(Re)=0.393507
2023-12-07 23:04:42,592 __main__ 0/32 INFO :: Iteration=5651, Time=3.923240e+02, dt=1.216270e-01, max(Re)=0.372398
2023-12-07 23:04:43,182 __main__ 0/32 INFO :: Iteration=5661, Time=3.935403e+02, dt=1.216270e-01, max(Re)=0.350763
2023-12-07 23:04:43,738 __main__ 0/32 INFO :: Iteration=5671, Time=3.947566e+02, dt=1.216270e-01, max(Re)=0.320877
2023-12-07 23:04:50,505 __main__ 0/32 INFO :: Iteration=5681, Time=3.959728e+02, dt=1.216270e-01, max(Re)=0.281566
2023-12-07 23:05:01,328 __main__ 0/32 INFO :: Iteration=5691, Time=3.971891e+02, dt=1.216270e-01, max(Re)=0.234479
2023-12-07 23:05:04,313 __main__ 0/32 INFO :: Iteration=5701, Time=3.984054e+02, dt=1.216270e-01, max(Re)=0.218209
2023-12-07 23:05:11,240 __main__ 0/32 INFO :: Iteration=5711, Time=3.996217e+02, dt=1.216270e-01, max(Re)=0.226810
2023-12-07 23:05:12,813 __main__ 0/32 INFO :: Iteration=5721, Time=4.008379e+02, dt=1.216270e-01, max(Re)=0.264978
2023-12-07 23:05:13,418 __main__ 0/32 INFO :: Iteration=5731, Time=4.020542e+02, dt=1.216270e-01, max(Re)=0.306328
2023-12-07 23:05:13,993 __main__ 0/32 INFO :: Iteration=5741, Time=4.032705e+02, dt=1.216270e-01, max(Re)=0.351005
2023-12-07 23:05:15,845 __main__ 0/32 INFO :: Iteration=5751, Time=4.044867e+02, dt=1.216270e-01, max(Re)=0.389332
2023-12-07 23:05:18,089 __main__ 0/32 INFO :: Iteration=5761, Time=4.057030e+02, dt=1.216270e-01, max(Re)=0.419032
2023-12-07 23:05:35,373 __main__ 0/32 INFO :: Iteration=5771, Time=4.069193e+02, dt=1.216270e-01, max(Re)=0.439687
2023-12-07 23:05:51,167 __main__ 0/32 INFO :: Iteration=5781, Time=4.081356e+02, dt=1.216270e-01, max(Re)=0.452004
2023-12-07 23:06:03,562 __main__ 0/32 INFO :: Iteration=5791, Time=4.093518e+02, dt=1.216270e-01, max(Re)=0.460913
2023-12-07 23:06:08,141 __main__ 0/32 INFO :: Iteration=5801, Time=4.105681e+02, dt=1.216270e-01, max(Re)=0.489156
2023-12-07 23:06:18,281 __main__ 0/32 INFO :: Iteration=5811, Time=4.117844e+02, dt=1.216270e-01, max(Re)=0.515869
2023-12-07 23:06:23,905 __main__ 0/32 INFO :: Iteration=5821, Time=4.130006e+02, dt=1.216270e-01, max(Re)=0.546247
2023-12-07 23:06:24,674 __main__ 0/32 INFO :: Iteration=5831, Time=4.142169e+02, dt=1.216270e-01, max(Re)=0.577896
2023-12-07 23:06:25,319 __main__ 0/32 INFO :: Iteration=5841, Time=4.154332e+02, dt=1.216270e-01, max(Re)=0.602867
2023-12-07 23:06:32,886 __main__ 0/32 INFO :: Iteration=5851, Time=4.166494e+02, dt=1.216270e-01, max(Re)=0.618446
2023-12-07 23:06:42,578 __main__ 0/32 INFO :: Iteration=5861, Time=4.178657e+02, dt=1.216270e-01, max(Re)=0.625015
2023-12-07 23:06:49,112 __main__ 0/32 INFO :: Iteration=5871, Time=4.190820e+02, dt=1.216270e-01, max(Re)=0.625252
2023-12-07 23:06:55,987 __main__ 0/32 INFO :: Iteration=5881, Time=4.202983e+02, dt=1.216270e-01, max(Re)=0.626562
2023-12-07 23:07:09,228 __main__ 0/32 INFO :: Iteration=5891, Time=4.215145e+02, dt=1.216270e-01, max(Re)=0.631885
2023-12-07 23:07:13,628 __main__ 0/32 INFO :: Iteration=5901, Time=4.227308e+02, dt=1.216270e-01, max(Re)=0.632385
2023-12-07 23:07:14,259 __main__ 0/32 INFO :: Iteration=5911, Time=4.239471e+02, dt=1.216270e-01, max(Re)=0.625991
2023-12-07 23:07:20,083 __main__ 0/32 INFO :: Iteration=5921, Time=4.251633e+02, dt=1.216270e-01, max(Re)=0.612154
2023-12-07 23:07:20,614 __main__ 0/32 INFO :: Iteration=5931, Time=4.263796e+02, dt=1.216270e-01, max(Re)=0.591217
2023-12-07 23:07:21,143 __main__ 0/32 INFO :: Iteration=5941, Time=4.275959e+02, dt=1.216270e-01, max(Re)=0.564427
2023-12-07 23:07:21,683 __main__ 0/32 INFO :: Iteration=5951, Time=4.288121e+02, dt=1.216270e-01, max(Re)=0.534352
2023-12-07 23:07:22,200 __main__ 0/32 INFO :: Iteration=5961, Time=4.300284e+02, dt=1.216270e-01, max(Re)=0.529124
2023-12-07 23:07:22,726 __main__ 0/32 INFO :: Iteration=5971, Time=4.312447e+02, dt=1.216270e-01, max(Re)=0.525616
2023-12-07 23:07:41,753 __main__ 0/32 INFO :: Iteration=5981, Time=4.324610e+02, dt=1.216270e-01, max(Re)=0.522064
2023-12-07 23:08:01,411 __main__ 0/32 INFO :: Iteration=5991, Time=4.336772e+02, dt=1.216270e-01, max(Re)=0.514490
2023-12-07 23:08:10,376 __main__ 0/32 INFO :: Iteration=6001, Time=4.348935e+02, dt=1.216270e-01, max(Re)=0.502464
2023-12-07 23:08:14,490 __main__ 0/32 INFO :: Iteration=6011, Time=4.361098e+02, dt=1.216270e-01, max(Re)=0.486309
2023-12-07 23:08:20,664 __main__ 0/32 INFO :: Iteration=6021, Time=4.373260e+02, dt=1.216270e-01, max(Re)=0.467205
2023-12-07 23:08:22,564 __main__ 0/32 INFO :: Iteration=6031, Time=4.385423e+02, dt=1.216270e-01, max(Re)=0.462247
2023-12-07 23:08:23,787 __main__ 0/32 INFO :: Iteration=6041, Time=4.397586e+02, dt=1.216270e-01, max(Re)=0.474931
2023-12-07 23:08:32,247 __main__ 0/32 INFO :: Iteration=6051, Time=4.409748e+02, dt=1.216270e-01, max(Re)=0.479874
2023-12-07 23:08:38,527 __main__ 0/32 INFO :: Iteration=6061, Time=4.421911e+02, dt=1.216270e-01, max(Re)=0.475660
2023-12-07 23:08:46,966 __main__ 0/32 INFO :: Iteration=6071, Time=4.434074e+02, dt=1.216270e-01, max(Re)=0.462465
2023-12-07 23:08:57,135 __main__ 0/32 INFO :: Iteration=6081, Time=4.446237e+02, dt=1.216270e-01, max(Re)=0.441564
2023-12-07 23:09:15,620 __main__ 0/32 INFO :: Iteration=6091, Time=4.458399e+02, dt=1.216270e-01, max(Re)=0.415407
2023-12-07 23:09:26,725 __main__ 0/32 INFO :: Iteration=6101, Time=4.470562e+02, dt=1.216270e-01, max(Re)=0.390943
2023-12-07 23:09:36,771 __main__ 0/32 INFO :: Iteration=6111, Time=4.482725e+02, dt=1.216270e-01, max(Re)=0.375519
2023-12-07 23:09:46,776 __main__ 0/32 INFO :: Iteration=6121, Time=4.494887e+02, dt=1.216270e-01, max(Re)=0.361483
2023-12-07 23:09:47,815 __main__ 0/32 INFO :: Iteration=6131, Time=4.507050e+02, dt=1.216270e-01, max(Re)=0.344858
2023-12-07 23:09:48,302 __main__ 0/32 INFO :: Iteration=6141, Time=4.519213e+02, dt=1.216270e-01, max(Re)=0.324598
2023-12-07 23:09:48,769 __main__ 0/32 INFO :: Iteration=6151, Time=4.531375e+02, dt=1.216270e-01, max(Re)=0.300764
2023-12-07 23:09:49,224 __main__ 0/32 INFO :: Iteration=6161, Time=4.543538e+02, dt=1.216270e-01, max(Re)=0.274065
2023-12-07 23:09:49,689 __main__ 0/32 INFO :: Iteration=6171, Time=4.555701e+02, dt=1.216270e-01, max(Re)=0.245864
2023-12-07 23:09:50,164 __main__ 0/32 INFO :: Iteration=6181, Time=4.567864e+02, dt=1.216270e-01, max(Re)=0.218830
2023-12-07 23:09:50,631 __main__ 0/32 INFO :: Iteration=6191, Time=4.580026e+02, dt=1.216270e-01, max(Re)=0.195985
2023-12-07 23:09:51,663 __main__ 0/32 INFO :: Iteration=6201, Time=4.592189e+02, dt=1.216270e-01, max(Re)=0.174243
2023-12-07 23:09:57,769 __main__ 0/32 INFO :: Iteration=6211, Time=4.604352e+02, dt=1.216270e-01, max(Re)=0.149719
2023-12-07 23:10:02,199 __main__ 0/32 INFO :: Iteration=6221, Time=4.616514e+02, dt=1.216270e-01, max(Re)=0.135167
2023-12-07 23:10:07,688 __main__ 0/32 INFO :: Iteration=6231, Time=4.628677e+02, dt=1.216270e-01, max(Re)=0.127371
2023-12-07 23:10:08,287 __main__ 0/32 INFO :: Iteration=6241, Time=4.640840e+02, dt=1.216270e-01, max(Re)=0.141675
2023-12-07 23:10:08,996 __main__ 0/32 INFO :: Iteration=6251, Time=4.653002e+02, dt=1.216270e-01, max(Re)=0.162421
2023-12-07 23:10:17,960 __main__ 0/32 INFO :: Iteration=6261, Time=4.665165e+02, dt=1.216270e-01, max(Re)=0.181481
2023-12-07 23:10:30,861 __main__ 0/32 INFO :: Iteration=6271, Time=4.677328e+02, dt=1.216270e-01, max(Re)=0.198908
2023-12-07 23:10:36,400 __main__ 0/32 INFO :: Iteration=6281, Time=4.689491e+02, dt=1.216270e-01, max(Re)=0.214751
2023-12-07 23:10:47,814 __main__ 0/32 INFO :: Iteration=6291, Time=4.701653e+02, dt=1.216270e-01, max(Re)=0.228645
2023-12-07 23:11:01,792 __main__ 0/32 INFO :: Iteration=6301, Time=4.713816e+02, dt=1.216270e-01, max(Re)=0.240067
2023-12-07 23:11:11,863 __main__ 0/32 INFO :: Iteration=6311, Time=4.725979e+02, dt=1.216270e-01, max(Re)=0.248800
2023-12-07 23:11:12,961 __main__ 0/32 INFO :: Iteration=6321, Time=4.738141e+02, dt=1.216270e-01, max(Re)=0.255010
2023-12-07 23:11:19,800 __main__ 0/32 INFO :: Iteration=6331, Time=4.750304e+02, dt=1.216270e-01, max(Re)=0.259175
2023-12-07 23:11:21,217 __main__ 0/32 INFO :: Iteration=6341, Time=4.762467e+02, dt=1.216270e-01, max(Re)=0.268424
2023-12-07 23:11:21,795 __main__ 0/32 INFO :: Iteration=6351, Time=4.774630e+02, dt=1.216270e-01, max(Re)=0.277141
2023-12-07 23:11:40,375 __main__ 0/32 INFO :: Iteration=6361, Time=4.786792e+02, dt=1.216270e-01, max(Re)=0.287963
2023-12-07 23:11:41,669 __main__ 0/32 INFO :: Iteration=6371, Time=4.798955e+02, dt=1.216270e-01, max(Re)=0.303308
2023-12-07 23:11:43,935 __main__ 0/32 INFO :: Iteration=6381, Time=4.811118e+02, dt=1.216270e-01, max(Re)=0.315239
2023-12-07 23:11:53,238 __main__ 0/32 INFO :: Iteration=6391, Time=4.823280e+02, dt=1.216270e-01, max(Re)=0.323759
2023-12-07 23:12:05,085 __main__ 0/32 INFO :: Iteration=6401, Time=4.835443e+02, dt=1.216270e-01, max(Re)=0.329083
2023-12-07 23:12:08,964 __main__ 0/32 INFO :: Iteration=6411, Time=4.847606e+02, dt=1.216270e-01, max(Re)=0.331589
2023-12-07 23:12:13,963 __main__ 0/32 INFO :: Iteration=6421, Time=4.859768e+02, dt=1.216270e-01, max(Re)=0.331764
2023-12-07 23:12:18,692 __main__ 0/32 INFO :: Iteration=6431, Time=4.871931e+02, dt=1.216270e-01, max(Re)=0.339025
2023-12-07 23:12:19,787 __main__ 0/32 INFO :: Iteration=6441, Time=4.884094e+02, dt=1.216270e-01, max(Re)=0.345857
2023-12-07 23:12:20,356 __main__ 0/32 INFO :: Iteration=6451, Time=4.896257e+02, dt=1.216270e-01, max(Re)=0.350797
2023-12-07 23:12:20,962 __main__ 0/32 INFO :: Iteration=6461, Time=4.908419e+02, dt=1.216270e-01, max(Re)=0.354692
2023-12-07 23:12:36,065 __main__ 0/32 INFO :: Iteration=6471, Time=4.920582e+02, dt=1.216270e-01, max(Re)=0.357569
2023-12-07 23:12:46,155 __main__ 0/32 INFO :: Iteration=6481, Time=4.932745e+02, dt=1.216270e-01, max(Re)=0.358433
2023-12-07 23:12:55,156 __main__ 0/32 INFO :: Iteration=6491, Time=4.944907e+02, dt=1.216270e-01, max(Re)=0.357434
2023-12-07 23:13:17,965 __main__ 0/32 INFO :: Iteration=6501, Time=4.957070e+02, dt=1.216270e-01, max(Re)=0.354678
2023-12-07 23:13:26,599 __main__ 0/32 INFO :: Iteration=6511, Time=4.969233e+02, dt=1.216270e-01, max(Re)=0.350053
2023-12-07 23:13:32,679 __main__ 0/32 INFO :: Iteration=6521, Time=4.981395e+02, dt=1.216270e-01, max(Re)=0.343327
2023-12-07 23:13:38,314 __main__ 0/32 INFO :: Iteration=6531, Time=4.993558e+02, dt=1.216270e-01, max(Re)=0.334321
2023-12-07 23:13:45,524 __main__ 0/32 INFO :: Iteration=6541, Time=5.005721e+02, dt=1.216270e-01, max(Re)=0.322979
2023-12-07 23:13:46,030 __main__ 0/32 INFO :: Iteration=6551, Time=5.017884e+02, dt=1.216270e-01, max(Re)=0.309403
2023-12-07 23:13:46,634 __main__ 0/32 INFO :: Iteration=6561, Time=5.030046e+02, dt=1.216270e-01, max(Re)=0.293895
2023-12-07 23:13:47,212 __main__ 0/32 INFO :: Iteration=6571, Time=5.042209e+02, dt=1.216270e-01, max(Re)=0.282225
2023-12-07 23:13:47,756 __main__ 0/32 INFO :: Iteration=6581, Time=5.054372e+02, dt=1.216270e-01, max(Re)=0.272400
2023-12-07 23:13:48,689 __main__ 0/32 INFO :: Iteration=6591, Time=5.066534e+02, dt=1.216270e-01, max(Re)=0.261122
2023-12-07 23:13:58,725 __main__ 0/32 INFO :: Iteration=6601, Time=5.078697e+02, dt=1.216270e-01, max(Re)=0.248490
2023-12-07 23:14:12,215 __main__ 0/32 INFO :: Iteration=6611, Time=5.090860e+02, dt=1.216270e-01, max(Re)=0.234592
2023-12-07 23:14:20,153 __main__ 0/32 INFO :: Iteration=6621, Time=5.103022e+02, dt=1.216270e-01, max(Re)=0.219501
2023-12-07 23:14:28,283 __main__ 0/32 INFO :: Iteration=6631, Time=5.115185e+02, dt=1.216270e-01, max(Re)=0.203292
2023-12-07 23:14:33,144 __main__ 0/32 INFO :: Iteration=6641, Time=5.127348e+02, dt=1.216270e-01, max(Re)=0.186139
2023-12-07 23:14:33,766 __main__ 0/32 INFO :: Iteration=6651, Time=5.139511e+02, dt=1.216270e-01, max(Re)=0.169256
2023-12-07 23:14:34,756 __main__ 0/32 INFO :: Iteration=6661, Time=5.151673e+02, dt=1.216270e-01, max(Re)=0.152083
2023-12-07 23:14:43,347 __main__ 0/32 INFO :: Iteration=6671, Time=5.163836e+02, dt=1.216270e-01, max(Re)=0.134159
2023-12-07 23:15:04,702 __main__ 0/32 INFO :: Iteration=6681, Time=5.175999e+02, dt=1.216270e-01, max(Re)=0.115498
2023-12-07 23:15:13,477 __main__ 0/32 INFO :: Iteration=6691, Time=5.188161e+02, dt=1.216270e-01, max(Re)=0.096154
2023-12-07 23:15:19,411 __main__ 0/32 INFO :: Iteration=6701, Time=5.200324e+02, dt=1.216270e-01, max(Re)=0.076229
2023-12-07 23:15:39,413 __main__ 0/32 INFO :: Iteration=6711, Time=5.212487e+02, dt=1.216270e-01, max(Re)=0.059463
2023-12-07 23:15:48,766 __main__ 0/32 INFO :: Iteration=6721, Time=5.224649e+02, dt=1.216270e-01, max(Re)=0.051197
2023-12-07 23:15:53,487 __main__ 0/32 INFO :: Iteration=6731, Time=5.236812e+02, dt=1.216270e-01, max(Re)=0.054067
2023-12-07 23:15:58,469 __main__ 0/32 INFO :: Iteration=6741, Time=5.248975e+02, dt=1.216270e-01, max(Re)=0.056424
2023-12-07 23:15:59,974 __main__ 0/32 INFO :: Iteration=6751, Time=5.261138e+02, dt=1.216270e-01, max(Re)=0.057714
2023-12-07 23:16:00,640 __main__ 0/32 INFO :: Iteration=6761, Time=5.273300e+02, dt=1.216270e-01, max(Re)=0.063726
2023-12-07 23:16:01,243 __main__ 0/32 INFO :: Iteration=6771, Time=5.285463e+02, dt=1.216270e-01, max(Re)=0.078162
2023-12-07 23:16:12,784 __main__ 0/32 INFO :: Iteration=6781, Time=5.297626e+02, dt=1.216270e-01, max(Re)=0.091605
2023-12-07 23:16:25,542 __main__ 0/32 INFO :: Iteration=6791, Time=5.309788e+02, dt=1.216270e-01, max(Re)=0.104020
2023-12-07 23:16:37,703 __main__ 0/32 INFO :: Iteration=6801, Time=5.321951e+02, dt=1.216270e-01, max(Re)=0.115293
2023-12-07 23:16:42,843 __main__ 0/32 INFO :: Iteration=6811, Time=5.334114e+02, dt=1.216270e-01, max(Re)=0.125287
2023-12-07 23:16:49,407 __main__ 0/32 INFO :: Iteration=6821, Time=5.346276e+02, dt=1.216270e-01, max(Re)=0.133930
2023-12-07 23:16:50,925 __main__ 0/32 INFO :: Iteration=6831, Time=5.358439e+02, dt=1.216270e-01, max(Re)=0.142206
2023-12-07 23:16:59,432 __main__ 0/32 INFO :: Iteration=6841, Time=5.370602e+02, dt=1.216270e-01, max(Re)=0.153987
2023-12-07 23:17:03,646 __main__ 0/32 INFO :: Iteration=6851, Time=5.382765e+02, dt=1.216270e-01, max(Re)=0.165454
2023-12-07 23:17:04,427 __main__ 0/32 INFO :: Iteration=6861, Time=5.394927e+02, dt=1.216270e-01, max(Re)=0.176035
2023-12-07 23:17:05,239 __main__ 0/32 INFO :: Iteration=6871, Time=5.407090e+02, dt=1.216270e-01, max(Re)=0.185927
2023-12-07 23:17:05,994 __main__ 0/32 INFO :: Iteration=6881, Time=5.419253e+02, dt=1.216270e-01, max(Re)=0.194524
2023-12-07 23:17:07,605 __main__ 0/32 INFO :: Iteration=6891, Time=5.431415e+02, dt=1.216270e-01, max(Re)=0.201961
2023-12-07 23:17:18,656 __main__ 0/32 INFO :: Iteration=6901, Time=5.443578e+02, dt=1.216270e-01, max(Re)=0.208504
2023-12-07 23:17:36,872 __main__ 0/32 INFO :: Iteration=6911, Time=5.455741e+02, dt=1.216270e-01, max(Re)=0.214199
2023-12-07 23:17:49,343 __main__ 0/32 INFO :: Iteration=6921, Time=5.467904e+02, dt=1.216270e-01, max(Re)=0.218756
2023-12-07 23:17:55,111 __main__ 0/32 INFO :: Iteration=6931, Time=5.480066e+02, dt=1.216270e-01, max(Re)=0.222015
2023-12-07 23:17:59,729 __main__ 0/32 INFO :: Iteration=6941, Time=5.492229e+02, dt=1.216270e-01, max(Re)=0.223941
2023-12-07 23:18:04,027 __main__ 0/32 INFO :: Iteration=6951, Time=5.504392e+02, dt=1.216270e-01, max(Re)=0.224692
2023-12-07 23:18:04,784 __main__ 0/32 INFO :: Iteration=6961, Time=5.516554e+02, dt=1.216270e-01, max(Re)=0.226100
2023-12-07 23:18:05,406 __main__ 0/32 INFO :: Iteration=6971, Time=5.528717e+02, dt=1.216270e-01, max(Re)=0.226288
2023-12-07 23:18:06,605 __main__ 0/32 INFO :: Iteration=6981, Time=5.540880e+02, dt=1.216270e-01, max(Re)=0.225404
2023-12-07 23:18:18,432 __main__ 0/32 INFO :: Iteration=6991, Time=5.553042e+02, dt=1.216270e-01, max(Re)=0.223622
2023-12-07 23:18:23,796 __main__ 0/32 INFO :: Iteration=7001, Time=5.565205e+02, dt=1.216270e-01, max(Re)=0.220965
2023-12-07 23:18:27,510 __main__ 0/32 INFO :: Iteration=7011, Time=5.577368e+02, dt=1.216270e-01, max(Re)=0.217294
2023-12-07 23:18:45,213 __main__ 0/32 INFO :: Iteration=7021, Time=5.589531e+02, dt=1.216270e-01, max(Re)=0.212499
2023-12-07 23:18:46,190 __main__ 0/32 INFO :: Iteration=7031, Time=5.601693e+02, dt=1.216270e-01, max(Re)=0.206546
2023-12-07 23:18:51,214 __main__ 0/32 INFO :: Iteration=7041, Time=5.613856e+02, dt=1.216270e-01, max(Re)=0.199463
2023-12-07 23:18:56,550 __main__ 0/32 INFO :: Iteration=7051, Time=5.626019e+02, dt=1.216270e-01, max(Re)=0.191327
2023-12-07 23:18:57,713 __main__ 0/32 INFO :: Iteration=7061, Time=5.638181e+02, dt=1.216270e-01, max(Re)=0.182256
2023-12-07 23:18:58,348 __main__ 0/32 INFO :: Iteration=7071, Time=5.650344e+02, dt=1.216270e-01, max(Re)=0.175217
2023-12-07 23:19:03,017 __main__ 0/32 INFO :: Iteration=7081, Time=5.662507e+02, dt=1.216270e-01, max(Re)=0.169437
2023-12-07 23:19:23,900 __main__ 0/32 INFO :: Iteration=7091, Time=5.674669e+02, dt=1.216270e-01, max(Re)=0.162659
2023-12-07 23:19:32,803 __main__ 0/32 INFO :: Iteration=7101, Time=5.686832e+02, dt=1.216270e-01, max(Re)=0.156465
2023-12-07 23:19:41,677 __main__ 0/32 INFO :: Iteration=7111, Time=5.698995e+02, dt=1.216270e-01, max(Re)=0.149848
2023-12-07 23:19:52,158 __main__ 0/32 INFO :: Iteration=7121, Time=5.711158e+02, dt=1.216270e-01, max(Re)=0.142630
2023-12-07 23:20:04,940 __main__ 0/32 INFO :: Iteration=7131, Time=5.723320e+02, dt=1.216270e-01, max(Re)=0.134875
2023-12-07 23:20:12,183 __main__ 0/32 INFO :: Iteration=7141, Time=5.735483e+02, dt=1.216270e-01, max(Re)=0.126510
2023-12-07 23:20:21,033 __main__ 0/32 INFO :: Iteration=7151, Time=5.747646e+02, dt=1.216270e-01, max(Re)=0.117454
2023-12-07 23:20:22,366 __main__ 0/32 INFO :: Iteration=7161, Time=5.759808e+02, dt=1.216270e-01, max(Re)=0.107685
2023-12-07 23:20:23,133 __main__ 0/32 INFO :: Iteration=7171, Time=5.771971e+02, dt=1.216270e-01, max(Re)=0.097252
2023-12-07 23:20:24,931 __main__ 0/32 INFO :: Iteration=7181, Time=5.784134e+02, dt=1.216270e-01, max(Re)=0.086260
srun: Job step aborted: Waiting up to 32 seconds for job step to finish.
slurmstepd: error: *** STEP 40665286.0 ON cm015 CANCELLED AT 2023-12-07T23:20:41 DUE TO TIME LIMIT ***
slurmstepd: error: *** JOB 40665286 ON cm015 CANCELLED AT 2023-12-07T23:20:41 DUE TO TIME LIMIT ***
