kappa 0.001781741612749496
nu 0.0012472191289246471
R_0 20.0
2023-11-09 12:27:56,377 subsystems 0/16 INFO :: Building subproblem matrices 1/20 (~5%) Elapsed: 0s, Remaining: 4s, Rate: 4.4e+00/s
2023-11-09 12:27:56,478 subsystems 0/16 INFO :: Building subproblem matrices 2/20 (~10%) Elapsed: 0s, Remaining: 3s, Rate: 6.1e+00/s
2023-11-09 12:27:56,678 subsystems 0/16 INFO :: Building subproblem matrices 4/20 (~20%) Elapsed: 1s, Remaining: 2s, Rate: 7.6e+00/s
2023-11-09 12:27:56,878 subsystems 0/16 INFO :: Building subproblem matrices 6/20 (~30%) Elapsed: 1s, Remaining: 2s, Rate: 8.2e+00/s
2023-11-09 12:27:57,078 subsystems 0/16 INFO :: Building subproblem matrices 8/20 (~40%) Elapsed: 1s, Remaining: 1s, Rate: 8.6e+00/s
2023-11-09 12:27:57,277 subsystems 0/16 INFO :: Building subproblem matrices 10/20 (~50%) Elapsed: 1s, Remaining: 1s, Rate: 8.9e+00/s
2023-11-09 12:27:57,476 subsystems 0/16 INFO :: Building subproblem matrices 12/20 (~60%) Elapsed: 1s, Remaining: 1s, Rate: 9.0e+00/s
2023-11-09 12:27:57,675 subsystems 0/16 INFO :: Building subproblem matrices 14/20 (~70%) Elapsed: 2s, Remaining: 1s, Rate: 9.2e+00/s
2023-11-09 12:27:57,874 subsystems 0/16 INFO :: Building subproblem matrices 16/20 (~80%) Elapsed: 2s, Remaining: 0s, Rate: 9.3e+00/s
2023-11-09 12:27:58,084 subsystems 0/16 INFO :: Building subproblem matrices 18/20 (~90%) Elapsed: 2s, Remaining: 0s, Rate: 9.3e+00/s
2023-11-09 12:27:58,284 subsystems 0/16 INFO :: Building subproblem matrices 20/20 (~100%) Elapsed: 2s, Remaining: 0s, Rate: 9.4e+00/s
2023-11-09 12:27:58,294 __main__ 0/16 INFO :: Starting main loop
2023-11-09 12:28:00,732 __main__ 0/16 INFO :: Iteration=1, Time=1.000000e-01, dt=1.000000e-01, max(Re)=0.000000
2023-11-09 12:28:01,080 __main__ 0/16 INFO :: Iteration=11, Time=1.100000e+00, dt=1.000000e-01, max(Re)=0.086493
2023-11-09 12:28:01,479 __main__ 0/16 INFO :: Iteration=21, Time=2.200000e+00, dt=1.100000e-01, max(Re)=0.176986
2023-11-09 12:28:01,870 __main__ 0/16 INFO :: Iteration=31, Time=3.410000e+00, dt=1.210000e-01, max(Re)=0.341337
2023-11-09 12:28:02,228 __main__ 0/16 INFO :: Iteration=41, Time=4.620000e+00, dt=1.210000e-01, max(Re)=0.689324
2023-11-09 12:28:02,763 __main__ 0/16 INFO :: Iteration=51, Time=5.830000e+00, dt=1.210000e-01, max(Re)=1.427303
2023-11-09 12:28:03,623 __main__ 0/16 INFO :: Iteration=61, Time=7.040000e+00, dt=1.210000e-01, max(Re)=3.019736
2023-11-09 12:28:04,034 __main__ 0/16 INFO :: Iteration=71, Time=8.250000e+00, dt=1.210000e-01, max(Re)=6.425103
2023-11-09 12:28:04,546 __main__ 0/16 INFO :: Iteration=81, Time=9.460000e+00, dt=1.210000e-01, max(Re)=13.715087
2023-11-09 12:28:05,248 __main__ 0/16 INFO :: Iteration=91, Time=1.067000e+01, dt=1.210000e-01, max(Re)=29.309274
2023-11-09 12:28:05,809 __main__ 0/16 INFO :: Iteration=101, Time=1.188000e+01, dt=1.210000e-01, max(Re)=62.893478
2023-11-09 12:28:06,621 __main__ 0/16 INFO :: Iteration=111, Time=1.309000e+01, dt=1.210000e-01, max(Re)=133.476597
2023-11-09 12:28:07,067 __main__ 0/16 INFO :: Iteration=121, Time=1.430000e+01, dt=1.210000e-01, max(Re)=267.543500
2023-11-09 12:28:07,436 __main__ 0/16 INFO :: Iteration=131, Time=1.490698e+01, dt=6.069825e-02, max(Re)=351.241724
2023-11-09 12:28:07,798 __main__ 0/16 INFO :: Iteration=141, Time=1.531355e+01, dt=4.065711e-02, max(Re)=376.704096
2023-11-09 12:28:08,129 __main__ 0/16 INFO :: Iteration=151, Time=1.565440e+01, dt=3.408492e-02, max(Re)=404.733006
2023-11-09 12:28:08,460 __main__ 0/16 INFO :: Iteration=161, Time=1.596235e+01, dt=3.079521e-02, max(Re)=430.551224
2023-11-09 12:28:08,784 __main__ 0/16 INFO :: Iteration=171, Time=1.625304e+01, dt=2.906837e-02, max(Re)=441.096895
2023-11-09 12:28:09,087 __main__ 0/16 INFO :: Iteration=181, Time=1.654372e+01, dt=2.906837e-02, max(Re)=445.332898
2023-11-09 12:28:09,579 __main__ 0/16 INFO :: Iteration=191, Time=1.683441e+01, dt=2.906837e-02, max(Re)=454.028070
2023-11-09 12:28:09,896 __main__ 0/16 INFO :: Iteration=201, Time=1.711041e+01, dt=2.760083e-02, max(Re)=454.269023
2023-11-09 12:28:10,205 __main__ 0/16 INFO :: Iteration=211, Time=1.738642e+01, dt=2.760083e-02, max(Re)=449.796727
2023-11-09 12:28:11,699 __main__ 0/16 INFO :: Iteration=221, Time=1.766243e+01, dt=2.760083e-02, max(Re)=443.421395
2023-11-09 12:28:11,971 __main__ 0/16 INFO :: Iteration=231, Time=1.793844e+01, dt=2.760083e-02, max(Re)=435.762507
2023-11-09 12:28:13,994 __main__ 0/16 INFO :: Iteration=241, Time=1.821445e+01, dt=2.760083e-02, max(Re)=439.665998
2023-11-09 12:28:14,276 __main__ 0/16 INFO :: Iteration=251, Time=1.849046e+01, dt=2.760083e-02, max(Re)=437.923589
2023-11-09 12:28:14,545 __main__ 0/16 INFO :: Iteration=261, Time=1.876646e+01, dt=2.760083e-02, max(Re)=442.745302
2023-11-09 12:28:14,863 __main__ 0/16 INFO :: Iteration=271, Time=1.904247e+01, dt=2.760083e-02, max(Re)=450.803773
2023-11-09 12:28:15,157 __main__ 0/16 INFO :: Iteration=281, Time=1.931848e+01, dt=2.760083e-02, max(Re)=451.132094
2023-11-09 12:28:15,493 __main__ 0/16 INFO :: Iteration=291, Time=1.959449e+01, dt=2.760083e-02, max(Re)=446.602899
2023-11-09 12:28:15,782 __main__ 0/16 INFO :: Iteration=301, Time=1.987050e+01, dt=2.760083e-02, max(Re)=439.282273
2023-11-09 12:28:16,055 __main__ 0/16 INFO :: Iteration=311, Time=2.014651e+01, dt=2.760083e-02, max(Re)=430.691109
2023-11-09 12:28:16,415 __main__ 0/16 INFO :: Iteration=321, Time=2.043697e+01, dt=2.904669e-02, max(Re)=421.443279
2023-11-09 12:28:16,690 __main__ 0/16 INFO :: Iteration=331, Time=2.072744e+01, dt=2.904669e-02, max(Re)=413.062867
2023-11-09 12:28:16,963 __main__ 0/16 INFO :: Iteration=341, Time=2.101791e+01, dt=2.904669e-02, max(Re)=404.633317
2023-11-09 12:28:17,764 __main__ 0/16 INFO :: Iteration=351, Time=2.132721e+01, dt=3.093056e-02, max(Re)=398.163131
2023-11-09 12:28:18,658 __main__ 0/16 INFO :: Iteration=361, Time=2.163652e+01, dt=3.093056e-02, max(Re)=396.275594
2023-11-09 12:28:18,932 __main__ 0/16 INFO :: Iteration=371, Time=2.194582e+01, dt=3.093056e-02, max(Re)=396.722427
2023-11-09 12:28:19,467 __main__ 0/16 INFO :: Iteration=381, Time=2.225513e+01, dt=3.093056e-02, max(Re)=396.659833
2023-11-09 12:28:19,785 __main__ 0/16 INFO :: Iteration=391, Time=2.256443e+01, dt=3.093056e-02, max(Re)=395.953487
2023-11-09 12:28:20,228 __main__ 0/16 INFO :: Iteration=401, Time=2.287374e+01, dt=3.093056e-02, max(Re)=394.559117
2023-11-09 12:28:20,639 __main__ 0/16 INFO :: Iteration=411, Time=2.318305e+01, dt=3.093056e-02, max(Re)=392.504611
2023-11-09 12:28:20,916 __main__ 0/16 INFO :: Iteration=421, Time=2.349235e+01, dt=3.093056e-02, max(Re)=390.009507
2023-11-09 12:28:21,689 __main__ 0/16 INFO :: Iteration=431, Time=2.380166e+01, dt=3.093056e-02, max(Re)=386.943001
2023-11-09 12:28:21,963 __main__ 0/16 INFO :: Iteration=441, Time=2.411096e+01, dt=3.093056e-02, max(Re)=383.628722
2023-11-09 12:28:22,819 __main__ 0/16 INFO :: Iteration=451, Time=2.443751e+01, dt=3.265472e-02, max(Re)=381.909752
2023-11-09 12:28:23,090 __main__ 0/16 INFO :: Iteration=461, Time=2.476406e+01, dt=3.265472e-02, max(Re)=380.466076
2023-11-09 12:28:23,841 __main__ 0/16 INFO :: Iteration=471, Time=2.509060e+01, dt=3.265472e-02, max(Re)=378.431615
2023-11-09 12:28:24,126 __main__ 0/16 INFO :: Iteration=481, Time=2.541715e+01, dt=3.265472e-02, max(Re)=375.982334
2023-11-09 12:28:24,401 __main__ 0/16 INFO :: Iteration=491, Time=2.574370e+01, dt=3.265472e-02, max(Re)=373.250705
2023-11-09 12:28:24,692 __main__ 0/16 INFO :: Iteration=501, Time=2.607025e+01, dt=3.265472e-02, max(Re)=370.323019
2023-11-09 12:28:24,985 __main__ 0/16 INFO :: Iteration=511, Time=2.639679e+01, dt=3.265472e-02, max(Re)=366.721525
2023-11-09 12:28:25,265 __main__ 0/16 INFO :: Iteration=521, Time=2.672334e+01, dt=3.265472e-02, max(Re)=363.277098
2023-11-09 12:28:25,607 __main__ 0/16 INFO :: Iteration=531, Time=2.706824e+01, dt=3.449025e-02, max(Re)=358.478800
2023-11-09 12:28:25,904 __main__ 0/16 INFO :: Iteration=541, Time=2.741314e+01, dt=3.449025e-02, max(Re)=353.582585
2023-11-09 12:28:26,188 __main__ 0/16 INFO :: Iteration=551, Time=2.775805e+01, dt=3.449025e-02, max(Re)=347.840290
2023-11-09 12:28:26,503 __main__ 0/16 INFO :: Iteration=561, Time=2.810295e+01, dt=3.449025e-02, max(Re)=341.461753
2023-11-09 12:28:26,821 __main__ 0/16 INFO :: Iteration=571, Time=2.846941e+01, dt=3.664649e-02, max(Re)=335.198983
2023-11-09 12:28:27,140 __main__ 0/16 INFO :: Iteration=581, Time=2.883588e+01, dt=3.664649e-02, max(Re)=327.459180
2023-11-09 12:28:27,414 __main__ 0/16 INFO :: Iteration=591, Time=2.920234e+01, dt=3.664649e-02, max(Re)=320.017433
2023-11-09 12:28:27,771 __main__ 0/16 INFO :: Iteration=601, Time=2.959350e+01, dt=3.911529e-02, max(Re)=318.100667
2023-11-09 12:28:28,040 __main__ 0/16 INFO :: Iteration=611, Time=2.998465e+01, dt=3.911529e-02, max(Re)=316.438621
2023-11-09 12:28:28,779 __main__ 0/16 INFO :: Iteration=621, Time=3.037580e+01, dt=3.911529e-02, max(Re)=314.752176
2023-11-09 12:28:29,049 __main__ 0/16 INFO :: Iteration=631, Time=3.076696e+01, dt=3.911529e-02, max(Re)=312.737597
2023-11-09 12:28:29,370 __main__ 0/16 INFO :: Iteration=641, Time=3.115811e+01, dt=3.911529e-02, max(Re)=310.687036
2023-11-09 12:28:29,666 __main__ 0/16 INFO :: Iteration=651, Time=3.154926e+01, dt=3.911529e-02, max(Re)=307.902437
2023-11-09 12:28:29,945 __main__ 0/16 INFO :: Iteration=661, Time=3.194041e+01, dt=3.911529e-02, max(Re)=303.880773
2023-11-09 12:28:30,287 __main__ 0/16 INFO :: Iteration=671, Time=3.235229e+01, dt=4.118728e-02, max(Re)=299.418478
2023-11-09 12:28:30,663 __main__ 0/16 INFO :: Iteration=681, Time=3.276416e+01, dt=4.118728e-02, max(Re)=293.679477
2023-11-09 12:28:30,959 __main__ 0/16 INFO :: Iteration=691, Time=3.317603e+01, dt=4.118728e-02, max(Re)=287.526092
2023-11-09 12:28:31,902 __main__ 0/16 INFO :: Iteration=701, Time=3.361183e+01, dt=4.357969e-02, max(Re)=280.167676
2023-11-09 12:28:32,956 __main__ 0/16 INFO :: Iteration=711, Time=3.404763e+01, dt=4.357969e-02, max(Re)=272.801513
2023-11-09 12:28:33,710 __main__ 0/16 INFO :: Iteration=721, Time=3.450684e+01, dt=4.592123e-02, max(Re)=264.583080
2023-11-09 12:28:33,993 __main__ 0/16 INFO :: Iteration=731, Time=3.496605e+01, dt=4.592123e-02, max(Re)=256.386460
2023-11-09 12:28:34,358 __main__ 0/16 INFO :: Iteration=741, Time=3.545457e+01, dt=4.885191e-02, max(Re)=247.303250
2023-11-09 12:28:34,790 __main__ 0/16 INFO :: Iteration=751, Time=3.594309e+01, dt=4.885191e-02, max(Re)=237.945017
2023-11-09 12:28:35,117 __main__ 0/16 INFO :: Iteration=761, Time=3.646937e+01, dt=5.262813e-02, max(Re)=227.579112
2023-11-09 12:28:35,635 __main__ 0/16 INFO :: Iteration=771, Time=3.699565e+01, dt=5.262813e-02, max(Re)=217.268083
2023-11-09 12:28:36,227 __main__ 0/16 INFO :: Iteration=781, Time=3.757229e+01, dt=5.766380e-02, max(Re)=206.150760
2023-11-09 12:28:36,584 __main__ 0/16 INFO :: Iteration=791, Time=3.818011e+01, dt=6.078158e-02, max(Re)=194.906179
2023-11-09 12:28:36,938 __main__ 0/16 INFO :: Iteration=801, Time=3.882302e+01, dt=6.429129e-02, max(Re)=183.233063
2023-11-09 12:28:37,270 __main__ 0/16 INFO :: Iteration=811, Time=3.950647e+01, dt=6.834551e-02, max(Re)=170.899387
2023-11-09 12:28:37,622 __main__ 0/16 INFO :: Iteration=821, Time=4.023875e+01, dt=7.322800e-02, max(Re)=157.427394
2023-11-09 12:28:37,992 __main__ 0/16 INFO :: Iteration=831, Time=4.103332e+01, dt=7.945629e-02, max(Re)=148.664914
2023-11-09 12:28:38,379 __main__ 0/16 INFO :: Iteration=841, Time=4.187348e+01, dt=8.401585e-02, max(Re)=141.416644
2023-11-09 12:28:38,736 __main__ 0/16 INFO :: Iteration=851, Time=4.275723e+01, dt=8.837524e-02, max(Re)=132.205172
2023-11-09 12:28:39,099 __main__ 0/16 INFO :: Iteration=861, Time=4.370297e+01, dt=9.457442e-02, max(Re)=120.877170
2023-11-09 12:28:39,501 __main__ 0/16 INFO :: Iteration=871, Time=4.473760e+01, dt=1.034632e-01, max(Re)=106.874689
2023-11-09 12:28:39,928 __main__ 0/16 INFO :: Iteration=881, Time=4.587570e+01, dt=1.138095e-01, max(Re)=93.794206
2023-11-09 12:28:40,798 __main__ 0/16 INFO :: Iteration=891, Time=4.712570e+01, dt=1.250000e-01, max(Re)=92.012422
2023-11-09 12:28:41,498 __main__ 0/16 INFO :: Iteration=901, Time=4.837570e+01, dt=1.250000e-01, max(Re)=89.391842
2023-11-09 12:28:41,921 __main__ 0/16 INFO :: Iteration=911, Time=4.962570e+01, dt=1.250000e-01, max(Re)=86.385992
2023-11-09 12:28:43,325 __main__ 0/16 INFO :: Iteration=921, Time=5.087570e+01, dt=1.250000e-01, max(Re)=82.290510
2023-11-09 12:28:43,738 __main__ 0/16 INFO :: Iteration=931, Time=5.212570e+01, dt=1.250000e-01, max(Re)=78.423565
2023-11-09 12:28:44,124 __main__ 0/16 INFO :: Iteration=941, Time=5.337570e+01, dt=1.250000e-01, max(Re)=75.546213
2023-11-09 12:28:44,486 __main__ 0/16 INFO :: Iteration=951, Time=5.462570e+01, dt=1.250000e-01, max(Re)=73.822711
2023-11-09 12:28:44,841 __main__ 0/16 INFO :: Iteration=961, Time=5.587570e+01, dt=1.250000e-01, max(Re)=72.365988
2023-11-09 12:28:45,313 __main__ 0/16 INFO :: Iteration=971, Time=5.712570e+01, dt=1.250000e-01, max(Re)=70.014454
2023-11-09 12:28:45,703 __main__ 0/16 INFO :: Iteration=981, Time=5.837570e+01, dt=1.250000e-01, max(Re)=66.437462
2023-11-09 12:28:46,049 __main__ 0/16 INFO :: Iteration=991, Time=5.962570e+01, dt=1.250000e-01, max(Re)=60.490052
2023-11-09 12:28:46,403 __main__ 0/16 INFO :: Iteration=1001, Time=6.087570e+01, dt=1.250000e-01, max(Re)=51.837624
2023-11-09 12:28:46,755 __main__ 0/16 INFO :: Iteration=1011, Time=6.212570e+01, dt=1.250000e-01, max(Re)=41.058301
2023-11-09 12:28:47,266 __main__ 0/16 INFO :: Iteration=1021, Time=6.337570e+01, dt=1.250000e-01, max(Re)=30.426947
2023-11-09 12:28:47,654 __main__ 0/16 INFO :: Iteration=1031, Time=6.462570e+01, dt=1.250000e-01, max(Re)=19.121612
2023-11-09 12:28:47,996 __main__ 0/16 INFO :: Iteration=1041, Time=6.587570e+01, dt=1.250000e-01, max(Re)=15.752274
2023-11-09 12:28:48,353 __main__ 0/16 INFO :: Iteration=1051, Time=6.712570e+01, dt=1.250000e-01, max(Re)=14.766486
2023-11-09 12:28:48,704 __main__ 0/16 INFO :: Iteration=1061, Time=6.837570e+01, dt=1.250000e-01, max(Re)=15.548263
2023-11-09 12:28:49,066 __main__ 0/16 INFO :: Iteration=1071, Time=6.962570e+01, dt=1.250000e-01, max(Re)=17.069816
2023-11-09 12:28:49,429 __main__ 0/16 INFO :: Iteration=1081, Time=7.087570e+01, dt=1.250000e-01, max(Re)=16.183185
2023-11-09 12:28:49,783 __main__ 0/16 INFO :: Iteration=1091, Time=7.212570e+01, dt=1.250000e-01, max(Re)=13.769604
2023-11-09 12:28:50,157 __main__ 0/16 INFO :: Iteration=1101, Time=7.337570e+01, dt=1.250000e-01, max(Re)=12.978013
2023-11-09 12:28:50,501 __main__ 0/16 INFO :: Iteration=1111, Time=7.462570e+01, dt=1.250000e-01, max(Re)=14.812527
2023-11-09 12:28:51,222 __main__ 0/16 INFO :: Iteration=1121, Time=7.587570e+01, dt=1.250000e-01, max(Re)=16.660957
2023-11-09 12:28:51,585 __main__ 0/16 INFO :: Iteration=1131, Time=7.712570e+01, dt=1.250000e-01, max(Re)=16.705810
2023-11-09 12:28:51,939 __main__ 0/16 INFO :: Iteration=1141, Time=7.837570e+01, dt=1.250000e-01, max(Re)=15.055546
2023-11-09 12:28:52,303 __main__ 0/16 INFO :: Iteration=1151, Time=7.962570e+01, dt=1.250000e-01, max(Re)=12.122224
2023-11-09 12:28:52,658 __main__ 0/16 INFO :: Iteration=1161, Time=8.087570e+01, dt=1.250000e-01, max(Re)=8.869980
2023-11-09 12:28:53,003 __main__ 0/16 INFO :: Iteration=1171, Time=8.212570e+01, dt=1.250000e-01, max(Re)=8.482136
2023-11-09 12:28:53,368 __main__ 0/16 INFO :: Iteration=1181, Time=8.337570e+01, dt=1.250000e-01, max(Re)=8.408797
2023-11-09 12:28:53,716 __main__ 0/16 INFO :: Iteration=1191, Time=8.462570e+01, dt=1.250000e-01, max(Re)=8.448365
2023-11-09 12:28:54,066 __main__ 0/16 INFO :: Iteration=1201, Time=8.587570e+01, dt=1.250000e-01, max(Re)=9.051509
2023-11-09 12:28:54,446 __main__ 0/16 INFO :: Iteration=1211, Time=8.712570e+01, dt=1.250000e-01, max(Re)=8.347216
2023-11-09 12:28:55,075 __main__ 0/16 INFO :: Iteration=1221, Time=8.837570e+01, dt=1.250000e-01, max(Re)=8.443824
2023-11-09 12:28:55,441 __main__ 0/16 INFO :: Iteration=1231, Time=8.962570e+01, dt=1.250000e-01, max(Re)=9.303912
2023-11-09 12:28:55,820 __main__ 0/16 INFO :: Iteration=1241, Time=9.087570e+01, dt=1.250000e-01, max(Re)=10.144871
2023-11-09 12:28:56,210 __main__ 0/16 INFO :: Iteration=1251, Time=9.212570e+01, dt=1.250000e-01, max(Re)=10.597381
2023-11-09 12:28:56,565 __main__ 0/16 INFO :: Iteration=1261, Time=9.337570e+01, dt=1.250000e-01, max(Re)=10.520517
2023-11-09 12:28:56,922 __main__ 0/16 INFO :: Iteration=1271, Time=9.462570e+01, dt=1.250000e-01, max(Re)=9.960416
2023-11-09 12:28:57,276 __main__ 0/16 INFO :: Iteration=1281, Time=9.587570e+01, dt=1.250000e-01, max(Re)=9.068803
2023-11-09 12:28:57,712 __main__ 0/16 INFO :: Iteration=1291, Time=9.712570e+01, dt=1.250000e-01, max(Re)=8.092611
2023-11-09 12:28:58,081 __main__ 0/16 INFO :: Iteration=1301, Time=9.837570e+01, dt=1.250000e-01, max(Re)=7.332584
2023-11-09 12:28:58,448 __main__ 0/16 INFO :: Iteration=1311, Time=9.962570e+01, dt=1.250000e-01, max(Re)=7.380918
2023-11-09 12:28:59,236 __main__ 0/16 INFO :: Iteration=1321, Time=1.008757e+02, dt=1.250000e-01, max(Re)=8.222610
2023-11-09 12:28:59,601 __main__ 0/16 INFO :: Iteration=1331, Time=1.021257e+02, dt=1.250000e-01, max(Re)=8.714204
2023-11-09 12:28:59,973 __main__ 0/16 INFO :: Iteration=1341, Time=1.033757e+02, dt=1.250000e-01, max(Re)=8.702170
2023-11-09 12:29:00,357 __main__ 0/16 INFO :: Iteration=1351, Time=1.046257e+02, dt=1.250000e-01, max(Re)=8.153234
2023-11-09 12:29:00,715 __main__ 0/16 INFO :: Iteration=1361, Time=1.058757e+02, dt=1.250000e-01, max(Re)=7.100883
2023-11-09 12:29:01,066 __main__ 0/16 INFO :: Iteration=1371, Time=1.071257e+02, dt=1.250000e-01, max(Re)=5.785794
2023-11-09 12:29:01,418 __main__ 0/16 INFO :: Iteration=1381, Time=1.083757e+02, dt=1.250000e-01, max(Re)=5.779748
2023-11-09 12:29:01,779 __main__ 0/16 INFO :: Iteration=1391, Time=1.096257e+02, dt=1.250000e-01, max(Re)=5.456090
2023-11-09 12:29:02,130 __main__ 0/16 INFO :: Iteration=1401, Time=1.108757e+02, dt=1.250000e-01, max(Re)=4.892595
2023-11-09 12:29:02,489 __main__ 0/16 INFO :: Iteration=1411, Time=1.121257e+02, dt=1.250000e-01, max(Re)=4.219842
2023-11-09 12:29:03,052 __main__ 0/16 INFO :: Iteration=1421, Time=1.133757e+02, dt=1.250000e-01, max(Re)=4.018704
2023-11-09 12:29:03,401 __main__ 0/16 INFO :: Iteration=1431, Time=1.146257e+02, dt=1.250000e-01, max(Re)=4.120125
2023-11-09 12:29:03,772 __main__ 0/16 INFO :: Iteration=1441, Time=1.158757e+02, dt=1.250000e-01, max(Re)=3.902914
2023-11-09 12:29:04,135 __main__ 0/16 INFO :: Iteration=1451, Time=1.171257e+02, dt=1.250000e-01, max(Re)=3.808547
2023-11-09 12:29:04,500 __main__ 0/16 INFO :: Iteration=1461, Time=1.183757e+02, dt=1.250000e-01, max(Re)=3.903712
2023-11-09 12:29:04,845 __main__ 0/16 INFO :: Iteration=1471, Time=1.196257e+02, dt=1.250000e-01, max(Re)=3.762195
2023-11-09 12:29:05,184 __main__ 0/16 INFO :: Iteration=1481, Time=1.208757e+02, dt=1.250000e-01, max(Re)=3.367232
2023-11-09 12:29:05,549 __main__ 0/16 INFO :: Iteration=1491, Time=1.221257e+02, dt=1.250000e-01, max(Re)=2.741516
2023-11-09 12:29:05,886 __main__ 0/16 INFO :: Iteration=1501, Time=1.233757e+02, dt=1.250000e-01, max(Re)=2.574051
2023-11-09 12:29:06,245 __main__ 0/16 INFO :: Iteration=1511, Time=1.246257e+02, dt=1.250000e-01, max(Re)=2.456091
2023-11-09 12:29:06,967 __main__ 0/16 INFO :: Iteration=1521, Time=1.258757e+02, dt=1.250000e-01, max(Re)=2.407132
2023-11-09 12:29:07,321 __main__ 0/16 INFO :: Iteration=1531, Time=1.271257e+02, dt=1.250000e-01, max(Re)=2.252271
2023-11-09 12:29:07,687 __main__ 0/16 INFO :: Iteration=1541, Time=1.283757e+02, dt=1.250000e-01, max(Re)=2.028527
2023-11-09 12:29:08,065 __main__ 0/16 INFO :: Iteration=1551, Time=1.296257e+02, dt=1.250000e-01, max(Re)=1.807561
2023-11-09 12:29:08,435 __main__ 0/16 INFO :: Iteration=1561, Time=1.308757e+02, dt=1.250000e-01, max(Re)=1.799706
2023-11-09 12:29:08,802 __main__ 0/16 INFO :: Iteration=1571, Time=1.321257e+02, dt=1.250000e-01, max(Re)=2.105924
2023-11-09 12:29:09,218 __main__ 0/16 INFO :: Iteration=1581, Time=1.333757e+02, dt=1.250000e-01, max(Re)=2.405545
2023-11-09 12:29:09,613 __main__ 0/16 INFO :: Iteration=1591, Time=1.346257e+02, dt=1.250000e-01, max(Re)=2.616827
2023-11-09 12:29:09,980 __main__ 0/16 INFO :: Iteration=1601, Time=1.358757e+02, dt=1.250000e-01, max(Re)=2.742351
2023-11-09 12:29:10,385 __main__ 0/16 INFO :: Iteration=1611, Time=1.371257e+02, dt=1.250000e-01, max(Re)=2.806150
2023-11-09 12:29:10,909 __main__ 0/16 INFO :: Iteration=1621, Time=1.383757e+02, dt=1.250000e-01, max(Re)=2.807548
2023-11-09 12:29:11,292 __main__ 0/16 INFO :: Iteration=1631, Time=1.396257e+02, dt=1.250000e-01, max(Re)=2.718926
2023-11-09 12:29:11,639 __main__ 0/16 INFO :: Iteration=1641, Time=1.408757e+02, dt=1.250000e-01, max(Re)=2.529271
2023-11-09 12:29:11,988 __main__ 0/16 INFO :: Iteration=1651, Time=1.421257e+02, dt=1.250000e-01, max(Re)=2.250605
2023-11-09 12:29:12,362 __main__ 0/16 INFO :: Iteration=1661, Time=1.433757e+02, dt=1.250000e-01, max(Re)=1.936172
2023-11-09 12:29:12,703 __main__ 0/16 INFO :: Iteration=1671, Time=1.446257e+02, dt=1.250000e-01, max(Re)=1.833047
2023-11-09 12:29:13,046 __main__ 0/16 INFO :: Iteration=1681, Time=1.458757e+02, dt=1.250000e-01, max(Re)=1.981813
2023-11-09 12:29:13,391 __main__ 0/16 INFO :: Iteration=1691, Time=1.471257e+02, dt=1.250000e-01, max(Re)=2.106278
2023-11-09 12:29:13,747 __main__ 0/16 INFO :: Iteration=1701, Time=1.483757e+02, dt=1.250000e-01, max(Re)=2.204677
2023-11-09 12:29:14,100 __main__ 0/16 INFO :: Iteration=1711, Time=1.496257e+02, dt=1.250000e-01, max(Re)=2.176966
2023-11-09 12:29:14,728 __main__ 0/16 INFO :: Iteration=1721, Time=1.508757e+02, dt=1.250000e-01, max(Re)=2.034105
2023-11-09 12:29:15,098 __main__ 0/16 INFO :: Iteration=1731, Time=1.521257e+02, dt=1.250000e-01, max(Re)=1.865886
2023-11-09 12:29:15,510 __main__ 0/16 INFO :: Iteration=1741, Time=1.533757e+02, dt=1.250000e-01, max(Re)=1.889218
2023-11-09 12:29:15,878 __main__ 0/16 INFO :: Iteration=1751, Time=1.546257e+02, dt=1.250000e-01, max(Re)=1.911566
2023-11-09 12:29:16,244 __main__ 0/16 INFO :: Iteration=1761, Time=1.558757e+02, dt=1.250000e-01, max(Re)=1.891482
2023-11-09 12:29:16,590 __main__ 0/16 INFO :: Iteration=1771, Time=1.571257e+02, dt=1.250000e-01, max(Re)=1.826329
2023-11-09 12:29:16,954 __main__ 0/16 INFO :: Iteration=1781, Time=1.583757e+02, dt=1.250000e-01, max(Re)=1.838842
2023-11-09 12:29:17,324 __main__ 0/16 INFO :: Iteration=1791, Time=1.596257e+02, dt=1.250000e-01, max(Re)=1.824944
2023-11-09 12:29:17,690 __main__ 0/16 INFO :: Iteration=1801, Time=1.608757e+02, dt=1.250000e-01, max(Re)=1.753251
2023-11-09 12:29:18,042 __main__ 0/16 INFO :: Iteration=1811, Time=1.621257e+02, dt=1.250000e-01, max(Re)=1.628431
2023-11-09 12:29:18,585 __main__ 0/16 INFO :: Iteration=1821, Time=1.633757e+02, dt=1.250000e-01, max(Re)=1.541015
2023-11-09 12:29:18,942 __main__ 0/16 INFO :: Iteration=1831, Time=1.646257e+02, dt=1.250000e-01, max(Re)=1.519700
2023-11-09 12:29:19,305 __main__ 0/16 INFO :: Iteration=1841, Time=1.658757e+02, dt=1.250000e-01, max(Re)=1.440181
2023-11-09 12:29:19,671 __main__ 0/16 INFO :: Iteration=1851, Time=1.671257e+02, dt=1.250000e-01, max(Re)=1.340580
2023-11-09 12:29:20,042 __main__ 0/16 INFO :: Iteration=1861, Time=1.683757e+02, dt=1.250000e-01, max(Re)=1.317432
2023-11-09 12:29:20,399 __main__ 0/16 INFO :: Iteration=1871, Time=1.696257e+02, dt=1.250000e-01, max(Re)=1.272323
2023-11-09 12:29:20,742 __main__ 0/16 INFO :: Iteration=1881, Time=1.708757e+02, dt=1.250000e-01, max(Re)=1.219668
2023-11-09 12:29:21,111 __main__ 0/16 INFO :: Iteration=1891, Time=1.721257e+02, dt=1.250000e-01, max(Re)=1.161881
2023-11-09 12:29:21,471 __main__ 0/16 INFO :: Iteration=1901, Time=1.733757e+02, dt=1.250000e-01, max(Re)=1.103836
2023-11-09 12:29:21,826 __main__ 0/16 INFO :: Iteration=1911, Time=1.746257e+02, dt=1.250000e-01, max(Re)=1.072659
2023-11-09 12:29:22,385 __main__ 0/16 INFO :: Iteration=1921, Time=1.758757e+02, dt=1.250000e-01, max(Re)=1.120390
2023-11-09 12:29:22,749 __main__ 0/16 INFO :: Iteration=1931, Time=1.771257e+02, dt=1.250000e-01, max(Re)=1.154424
2023-11-09 12:29:23,094 __main__ 0/16 INFO :: Iteration=1941, Time=1.783757e+02, dt=1.250000e-01, max(Re)=1.145517
2023-11-09 12:29:23,440 __main__ 0/16 INFO :: Iteration=1951, Time=1.796257e+02, dt=1.250000e-01, max(Re)=1.088444
2023-11-09 12:29:23,796 __main__ 0/16 INFO :: Iteration=1961, Time=1.808757e+02, dt=1.250000e-01, max(Re)=0.983710
2023-11-09 12:29:24,148 __main__ 0/16 INFO :: Iteration=1971, Time=1.821257e+02, dt=1.250000e-01, max(Re)=0.837296
2023-11-09 12:29:24,499 __main__ 0/16 INFO :: Iteration=1981, Time=1.833757e+02, dt=1.250000e-01, max(Re)=0.660829
2023-11-09 12:29:24,846 __main__ 0/16 INFO :: Iteration=1991, Time=1.846257e+02, dt=1.250000e-01, max(Re)=0.474476
2023-11-09 12:29:25,206 __main__ 0/16 INFO :: Iteration=2001, Time=1.858757e+02, dt=1.250000e-01, max(Re)=0.483731
2023-11-09 12:29:25,550 __main__ 0/16 INFO :: Iteration=2011, Time=1.871257e+02, dt=1.250000e-01, max(Re)=0.491790
2023-11-09 12:29:26,130 __main__ 0/16 INFO :: Iteration=2021, Time=1.883757e+02, dt=1.250000e-01, max(Re)=0.478442
2023-11-09 12:29:26,491 __main__ 0/16 INFO :: Iteration=2031, Time=1.896257e+02, dt=1.250000e-01, max(Re)=0.458558
2023-11-09 12:29:26,838 __main__ 0/16 INFO :: Iteration=2041, Time=1.908757e+02, dt=1.250000e-01, max(Re)=0.495719
2023-11-09 12:29:27,202 __main__ 0/16 INFO :: Iteration=2051, Time=1.921257e+02, dt=1.250000e-01, max(Re)=0.539145
2023-11-09 12:29:27,563 __main__ 0/16 INFO :: Iteration=2061, Time=1.933757e+02, dt=1.250000e-01, max(Re)=0.588629
2023-11-09 12:29:27,971 __main__ 0/16 INFO :: Iteration=2071, Time=1.946257e+02, dt=1.250000e-01, max(Re)=0.676109
2023-11-09 12:29:28,374 __main__ 0/16 INFO :: Iteration=2081, Time=1.958757e+02, dt=1.250000e-01, max(Re)=0.746357
2023-11-09 12:29:28,755 __main__ 0/16 INFO :: Iteration=2091, Time=1.971257e+02, dt=1.250000e-01, max(Re)=0.798440
2023-11-09 12:29:29,093 __main__ 0/16 INFO :: Iteration=2101, Time=1.983757e+02, dt=1.250000e-01, max(Re)=0.832599
2023-11-09 12:29:29,455 __main__ 0/16 INFO :: Iteration=2111, Time=1.996257e+02, dt=1.250000e-01, max(Re)=0.849958
2023-11-09 12:29:30,187 __main__ 0/16 INFO :: Iteration=2121, Time=2.008757e+02, dt=1.250000e-01, max(Re)=0.853169
2023-11-09 12:29:30,570 __main__ 0/16 INFO :: Iteration=2131, Time=2.021257e+02, dt=1.250000e-01, max(Re)=0.853102
2023-11-09 12:29:30,933 __main__ 0/16 INFO :: Iteration=2141, Time=2.033757e+02, dt=1.250000e-01, max(Re)=0.871706
2023-11-09 12:29:31,296 __main__ 0/16 INFO :: Iteration=2151, Time=2.046257e+02, dt=1.250000e-01, max(Re)=0.892882
2023-11-09 12:29:31,650 __main__ 0/16 INFO :: Iteration=2161, Time=2.058757e+02, dt=1.250000e-01, max(Re)=0.920347
2023-11-09 12:29:32,008 __main__ 0/16 INFO :: Iteration=2171, Time=2.071257e+02, dt=1.250000e-01, max(Re)=0.954674
2023-11-09 12:29:32,375 __main__ 0/16 INFO :: Iteration=2181, Time=2.083757e+02, dt=1.250000e-01, max(Re)=0.982534
2023-11-09 12:29:32,724 __main__ 0/16 INFO :: Iteration=2191, Time=2.096257e+02, dt=1.250000e-01, max(Re)=0.996151
2023-11-09 12:29:33,100 __main__ 0/16 INFO :: Iteration=2201, Time=2.108757e+02, dt=1.250000e-01, max(Re)=0.993168
2023-11-09 12:29:33,467 __main__ 0/16 INFO :: Iteration=2211, Time=2.121257e+02, dt=1.250000e-01, max(Re)=0.998947
2023-11-09 12:29:34,001 __main__ 0/16 INFO :: Iteration=2221, Time=2.133757e+02, dt=1.250000e-01, max(Re)=1.001267
2023-11-09 12:29:34,347 __main__ 0/16 INFO :: Iteration=2231, Time=2.146257e+02, dt=1.250000e-01, max(Re)=0.989791
2023-11-09 12:29:34,736 __main__ 0/16 INFO :: Iteration=2241, Time=2.158757e+02, dt=1.250000e-01, max(Re)=0.968857
2023-11-09 12:29:35,079 __main__ 0/16 INFO :: Iteration=2251, Time=2.171257e+02, dt=1.250000e-01, max(Re)=0.942875
2023-11-09 12:29:35,425 __main__ 0/16 INFO :: Iteration=2261, Time=2.183757e+02, dt=1.250000e-01, max(Re)=0.916033
2023-11-09 12:29:35,765 __main__ 0/16 INFO :: Iteration=2271, Time=2.196257e+02, dt=1.250000e-01, max(Re)=0.893871
2023-11-09 12:29:36,114 __main__ 0/16 INFO :: Iteration=2281, Time=2.208757e+02, dt=1.250000e-01, max(Re)=0.883975
2023-11-09 12:29:36,456 __main__ 0/16 INFO :: Iteration=2291, Time=2.221257e+02, dt=1.250000e-01, max(Re)=0.881881
2023-11-09 12:29:36,826 __main__ 0/16 INFO :: Iteration=2301, Time=2.233757e+02, dt=1.250000e-01, max(Re)=0.875035
2023-11-09 12:29:37,161 __main__ 0/16 INFO :: Iteration=2311, Time=2.246257e+02, dt=1.250000e-01, max(Re)=0.858160
2023-11-09 12:29:37,744 __main__ 0/16 INFO :: Iteration=2321, Time=2.258757e+02, dt=1.250000e-01, max(Re)=0.829779
2023-11-09 12:29:38,098 __main__ 0/16 INFO :: Iteration=2331, Time=2.271257e+02, dt=1.250000e-01, max(Re)=0.789899
2023-11-09 12:29:38,441 __main__ 0/16 INFO :: Iteration=2341, Time=2.283757e+02, dt=1.250000e-01, max(Re)=0.739694
2023-11-09 12:29:38,817 __main__ 0/16 INFO :: Iteration=2351, Time=2.296257e+02, dt=1.250000e-01, max(Re)=0.681214
2023-11-09 12:29:39,175 __main__ 0/16 INFO :: Iteration=2361, Time=2.308757e+02, dt=1.250000e-01, max(Re)=0.631019
2023-11-09 12:29:39,524 __main__ 0/16 INFO :: Iteration=2371, Time=2.321257e+02, dt=1.250000e-01, max(Re)=0.603028
2023-11-09 12:29:39,886 __main__ 0/16 INFO :: Iteration=2381, Time=2.333757e+02, dt=1.250000e-01, max(Re)=0.573143
2023-11-09 12:29:40,232 __main__ 0/16 INFO :: Iteration=2391, Time=2.346257e+02, dt=1.250000e-01, max(Re)=0.540922
2023-11-09 12:29:40,585 __main__ 0/16 INFO :: Iteration=2401, Time=2.358757e+02, dt=1.250000e-01, max(Re)=0.505075
2023-11-09 12:29:40,978 __main__ 0/16 INFO :: Iteration=2411, Time=2.371257e+02, dt=1.250000e-01, max(Re)=0.464337
2023-11-09 12:29:41,497 __main__ 0/16 INFO :: Iteration=2421, Time=2.383757e+02, dt=1.250000e-01, max(Re)=0.418175
2023-11-09 12:29:41,858 __main__ 0/16 INFO :: Iteration=2431, Time=2.396257e+02, dt=1.250000e-01, max(Re)=0.367001
2023-11-09 12:29:42,207 __main__ 0/16 INFO :: Iteration=2441, Time=2.408757e+02, dt=1.250000e-01, max(Re)=0.313906
2023-11-09 12:29:42,554 __main__ 0/16 INFO :: Iteration=2451, Time=2.421257e+02, dt=1.250000e-01, max(Re)=0.266114
2023-11-09 12:29:42,894 __main__ 0/16 INFO :: Iteration=2461, Time=2.433757e+02, dt=1.250000e-01, max(Re)=0.214773
2023-11-09 12:29:43,238 __main__ 0/16 INFO :: Iteration=2471, Time=2.446257e+02, dt=1.250000e-01, max(Re)=0.178174
2023-11-09 12:29:43,597 __main__ 0/16 INFO :: Iteration=2481, Time=2.458757e+02, dt=1.250000e-01, max(Re)=0.142139
2023-11-09 12:29:43,973 __main__ 0/16 INFO :: Iteration=2491, Time=2.471257e+02, dt=1.250000e-01, max(Re)=0.104441
2023-11-09 12:29:44,376 __main__ 0/16 INFO :: Iteration=2501, Time=2.483757e+02, dt=1.250000e-01, max(Re)=0.084601
2023-11-09 12:29:44,772 __main__ 0/16 INFO :: Iteration=2511, Time=2.496257e+02, dt=1.250000e-01, max(Re)=0.117346
2023-11-09 12:29:45,445 __main__ 0/16 INFO :: Iteration=2521, Time=2.508757e+02, dt=1.250000e-01, max(Re)=0.147215
2023-11-09 12:29:46,003 __main__ 0/16 INFO :: Iteration=2531, Time=2.521257e+02, dt=1.250000e-01, max(Re)=0.176536
2023-11-09 12:29:46,441 __main__ 0/16 INFO :: Iteration=2541, Time=2.533757e+02, dt=1.250000e-01, max(Re)=0.210150
2023-11-09 12:29:46,820 __main__ 0/16 INFO :: Iteration=2551, Time=2.546257e+02, dt=1.250000e-01, max(Re)=0.245400
2023-11-09 12:29:47,166 __main__ 0/16 INFO :: Iteration=2561, Time=2.558757e+02, dt=1.250000e-01, max(Re)=0.278215
2023-11-09 12:29:47,511 __main__ 0/16 INFO :: Iteration=2571, Time=2.571257e+02, dt=1.250000e-01, max(Re)=0.307293
2023-11-09 12:29:47,873 __main__ 0/16 INFO :: Iteration=2581, Time=2.583757e+02, dt=1.250000e-01, max(Re)=0.344224
2023-11-09 12:29:48,233 __main__ 0/16 INFO :: Iteration=2591, Time=2.596257e+02, dt=1.250000e-01, max(Re)=0.385182
2023-11-09 12:29:48,577 __main__ 0/16 INFO :: Iteration=2601, Time=2.608757e+02, dt=1.250000e-01, max(Re)=0.422554
2023-11-09 12:29:48,937 __main__ 0/16 INFO :: Iteration=2611, Time=2.621257e+02, dt=1.250000e-01, max(Re)=0.455730
2023-11-09 12:29:49,455 __main__ 0/16 INFO :: Iteration=2621, Time=2.633757e+02, dt=1.250000e-01, max(Re)=0.484540
2023-11-09 12:29:49,864 __main__ 0/16 INFO :: Iteration=2631, Time=2.646257e+02, dt=1.250000e-01, max(Re)=0.509087
2023-11-09 12:29:50,222 __main__ 0/16 INFO :: Iteration=2641, Time=2.658757e+02, dt=1.250000e-01, max(Re)=0.529733
2023-11-09 12:29:50,592 __main__ 0/16 INFO :: Iteration=2651, Time=2.671257e+02, dt=1.250000e-01, max(Re)=0.547008
2023-11-09 12:29:50,944 __main__ 0/16 INFO :: Iteration=2661, Time=2.683757e+02, dt=1.250000e-01, max(Re)=0.561556
2023-11-09 12:29:51,290 __main__ 0/16 INFO :: Iteration=2671, Time=2.696257e+02, dt=1.250000e-01, max(Re)=0.580686
2023-11-09 12:29:51,640 __main__ 0/16 INFO :: Iteration=2681, Time=2.708757e+02, dt=1.250000e-01, max(Re)=0.600242
2023-11-09 12:29:51,982 __main__ 0/16 INFO :: Iteration=2691, Time=2.721257e+02, dt=1.250000e-01, max(Re)=0.615839
2023-11-09 12:29:52,323 __main__ 0/16 INFO :: Iteration=2701, Time=2.733757e+02, dt=1.250000e-01, max(Re)=0.626879
2023-11-09 12:29:52,671 __main__ 0/16 INFO :: Iteration=2711, Time=2.746257e+02, dt=1.250000e-01, max(Re)=0.633728
2023-11-09 12:29:53,224 __main__ 0/16 INFO :: Iteration=2721, Time=2.758757e+02, dt=1.250000e-01, max(Re)=0.639107
2023-11-09 12:29:53,570 __main__ 0/16 INFO :: Iteration=2731, Time=2.771257e+02, dt=1.250000e-01, max(Re)=0.646043
2023-11-09 12:29:53,948 __main__ 0/16 INFO :: Iteration=2741, Time=2.783757e+02, dt=1.250000e-01, max(Re)=0.650808
2023-11-09 12:29:54,314 __main__ 0/16 INFO :: Iteration=2751, Time=2.796257e+02, dt=1.250000e-01, max(Re)=0.652521
2023-11-09 12:29:54,670 __main__ 0/16 INFO :: Iteration=2761, Time=2.808757e+02, dt=1.250000e-01, max(Re)=0.651294
2023-11-09 12:29:55,010 __main__ 0/16 INFO :: Iteration=2771, Time=2.821257e+02, dt=1.250000e-01, max(Re)=0.647640
2023-11-09 12:29:55,354 __main__ 0/16 INFO :: Iteration=2781, Time=2.833757e+02, dt=1.250000e-01, max(Re)=0.641415
2023-11-09 12:29:55,724 __main__ 0/16 INFO :: Iteration=2791, Time=2.846257e+02, dt=1.250000e-01, max(Re)=0.631901
2023-11-09 12:29:56,064 __main__ 0/16 INFO :: Iteration=2801, Time=2.858757e+02, dt=1.250000e-01, max(Re)=0.618885
2023-11-09 12:29:56,414 __main__ 0/16 INFO :: Iteration=2811, Time=2.871257e+02, dt=1.250000e-01, max(Re)=0.602395
2023-11-09 12:29:56,981 __main__ 0/16 INFO :: Iteration=2821, Time=2.883757e+02, dt=1.250000e-01, max(Re)=0.582614
2023-11-09 12:29:57,335 __main__ 0/16 INFO :: Iteration=2831, Time=2.896257e+02, dt=1.250000e-01, max(Re)=0.559900
2023-11-09 12:29:57,797 __main__ 0/16 INFO :: Iteration=2841, Time=2.908757e+02, dt=1.250000e-01, max(Re)=0.534796
2023-11-09 12:29:58,146 __main__ 0/16 INFO :: Iteration=2851, Time=2.921257e+02, dt=1.250000e-01, max(Re)=0.508223
2023-11-09 12:29:58,484 __main__ 0/16 INFO :: Iteration=2861, Time=2.933757e+02, dt=1.250000e-01, max(Re)=0.481310
2023-11-09 12:29:58,842 __main__ 0/16 INFO :: Iteration=2871, Time=2.946257e+02, dt=1.250000e-01, max(Re)=0.453600
2023-11-09 12:29:59,179 __main__ 0/16 INFO :: Iteration=2881, Time=2.958757e+02, dt=1.250000e-01, max(Re)=0.429991
2023-11-09 12:29:59,516 __main__ 0/16 INFO :: Iteration=2891, Time=2.971257e+02, dt=1.250000e-01, max(Re)=0.404481
2023-11-09 12:29:59,864 __main__ 0/16 INFO :: Iteration=2901, Time=2.983757e+02, dt=1.250000e-01, max(Re)=0.376789
2023-11-09 12:30:00,200 __main__ 0/16 INFO :: Iteration=2911, Time=2.996257e+02, dt=1.250000e-01, max(Re)=0.347006
2023-11-09 12:30:00,722 __main__ 0/16 INFO :: Iteration=2921, Time=3.008757e+02, dt=1.250000e-01, max(Re)=0.315271
2023-11-09 12:30:01,073 __main__ 0/16 INFO :: Iteration=2931, Time=3.021257e+02, dt=1.250000e-01, max(Re)=0.281791
2023-11-09 12:30:01,412 __main__ 0/16 INFO :: Iteration=2941, Time=3.033757e+02, dt=1.250000e-01, max(Re)=0.246823
2023-11-09 12:30:01,759 __main__ 0/16 INFO :: Iteration=2951, Time=3.046257e+02, dt=1.250000e-01, max(Re)=0.210690
2023-11-09 12:30:02,104 __main__ 0/16 INFO :: Iteration=2961, Time=3.058757e+02, dt=1.250000e-01, max(Re)=0.173783
2023-11-09 12:30:02,453 __main__ 0/16 INFO :: Iteration=2971, Time=3.071257e+02, dt=1.250000e-01, max(Re)=0.136661
2023-11-09 12:30:02,826 __main__ 0/16 INFO :: Iteration=2981, Time=3.083757e+02, dt=1.250000e-01, max(Re)=0.100122
2023-11-09 12:30:03,169 __main__ 0/16 INFO :: Iteration=2991, Time=3.096257e+02, dt=1.250000e-01, max(Re)=0.083150
2023-11-09 12:30:03,521 __main__ 0/16 INFO :: Iteration=3001, Time=3.108757e+02, dt=1.250000e-01, max(Re)=0.075852
2023-11-09 12:30:03,866 __main__ 0/16 INFO :: Iteration=3011, Time=3.121257e+02, dt=1.250000e-01, max(Re)=0.069723
2023-11-09 12:30:04,566 __main__ 0/16 INFO :: Iteration=3021, Time=3.133757e+02, dt=1.250000e-01, max(Re)=0.075724
2023-11-09 12:30:04,931 __main__ 0/16 INFO :: Iteration=3031, Time=3.146257e+02, dt=1.250000e-01, max(Re)=0.102736
2023-11-09 12:30:05,279 __main__ 0/16 INFO :: Iteration=3041, Time=3.158757e+02, dt=1.250000e-01, max(Re)=0.131302
2023-11-09 12:30:05,643 __main__ 0/16 INFO :: Iteration=3051, Time=3.171257e+02, dt=1.250000e-01, max(Re)=0.162075
2023-11-09 12:30:06,010 __main__ 0/16 INFO :: Iteration=3061, Time=3.183757e+02, dt=1.250000e-01, max(Re)=0.191383
2023-11-09 12:30:06,361 __main__ 0/16 INFO :: Iteration=3071, Time=3.196257e+02, dt=1.250000e-01, max(Re)=0.220830
2023-11-09 12:30:06,720 __main__ 0/16 INFO :: Iteration=3081, Time=3.208757e+02, dt=1.250000e-01, max(Re)=0.249359
2023-11-09 12:30:07,117 __main__ 0/16 INFO :: Iteration=3091, Time=3.221257e+02, dt=1.250000e-01, max(Re)=0.276941
2023-11-09 12:30:07,466 __main__ 0/16 INFO :: Iteration=3101, Time=3.233757e+02, dt=1.250000e-01, max(Re)=0.303795
2023-11-09 12:30:07,877 __main__ 0/16 INFO :: Iteration=3111, Time=3.246257e+02, dt=1.250000e-01, max(Re)=0.328994
2023-11-09 12:30:08,562 __main__ 0/16 INFO :: Iteration=3121, Time=3.258757e+02, dt=1.250000e-01, max(Re)=0.352535
2023-11-09 12:30:08,931 __main__ 0/16 INFO :: Iteration=3131, Time=3.271257e+02, dt=1.250000e-01, max(Re)=0.375078
2023-11-09 12:30:09,278 __main__ 0/16 INFO :: Iteration=3141, Time=3.283757e+02, dt=1.250000e-01, max(Re)=0.395823
2023-11-09 12:30:09,634 __main__ 0/16 INFO :: Iteration=3151, Time=3.296257e+02, dt=1.250000e-01, max(Re)=0.414830
2023-11-09 12:30:09,995 __main__ 0/16 INFO :: Iteration=3161, Time=3.308757e+02, dt=1.250000e-01, max(Re)=0.432192
2023-11-09 12:30:10,352 __main__ 0/16 INFO :: Iteration=3171, Time=3.321257e+02, dt=1.250000e-01, max(Re)=0.447853
2023-11-09 12:30:10,716 __main__ 0/16 INFO :: Iteration=3181, Time=3.333757e+02, dt=1.250000e-01, max(Re)=0.461652
2023-11-09 12:30:11,065 __main__ 0/16 INFO :: Iteration=3191, Time=3.346257e+02, dt=1.250000e-01, max(Re)=0.473475
2023-11-09 12:30:11,423 __main__ 0/16 INFO :: Iteration=3201, Time=3.358757e+02, dt=1.250000e-01, max(Re)=0.483254
2023-11-09 12:30:11,773 __main__ 0/16 INFO :: Iteration=3211, Time=3.371257e+02, dt=1.250000e-01, max(Re)=0.490955
2023-11-09 12:30:12,565 __main__ 0/16 INFO :: Iteration=3221, Time=3.383757e+02, dt=1.250000e-01, max(Re)=0.496582
2023-11-09 12:30:12,923 __main__ 0/16 INFO :: Iteration=3231, Time=3.396257e+02, dt=1.250000e-01, max(Re)=0.500187
2023-11-09 12:30:13,318 __main__ 0/16 INFO :: Iteration=3241, Time=3.408757e+02, dt=1.250000e-01, max(Re)=0.501907
2023-11-09 12:30:13,683 __main__ 0/16 INFO :: Iteration=3251, Time=3.421257e+02, dt=1.250000e-01, max(Re)=0.502121
2023-11-09 12:30:14,046 __main__ 0/16 INFO :: Iteration=3261, Time=3.433757e+02, dt=1.250000e-01, max(Re)=0.500891
2023-11-09 12:30:14,420 __main__ 0/16 INFO :: Iteration=3271, Time=3.446257e+02, dt=1.250000e-01, max(Re)=0.497649
2023-11-09 12:30:14,786 __main__ 0/16 INFO :: Iteration=3281, Time=3.458757e+02, dt=1.250000e-01, max(Re)=0.492327
2023-11-09 12:30:15,151 __main__ 0/16 INFO :: Iteration=3291, Time=3.471257e+02, dt=1.250000e-01, max(Re)=0.484941
2023-11-09 12:30:15,510 __main__ 0/16 INFO :: Iteration=3301, Time=3.483757e+02, dt=1.250000e-01, max(Re)=0.475541
2023-11-09 12:30:15,870 __main__ 0/16 INFO :: Iteration=3311, Time=3.496257e+02, dt=1.250000e-01, max(Re)=0.464207
2023-11-09 12:30:16,462 __main__ 0/16 INFO :: Iteration=3321, Time=3.508757e+02, dt=1.250000e-01, max(Re)=0.451059
2023-11-09 12:30:16,817 __main__ 0/16 INFO :: Iteration=3331, Time=3.521257e+02, dt=1.250000e-01, max(Re)=0.437244
2023-11-09 12:30:17,161 __main__ 0/16 INFO :: Iteration=3341, Time=3.533757e+02, dt=1.250000e-01, max(Re)=0.422147
2023-11-09 12:30:17,511 __main__ 0/16 INFO :: Iteration=3351, Time=3.546257e+02, dt=1.250000e-01, max(Re)=0.405529
2023-11-09 12:30:17,870 __main__ 0/16 INFO :: Iteration=3361, Time=3.558757e+02, dt=1.250000e-01, max(Re)=0.387379
2023-11-09 12:30:18,212 __main__ 0/16 INFO :: Iteration=3371, Time=3.571257e+02, dt=1.250000e-01, max(Re)=0.367753
2023-11-09 12:30:18,558 __main__ 0/16 INFO :: Iteration=3381, Time=3.583757e+02, dt=1.250000e-01, max(Re)=0.346730
2023-11-09 12:30:18,902 __main__ 0/16 INFO :: Iteration=3391, Time=3.596257e+02, dt=1.250000e-01, max(Re)=0.324407
2023-11-09 12:30:19,245 __main__ 0/16 INFO :: Iteration=3401, Time=3.608757e+02, dt=1.250000e-01, max(Re)=0.300896
2023-11-09 12:30:19,590 __main__ 0/16 INFO :: Iteration=3411, Time=3.621257e+02, dt=1.250000e-01, max(Re)=0.276318
2023-11-09 12:30:20,135 __main__ 0/16 INFO :: Iteration=3421, Time=3.633757e+02, dt=1.250000e-01, max(Re)=0.250800
2023-11-09 12:30:20,485 __main__ 0/16 INFO :: Iteration=3431, Time=3.646257e+02, dt=1.250000e-01, max(Re)=0.224470
2023-11-09 12:30:20,823 __main__ 0/16 INFO :: Iteration=3441, Time=3.658757e+02, dt=1.250000e-01, max(Re)=0.197455
2023-11-09 12:30:21,169 __main__ 0/16 INFO :: Iteration=3451, Time=3.671257e+02, dt=1.250000e-01, max(Re)=0.169876
2023-11-09 12:30:21,524 __main__ 0/16 INFO :: Iteration=3461, Time=3.683757e+02, dt=1.250000e-01, max(Re)=0.141853
2023-11-09 12:30:21,882 __main__ 0/16 INFO :: Iteration=3471, Time=3.696257e+02, dt=1.250000e-01, max(Re)=0.113499
2023-11-09 12:30:22,224 __main__ 0/16 INFO :: Iteration=3481, Time=3.708757e+02, dt=1.250000e-01, max(Re)=0.084925
2023-11-09 12:30:22,570 __main__ 0/16 INFO :: Iteration=3491, Time=3.721257e+02, dt=1.250000e-01, max(Re)=0.060562
2023-11-09 12:30:22,911 __main__ 0/16 INFO :: Iteration=3501, Time=3.733757e+02, dt=1.250000e-01, max(Re)=0.053076
2023-11-09 12:30:23,256 __main__ 0/16 INFO :: Iteration=3511, Time=3.746257e+02, dt=1.250000e-01, max(Re)=0.057335
2023-11-09 12:30:23,790 __main__ 0/16 INFO :: Iteration=3521, Time=3.758757e+02, dt=1.250000e-01, max(Re)=0.062699
2023-11-09 12:30:24,136 __main__ 0/16 INFO :: Iteration=3531, Time=3.771257e+02, dt=1.250000e-01, max(Re)=0.076119
2023-11-09 12:30:24,488 __main__ 0/16 INFO :: Iteration=3541, Time=3.783757e+02, dt=1.250000e-01, max(Re)=0.102862
2023-11-09 12:30:24,843 __main__ 0/16 INFO :: Iteration=3551, Time=3.796257e+02, dt=1.250000e-01, max(Re)=0.129131
2023-11-09 12:30:25,192 __main__ 0/16 INFO :: Iteration=3561, Time=3.808757e+02, dt=1.250000e-01, max(Re)=0.154723
2023-11-09 12:30:25,531 __main__ 0/16 INFO :: Iteration=3571, Time=3.821257e+02, dt=1.250000e-01, max(Re)=0.179546
2023-11-09 12:30:25,878 __main__ 0/16 INFO :: Iteration=3581, Time=3.833757e+02, dt=1.250000e-01, max(Re)=0.203507
2023-11-09 12:30:26,250 __main__ 0/16 INFO :: Iteration=3591, Time=3.846257e+02, dt=1.250000e-01, max(Re)=0.226514
2023-11-09 12:30:26,585 __main__ 0/16 INFO :: Iteration=3601, Time=3.858757e+02, dt=1.250000e-01, max(Re)=0.248477
2023-11-09 12:30:26,934 __main__ 0/16 INFO :: Iteration=3611, Time=3.871257e+02, dt=1.250000e-01, max(Re)=0.269313
2023-11-09 12:30:27,508 __main__ 0/16 INFO :: Iteration=3621, Time=3.883757e+02, dt=1.250000e-01, max(Re)=0.288948
2023-11-09 12:30:27,877 __main__ 0/16 INFO :: Iteration=3631, Time=3.896257e+02, dt=1.250000e-01, max(Re)=0.307313
2023-11-09 12:30:28,236 __main__ 0/16 INFO :: Iteration=3641, Time=3.908757e+02, dt=1.250000e-01, max(Re)=0.324347
2023-11-09 12:30:28,596 __main__ 0/16 INFO :: Iteration=3651, Time=3.921257e+02, dt=1.250000e-01, max(Re)=0.339997
2023-11-09 12:30:28,952 __main__ 0/16 INFO :: Iteration=3661, Time=3.933757e+02, dt=1.250000e-01, max(Re)=0.354216
2023-11-09 12:30:29,296 __main__ 0/16 INFO :: Iteration=3671, Time=3.946257e+02, dt=1.250000e-01, max(Re)=0.366967
2023-11-09 12:30:29,646 __main__ 0/16 INFO :: Iteration=3681, Time=3.958757e+02, dt=1.250000e-01, max(Re)=0.378216
2023-11-09 12:30:29,994 __main__ 0/16 INFO :: Iteration=3691, Time=3.971257e+02, dt=1.250000e-01, max(Re)=0.387938
2023-11-09 12:30:30,335 __main__ 0/16 INFO :: Iteration=3701, Time=3.983757e+02, dt=1.250000e-01, max(Re)=0.396127
2023-11-09 12:30:30,707 __main__ 0/16 INFO :: Iteration=3711, Time=3.996257e+02, dt=1.250000e-01, max(Re)=0.402821
2023-11-09 12:30:31,377 __main__ 0/16 INFO :: Iteration=3721, Time=4.008757e+02, dt=1.250000e-01, max(Re)=0.407909
2023-11-09 12:30:31,768 __main__ 0/16 INFO :: Iteration=3731, Time=4.021257e+02, dt=1.250000e-01, max(Re)=0.411380
2023-11-09 12:30:32,127 __main__ 0/16 INFO :: Iteration=3741, Time=4.033757e+02, dt=1.250000e-01, max(Re)=0.413236
2023-11-09 12:30:32,505 __main__ 0/16 INFO :: Iteration=3751, Time=4.046257e+02, dt=1.250000e-01, max(Re)=0.413484
2023-11-09 12:30:32,869 __main__ 0/16 INFO :: Iteration=3761, Time=4.058757e+02, dt=1.250000e-01, max(Re)=0.412144
2023-11-09 12:30:33,243 __main__ 0/16 INFO :: Iteration=3771, Time=4.071257e+02, dt=1.250000e-01, max(Re)=0.409251
2023-11-09 12:30:33,601 __main__ 0/16 INFO :: Iteration=3781, Time=4.083757e+02, dt=1.250000e-01, max(Re)=0.404827
2023-11-09 12:30:33,959 __main__ 0/16 INFO :: Iteration=3791, Time=4.096257e+02, dt=1.250000e-01, max(Re)=0.398887
2023-11-09 12:30:34,305 __main__ 0/16 INFO :: Iteration=3801, Time=4.108757e+02, dt=1.250000e-01, max(Re)=0.391464
2023-11-09 12:30:34,660 __main__ 0/16 INFO :: Iteration=3811, Time=4.121257e+02, dt=1.250000e-01, max(Re)=0.382601
2023-11-09 12:30:35,200 __main__ 0/16 INFO :: Iteration=3821, Time=4.133757e+02, dt=1.250000e-01, max(Re)=0.372347
2023-11-09 12:30:35,595 __main__ 0/16 INFO :: Iteration=3831, Time=4.146257e+02, dt=1.250000e-01, max(Re)=0.360761
2023-11-09 12:30:35,943 __main__ 0/16 INFO :: Iteration=3841, Time=4.158757e+02, dt=1.250000e-01, max(Re)=0.347904
2023-11-09 12:30:36,323 __main__ 0/16 INFO :: Iteration=3851, Time=4.171257e+02, dt=1.250000e-01, max(Re)=0.333836
2023-11-09 12:30:36,672 __main__ 0/16 INFO :: Iteration=3861, Time=4.183757e+02, dt=1.250000e-01, max(Re)=0.318611
2023-11-09 12:30:37,014 __main__ 0/16 INFO :: Iteration=3871, Time=4.196257e+02, dt=1.250000e-01, max(Re)=0.302287
2023-11-09 12:30:37,359 __main__ 0/16 INFO :: Iteration=3881, Time=4.208757e+02, dt=1.250000e-01, max(Re)=0.284928
2023-11-09 12:30:37,710 __main__ 0/16 INFO :: Iteration=3891, Time=4.221257e+02, dt=1.250000e-01, max(Re)=0.266608
2023-11-09 12:30:38,064 __main__ 0/16 INFO :: Iteration=3901, Time=4.233757e+02, dt=1.250000e-01, max(Re)=0.247406
2023-11-09 12:30:38,404 __main__ 0/16 INFO :: Iteration=3911, Time=4.246257e+02, dt=1.250000e-01, max(Re)=0.227412
2023-11-09 12:30:38,995 __main__ 0/16 INFO :: Iteration=3921, Time=4.258757e+02, dt=1.250000e-01, max(Re)=0.206719
2023-11-09 12:30:39,346 __main__ 0/16 INFO :: Iteration=3931, Time=4.271257e+02, dt=1.250000e-01, max(Re)=0.185424
2023-11-09 12:30:39,693 __main__ 0/16 INFO :: Iteration=3941, Time=4.283757e+02, dt=1.250000e-01, max(Re)=0.163616
2023-11-09 12:30:40,047 __main__ 0/16 INFO :: Iteration=3951, Time=4.296257e+02, dt=1.250000e-01, max(Re)=0.141375
2023-11-09 12:30:40,394 __main__ 0/16 INFO :: Iteration=3961, Time=4.308757e+02, dt=1.250000e-01, max(Re)=0.118779
2023-11-09 12:30:40,735 __main__ 0/16 INFO :: Iteration=3971, Time=4.321257e+02, dt=1.250000e-01, max(Re)=0.095909
2023-11-09 12:30:41,080 __main__ 0/16 INFO :: Iteration=3981, Time=4.333757e+02, dt=1.250000e-01, max(Re)=0.072843
2023-11-09 12:30:41,431 __main__ 0/16 INFO :: Iteration=3991, Time=4.346257e+02, dt=1.250000e-01, max(Re)=0.050153
2023-11-09 12:30:41,773 __main__ 0/16 INFO :: Iteration=4001, Time=4.358757e+02, dt=1.250000e-01, max(Re)=0.044324
2023-11-09 12:30:42,120 __main__ 0/16 INFO :: Iteration=4011, Time=4.371257e+02, dt=1.250000e-01, max(Re)=0.039965
2023-11-09 12:30:42,661 __main__ 0/16 INFO :: Iteration=4021, Time=4.383757e+02, dt=1.250000e-01, max(Re)=0.071761
2023-11-09 12:30:43,038 __main__ 0/16 INFO :: Iteration=4031, Time=4.396257e+02, dt=1.250000e-01, max(Re)=0.149253
2023-11-09 12:30:43,378 __main__ 0/16 INFO :: Iteration=4041, Time=4.408757e+02, dt=1.250000e-01, max(Re)=0.314938
2023-11-09 12:30:43,725 __main__ 0/16 INFO :: Iteration=4051, Time=4.421257e+02, dt=1.250000e-01, max(Re)=0.670908
2023-11-09 12:30:44,075 __main__ 0/16 INFO :: Iteration=4061, Time=4.433757e+02, dt=1.250000e-01, max(Re)=1.451583
2023-11-09 12:30:44,426 __main__ 0/16 INFO :: Iteration=4071, Time=4.446257e+02, dt=1.250000e-01, max(Re)=3.148156
2023-11-09 12:30:44,796 __main__ 0/16 INFO :: Iteration=4081, Time=4.458757e+02, dt=1.250000e-01, max(Re)=6.930208
2023-11-09 12:30:45,136 __main__ 0/16 INFO :: Iteration=4091, Time=4.471257e+02, dt=1.250000e-01, max(Re)=15.262100
2023-11-09 12:30:45,629 __main__ 0/16 INFO :: Iteration=4101, Time=4.483757e+02, dt=1.250000e-01, max(Re)=33.976759
2023-11-09 12:30:46,038 __main__ 0/16 INFO :: Iteration=4111, Time=4.496257e+02, dt=1.250000e-01, max(Re)=75.655183
2023-11-09 12:30:46,697 __main__ 0/16 INFO :: Iteration=4121, Time=4.508757e+02, dt=1.250000e-01, max(Re)=166.823053
2023-11-09 12:30:47,064 __main__ 0/16 INFO :: Iteration=4131, Time=4.519919e+02, dt=1.116205e-01, max(Re)=316.171259
2023-11-09 12:30:47,405 __main__ 0/16 INFO :: Iteration=4141, Time=4.525076e+02, dt=5.156778e-02, max(Re)=386.750998
2023-11-09 12:30:47,729 __main__ 0/16 INFO :: Iteration=4151, Time=4.528743e+02, dt=3.666800e-02, max(Re)=397.607718
2023-11-09 12:30:48,041 __main__ 0/16 INFO :: Iteration=4161, Time=4.531892e+02, dt=3.149781e-02, max(Re)=433.009002
2023-11-09 12:30:48,343 __main__ 0/16 INFO :: Iteration=4171, Time=4.534776e+02, dt=2.883491e-02, max(Re)=456.009781
2023-11-09 12:30:48,620 __main__ 0/16 INFO :: Iteration=4181, Time=4.537659e+02, dt=2.883491e-02, max(Re)=465.507648
2023-11-09 12:30:48,958 __main__ 0/16 INFO :: Iteration=4191, Time=4.540352e+02, dt=2.692818e-02, max(Re)=465.880323
2023-11-09 12:30:49,222 __main__ 0/16 INFO :: Iteration=4201, Time=4.543045e+02, dt=2.692818e-02, max(Re)=461.369226
2023-11-09 12:30:49,494 __main__ 0/16 INFO :: Iteration=4211, Time=4.545738e+02, dt=2.692818e-02, max(Re)=454.188442
2023-11-09 12:30:49,775 __main__ 0/16 INFO :: Iteration=4221, Time=4.548431e+02, dt=2.692818e-02, max(Re)=445.894746
2023-11-09 12:30:50,081 __main__ 0/16 INFO :: Iteration=4231, Time=4.551123e+02, dt=2.692818e-02, max(Re)=437.268235
2023-11-09 12:30:50,386 __main__ 0/16 INFO :: Iteration=4241, Time=4.553989e+02, dt=2.865964e-02, max(Re)=428.211869
2023-11-09 12:30:50,652 __main__ 0/16 INFO :: Iteration=4251, Time=4.556855e+02, dt=2.865964e-02, max(Re)=419.753280
2023-11-09 12:30:50,925 __main__ 0/16 INFO :: Iteration=4261, Time=4.559721e+02, dt=2.865964e-02, max(Re)=413.109318
2023-11-09 12:30:51,225 __main__ 0/16 INFO :: Iteration=4271, Time=4.562753e+02, dt=3.031367e-02, max(Re)=407.493111
2023-11-09 12:30:52,072 __main__ 0/16 INFO :: Iteration=4281, Time=4.565784e+02, dt=3.031367e-02, max(Re)=402.437549
2023-11-09 12:30:52,343 __main__ 0/16 INFO :: Iteration=4291, Time=4.568815e+02, dt=3.031367e-02, max(Re)=399.564019
2023-11-09 12:30:52,779 __main__ 0/16 INFO :: Iteration=4301, Time=4.571847e+02, dt=3.031367e-02, max(Re)=399.034708
2023-11-09 12:30:53,549 __main__ 0/16 INFO :: Iteration=4311, Time=4.574878e+02, dt=3.031367e-02, max(Re)=401.285560
2023-11-09 12:30:53,926 __main__ 0/16 INFO :: Iteration=4321, Time=4.577910e+02, dt=3.031367e-02, max(Re)=403.253005
2023-11-09 12:30:54,190 __main__ 0/16 INFO :: Iteration=4331, Time=4.580941e+02, dt=3.031367e-02, max(Re)=404.978431
2023-11-09 12:30:54,483 __main__ 0/16 INFO :: Iteration=4341, Time=4.583972e+02, dt=3.031367e-02, max(Re)=406.467209
2023-11-09 12:30:54,751 __main__ 0/16 INFO :: Iteration=4351, Time=4.587004e+02, dt=3.031367e-02, max(Re)=407.691290
2023-11-09 12:30:55,245 __main__ 0/16 INFO :: Iteration=4361, Time=4.590035e+02, dt=3.031367e-02, max(Re)=408.713420
2023-11-09 12:30:56,271 __main__ 0/16 INFO :: Iteration=4371, Time=4.593066e+02, dt=3.031367e-02, max(Re)=409.562633
2023-11-09 12:30:56,601 __main__ 0/16 INFO :: Iteration=4381, Time=4.596098e+02, dt=3.031367e-02, max(Re)=410.049495
2023-11-09 12:30:56,862 __main__ 0/16 INFO :: Iteration=4391, Time=4.599129e+02, dt=3.031367e-02, max(Re)=410.161296
2023-11-09 12:30:57,257 __main__ 0/16 INFO :: Iteration=4401, Time=4.602161e+02, dt=3.031367e-02, max(Re)=409.894521
2023-11-09 12:30:57,799 __main__ 0/16 INFO :: Iteration=4411, Time=4.605192e+02, dt=3.031367e-02, max(Re)=409.260730
2023-11-09 12:30:58,474 __main__ 0/16 INFO :: Iteration=4421, Time=4.608223e+02, dt=3.031367e-02, max(Re)=408.271455
2023-11-09 12:30:58,744 __main__ 0/16 INFO :: Iteration=4431, Time=4.611255e+02, dt=3.031367e-02, max(Re)=406.940623
2023-11-09 12:30:59,028 __main__ 0/16 INFO :: Iteration=4441, Time=4.614286e+02, dt=3.031367e-02, max(Re)=405.285432
2023-11-09 12:30:59,294 __main__ 0/16 INFO :: Iteration=4451, Time=4.617317e+02, dt=3.031367e-02, max(Re)=403.333174
2023-11-09 12:30:59,584 __main__ 0/16 INFO :: Iteration=4461, Time=4.620349e+02, dt=3.031367e-02, max(Re)=401.119171
2023-11-09 12:31:00,086 __main__ 0/16 INFO :: Iteration=4471, Time=4.623380e+02, dt=3.031367e-02, max(Re)=398.690436
2023-11-09 12:31:00,527 __main__ 0/16 INFO :: Iteration=4481, Time=4.626411e+02, dt=3.031367e-02, max(Re)=396.111964
2023-11-09 12:31:00,802 __main__ 0/16 INFO :: Iteration=4491, Time=4.629443e+02, dt=3.031367e-02, max(Re)=393.455016
2023-11-09 12:31:01,109 __main__ 0/16 INFO :: Iteration=4501, Time=4.632630e+02, dt=3.187361e-02, max(Re)=390.674323
2023-11-09 12:31:01,391 __main__ 0/16 INFO :: Iteration=4511, Time=4.635818e+02, dt=3.187361e-02, max(Re)=387.964035
2023-11-09 12:31:01,656 __main__ 0/16 INFO :: Iteration=4521, Time=4.639005e+02, dt=3.187361e-02, max(Re)=385.411329
2023-11-09 12:31:01,926 __main__ 0/16 INFO :: Iteration=4531, Time=4.642192e+02, dt=3.187361e-02, max(Re)=383.092366
2023-11-09 12:31:02,213 __main__ 0/16 INFO :: Iteration=4541, Time=4.645380e+02, dt=3.187361e-02, max(Re)=381.086120
2023-11-09 12:31:02,478 __main__ 0/16 INFO :: Iteration=4551, Time=4.648567e+02, dt=3.187361e-02, max(Re)=379.325123
2023-11-09 12:31:02,751 __main__ 0/16 INFO :: Iteration=4561, Time=4.651754e+02, dt=3.187361e-02, max(Re)=377.803256
2023-11-09 12:31:03,022 __main__ 0/16 INFO :: Iteration=4571, Time=4.654942e+02, dt=3.187361e-02, max(Re)=376.499233
2023-11-09 12:31:03,308 __main__ 0/16 INFO :: Iteration=4581, Time=4.658129e+02, dt=3.187361e-02, max(Re)=375.385751
2023-11-09 12:31:03,578 __main__ 0/16 INFO :: Iteration=4591, Time=4.661316e+02, dt=3.187361e-02, max(Re)=374.438605
2023-11-09 12:31:04,101 __main__ 0/16 INFO :: Iteration=4601, Time=4.664665e+02, dt=3.348927e-02, max(Re)=373.606363
2023-11-09 12:31:04,386 __main__ 0/16 INFO :: Iteration=4611, Time=4.668014e+02, dt=3.348927e-02, max(Re)=372.921625
2023-11-09 12:31:04,654 __main__ 0/16 INFO :: Iteration=4621, Time=4.671363e+02, dt=3.348927e-02, max(Re)=372.437956
2023-11-09 12:31:06,263 __main__ 0/16 INFO :: Iteration=4631, Time=4.674712e+02, dt=3.348927e-02, max(Re)=372.111805
2023-11-09 12:31:07,534 __main__ 0/16 INFO :: Iteration=4641, Time=4.678061e+02, dt=3.348927e-02, max(Re)=371.936352
2023-11-09 12:31:07,799 __main__ 0/16 INFO :: Iteration=4651, Time=4.681410e+02, dt=3.348927e-02, max(Re)=371.923864
2023-11-09 12:31:08,240 __main__ 0/16 INFO :: Iteration=4661, Time=4.684759e+02, dt=3.348927e-02, max(Re)=372.106755
2023-11-09 12:31:08,522 __main__ 0/16 INFO :: Iteration=4671, Time=4.688108e+02, dt=3.348927e-02, max(Re)=372.528967
2023-11-09 12:31:08,789 __main__ 0/16 INFO :: Iteration=4681, Time=4.691457e+02, dt=3.348927e-02, max(Re)=373.118749
2023-11-09 12:31:09,230 __main__ 0/16 INFO :: Iteration=4691, Time=4.694806e+02, dt=3.348927e-02, max(Re)=373.834879
2023-11-09 12:31:10,009 __main__ 0/16 INFO :: Iteration=4701, Time=4.698155e+02, dt=3.348927e-02, max(Re)=374.621285
2023-11-09 12:31:10,273 __main__ 0/16 INFO :: Iteration=4711, Time=4.701504e+02, dt=3.348927e-02, max(Re)=375.408615
2023-11-09 12:31:10,669 __main__ 0/16 INFO :: Iteration=4721, Time=4.704852e+02, dt=3.348927e-02, max(Re)=376.117624
2023-11-09 12:31:11,261 __main__ 0/16 INFO :: Iteration=4731, Time=4.708201e+02, dt=3.348927e-02, max(Re)=376.703825
2023-11-09 12:31:12,297 __main__ 0/16 INFO :: Iteration=4741, Time=4.711550e+02, dt=3.348927e-02, max(Re)=377.136618
2023-11-09 12:31:12,707 __main__ 0/16 INFO :: Iteration=4751, Time=4.714899e+02, dt=3.348927e-02, max(Re)=377.284703
2023-11-09 12:31:13,035 __main__ 0/16 INFO :: Iteration=4761, Time=4.718248e+02, dt=3.348927e-02, max(Re)=377.096753
2023-11-09 12:31:13,298 __main__ 0/16 INFO :: Iteration=4771, Time=4.721597e+02, dt=3.348927e-02, max(Re)=376.556010
2023-11-09 12:31:13,563 __main__ 0/16 INFO :: Iteration=4781, Time=4.724946e+02, dt=3.348927e-02, max(Re)=375.693331
2023-11-09 12:31:13,851 __main__ 0/16 INFO :: Iteration=4791, Time=4.728295e+02, dt=3.348927e-02, max(Re)=374.583102
2023-11-09 12:31:14,131 __main__ 0/16 INFO :: Iteration=4801, Time=4.731644e+02, dt=3.348927e-02, max(Re)=373.360614
2023-11-09 12:31:14,395 __main__ 0/16 INFO :: Iteration=4811, Time=4.734993e+02, dt=3.348927e-02, max(Re)=372.078222
2023-11-09 12:31:14,719 __main__ 0/16 INFO :: Iteration=4821, Time=4.738342e+02, dt=3.348927e-02, max(Re)=370.896867
2023-11-09 12:31:15,097 __main__ 0/16 INFO :: Iteration=4831, Time=4.741691e+02, dt=3.348927e-02, max(Re)=369.905685
2023-11-09 12:31:15,370 __main__ 0/16 INFO :: Iteration=4841, Time=4.745040e+02, dt=3.348927e-02, max(Re)=369.139834
2023-11-09 12:31:15,986 __main__ 0/16 INFO :: Iteration=4851, Time=4.748389e+02, dt=3.348927e-02, max(Re)=368.729077
2023-11-09 12:31:16,452 __main__ 0/16 INFO :: Iteration=4861, Time=4.751737e+02, dt=3.348927e-02, max(Re)=368.487174
2023-11-09 12:31:16,735 __main__ 0/16 INFO :: Iteration=4871, Time=4.755086e+02, dt=3.348927e-02, max(Re)=368.362024
2023-11-09 12:31:17,019 __main__ 0/16 INFO :: Iteration=4881, Time=4.758435e+02, dt=3.348927e-02, max(Re)=368.304017
2023-11-09 12:31:17,284 __main__ 0/16 INFO :: Iteration=4891, Time=4.761784e+02, dt=3.348927e-02, max(Re)=368.266168
2023-11-09 12:31:17,574 __main__ 0/16 INFO :: Iteration=4901, Time=4.765133e+02, dt=3.348927e-02, max(Re)=368.209026
2023-11-09 12:31:17,862 __main__ 0/16 INFO :: Iteration=4911, Time=4.768482e+02, dt=3.348927e-02, max(Re)=368.117909
2023-11-09 12:31:18,132 __main__ 0/16 INFO :: Iteration=4921, Time=4.771831e+02, dt=3.348927e-02, max(Re)=368.084613
2023-11-09 12:31:18,404 __main__ 0/16 INFO :: Iteration=4931, Time=4.775180e+02, dt=3.348927e-02, max(Re)=367.991858
2023-11-09 12:31:18,690 __main__ 0/16 INFO :: Iteration=4941, Time=4.778529e+02, dt=3.348927e-02, max(Re)=367.885738
2023-11-09 12:31:18,962 __main__ 0/16 INFO :: Iteration=4951, Time=4.781878e+02, dt=3.348927e-02, max(Re)=367.725608
2023-11-09 12:31:19,226 __main__ 0/16 INFO :: Iteration=4961, Time=4.785227e+02, dt=3.348927e-02, max(Re)=367.495253
2023-11-09 12:31:19,514 __main__ 0/16 INFO :: Iteration=4971, Time=4.788576e+02, dt=3.348927e-02, max(Re)=367.203532
2023-11-09 12:31:19,786 __main__ 0/16 INFO :: Iteration=4981, Time=4.791925e+02, dt=3.348927e-02, max(Re)=366.862373
2023-11-09 12:31:20,077 __main__ 0/16 INFO :: Iteration=4991, Time=4.795274e+02, dt=3.348927e-02, max(Re)=366.486141
2023-11-09 12:31:20,646 __main__ 0/16 INFO :: Iteration=5001, Time=4.798622e+02, dt=3.348927e-02, max(Re)=366.091590
2023-11-09 12:31:20,921 __main__ 0/16 INFO :: Iteration=5011, Time=4.801971e+02, dt=3.348927e-02, max(Re)=365.695425
2023-11-09 12:31:21,186 __main__ 0/16 INFO :: Iteration=5021, Time=4.805320e+02, dt=3.348927e-02, max(Re)=365.313401
2023-11-09 12:31:21,739 __main__ 0/16 INFO :: Iteration=5031, Time=4.808669e+02, dt=3.348927e-02, max(Re)=364.959301
2023-11-09 12:31:22,375 __main__ 0/16 INFO :: Iteration=5041, Time=4.812018e+02, dt=3.348927e-02, max(Re)=364.643904
2023-11-09 12:31:22,666 __main__ 0/16 INFO :: Iteration=5051, Time=4.815367e+02, dt=3.348927e-02, max(Re)=364.375642
2023-11-09 12:31:23,094 __main__ 0/16 INFO :: Iteration=5061, Time=4.818716e+02, dt=3.348927e-02, max(Re)=364.158390
2023-11-09 12:31:23,358 __main__ 0/16 INFO :: Iteration=5071, Time=4.822065e+02, dt=3.348927e-02, max(Re)=363.992100
2023-11-09 12:31:24,266 __main__ 0/16 INFO :: Iteration=5081, Time=4.825414e+02, dt=3.348927e-02, max(Re)=363.873238
2023-11-09 12:31:24,682 __main__ 0/16 INFO :: Iteration=5091, Time=4.828763e+02, dt=3.348927e-02, max(Re)=363.795543
2023-11-09 12:31:25,098 __main__ 0/16 INFO :: Iteration=5101, Time=4.832112e+02, dt=3.348927e-02, max(Re)=363.786608
2023-11-09 12:31:25,777 __main__ 0/16 INFO :: Iteration=5111, Time=4.835461e+02, dt=3.348927e-02, max(Re)=363.831211
2023-11-09 12:31:26,184 __main__ 0/16 INFO :: Iteration=5121, Time=4.838810e+02, dt=3.348927e-02, max(Re)=363.859167
2023-11-09 12:31:26,546 __main__ 0/16 INFO :: Iteration=5131, Time=4.842158e+02, dt=3.348927e-02, max(Re)=363.860961
2023-11-09 12:31:26,889 __main__ 0/16 INFO :: Iteration=5141, Time=4.845507e+02, dt=3.348927e-02, max(Re)=363.830144
2023-11-09 12:31:27,158 __main__ 0/16 INFO :: Iteration=5151, Time=4.848856e+02, dt=3.348927e-02, max(Re)=363.763249
2023-11-09 12:31:27,425 __main__ 0/16 INFO :: Iteration=5161, Time=4.852205e+02, dt=3.348927e-02, max(Re)=363.677510
2023-11-09 12:31:27,796 __main__ 0/16 INFO :: Iteration=5171, Time=4.855554e+02, dt=3.348927e-02, max(Re)=363.629352
2023-11-09 12:31:28,170 __main__ 0/16 INFO :: Iteration=5181, Time=4.858903e+02, dt=3.348927e-02, max(Re)=363.559455
2023-11-09 12:31:28,447 __main__ 0/16 INFO :: Iteration=5191, Time=4.862252e+02, dt=3.348927e-02, max(Re)=363.467177
2023-11-09 12:31:28,745 __main__ 0/16 INFO :: Iteration=5201, Time=4.865601e+02, dt=3.348927e-02, max(Re)=363.353271
2023-11-09 12:31:29,331 __main__ 0/16 INFO :: Iteration=5211, Time=4.868950e+02, dt=3.348927e-02, max(Re)=363.234656
2023-11-09 12:31:29,600 __main__ 0/16 INFO :: Iteration=5221, Time=4.872299e+02, dt=3.348927e-02, max(Re)=363.097874
2023-11-09 12:31:30,143 __main__ 0/16 INFO :: Iteration=5231, Time=4.875648e+02, dt=3.348927e-02, max(Re)=362.944241
2023-11-09 12:31:30,416 __main__ 0/16 INFO :: Iteration=5241, Time=4.878997e+02, dt=3.348927e-02, max(Re)=362.776760
2023-11-09 12:31:30,681 __main__ 0/16 INFO :: Iteration=5251, Time=4.882346e+02, dt=3.348927e-02, max(Re)=362.599664
2023-11-09 12:31:30,977 __main__ 0/16 INFO :: Iteration=5261, Time=4.885695e+02, dt=3.348927e-02, max(Re)=362.414621
2023-11-09 12:31:31,241 __main__ 0/16 INFO :: Iteration=5271, Time=4.889043e+02, dt=3.348927e-02, max(Re)=362.223722
2023-11-09 12:31:31,511 __main__ 0/16 INFO :: Iteration=5281, Time=4.892392e+02, dt=3.348927e-02, max(Re)=362.028779
2023-11-09 12:31:31,799 __main__ 0/16 INFO :: Iteration=5291, Time=4.895741e+02, dt=3.348927e-02, max(Re)=361.831709
2023-11-09 12:31:32,066 __main__ 0/16 INFO :: Iteration=5301, Time=4.899090e+02, dt=3.348927e-02, max(Re)=361.633430
2023-11-09 12:31:32,333 __main__ 0/16 INFO :: Iteration=5311, Time=4.902439e+02, dt=3.348927e-02, max(Re)=361.434387
2023-11-09 12:31:32,619 __main__ 0/16 INFO :: Iteration=5321, Time=4.905788e+02, dt=3.348927e-02, max(Re)=361.234702
2023-11-09 12:31:32,992 __main__ 0/16 INFO :: Iteration=5331, Time=4.909137e+02, dt=3.348927e-02, max(Re)=361.034061
2023-11-09 12:31:33,262 __main__ 0/16 INFO :: Iteration=5341, Time=4.912486e+02, dt=3.348927e-02, max(Re)=360.858288
2023-11-09 12:31:33,550 __main__ 0/16 INFO :: Iteration=5351, Time=4.915835e+02, dt=3.348927e-02, max(Re)=360.708819
2023-11-09 12:31:33,814 __main__ 0/16 INFO :: Iteration=5361, Time=4.919184e+02, dt=3.348927e-02, max(Re)=360.537795
2023-11-09 12:31:34,127 __main__ 0/16 INFO :: Iteration=5371, Time=4.922533e+02, dt=3.348927e-02, max(Re)=360.344446
2023-11-09 12:31:34,589 __main__ 0/16 INFO :: Iteration=5381, Time=4.925882e+02, dt=3.348927e-02, max(Re)=360.143666
2023-11-09 12:31:34,855 __main__ 0/16 INFO :: Iteration=5391, Time=4.929231e+02, dt=3.348927e-02, max(Re)=359.916919
2023-11-09 12:31:35,121 __main__ 0/16 INFO :: Iteration=5401, Time=4.932580e+02, dt=3.348927e-02, max(Re)=359.664775
2023-11-09 12:31:35,736 __main__ 0/16 INFO :: Iteration=5411, Time=4.935928e+02, dt=3.348927e-02, max(Re)=359.389494
2023-11-09 12:31:36,140 __main__ 0/16 INFO :: Iteration=5421, Time=4.939277e+02, dt=3.348927e-02, max(Re)=359.094067
2023-11-09 12:31:36,407 __main__ 0/16 INFO :: Iteration=5431, Time=4.942626e+02, dt=3.348927e-02, max(Re)=358.816083
2023-11-09 12:31:37,275 __main__ 0/16 INFO :: Iteration=5441, Time=4.945975e+02, dt=3.348927e-02, max(Re)=358.557626
2023-11-09 12:31:37,717 __main__ 0/16 INFO :: Iteration=5451, Time=4.949324e+02, dt=3.348927e-02, max(Re)=358.297690
2023-11-09 12:31:38,525 __main__ 0/16 INFO :: Iteration=5461, Time=4.952673e+02, dt=3.348927e-02, max(Re)=358.027035
2023-11-09 12:31:38,806 __main__ 0/16 INFO :: Iteration=5471, Time=4.956022e+02, dt=3.348927e-02, max(Re)=357.745232
2023-11-09 12:31:39,285 __main__ 0/16 INFO :: Iteration=5481, Time=4.959371e+02, dt=3.348927e-02, max(Re)=357.452248
2023-11-09 12:31:40,033 __main__ 0/16 INFO :: Iteration=5491, Time=4.962720e+02, dt=3.348927e-02, max(Re)=357.148281
2023-11-09 12:31:40,325 __main__ 0/16 INFO :: Iteration=5501, Time=4.966069e+02, dt=3.348927e-02, max(Re)=356.833860
2023-11-09 12:31:41,311 __main__ 0/16 INFO :: Iteration=5511, Time=4.969418e+02, dt=3.348927e-02, max(Re)=356.509915
2023-11-09 12:31:41,879 __main__ 0/16 INFO :: Iteration=5521, Time=4.972767e+02, dt=3.348927e-02, max(Re)=356.177581
2023-11-09 12:31:42,504 __main__ 0/16 INFO :: Iteration=5531, Time=4.976284e+02, dt=3.517509e-02, max(Re)=355.822582
2023-11-09 12:31:42,770 __main__ 0/16 INFO :: Iteration=5541, Time=4.979802e+02, dt=3.517509e-02, max(Re)=355.459502
2023-11-09 12:31:43,248 __main__ 0/16 INFO :: Iteration=5551, Time=4.983319e+02, dt=3.517509e-02, max(Re)=355.091389
2023-11-09 12:31:43,517 __main__ 0/16 INFO :: Iteration=5561, Time=4.986837e+02, dt=3.517509e-02, max(Re)=354.719481
2023-11-09 12:31:43,807 __main__ 0/16 INFO :: Iteration=5571, Time=4.990354e+02, dt=3.517509e-02, max(Re)=354.398045
2023-11-09 12:31:44,663 __main__ 0/16 INFO :: Iteration=5581, Time=4.993872e+02, dt=3.517509e-02, max(Re)=354.090477
2023-11-09 12:31:44,933 __main__ 0/16 INFO :: Iteration=5591, Time=4.997389e+02, dt=3.517509e-02, max(Re)=353.772924
2023-11-09 12:31:45,149 solvers 0/16 INFO :: Simulation stop time reached.
2023-11-09 12:31:45,149 solvers 0/16 INFO :: Final iteration: 5599
2023-11-09 12:31:45,149 solvers 0/16 INFO :: Final sim time: 500.0203203376518
2023-11-09 12:31:45,149 solvers 0/16 INFO :: Setup time (init - iter 0): 3.627 sec
2023-11-09 12:31:45,149 solvers 0/16 INFO :: Warmup time (iter 0-10): 1.281 sec
2023-11-09 12:31:45,149 solvers 0/16 INFO :: Run time (iter 10-end): 224.1 sec
2023-11-09 12:31:45,149 solvers 0/16 INFO :: CPU time (iter 10-end): 0.996 cpu-hr
2023-11-09 12:31:45,149 solvers 0/16 INFO :: Speed: 4.024e+05 mode-stages/cpu-sec
kappa 0.001781741612749496
nu 0.0012472191289246471
R_0 20.0
kappa 0.001781741612749496
nu 0.0012472191289246471
R_0 20.0
kappa 0.001781741612749496
nu 0.0012472191289246471
R_0 20.0
['snapshots/snapshots_s1.h5', 'snapshots/snapshots_s2.h5', 'snapshots/snapshots_s3.h5', 'snapshots/snapshots_s4.h5', 'snapshots/snapshots_s5.h5', 'snapshots/snapshots_s6.h5', 'snapshots/snapshots_s7.h5', 'snapshots/snapshots_s8.h5', 'snapshots/snapshots_s9.h5', 'snapshots/snapshots_s10.h5', 'snapshots/snapshots_s11.h5', 'snapshots/snapshots_s12.h5', 'snapshots/snapshots_s13.h5', 'snapshots/snapshots_s14.h5', 'snapshots/snapshots_s15.h5', 'snapshots/snapshots_s16.h5', 'snapshots/snapshots_s17.h5', 'snapshots/snapshots_s18.h5', 'snapshots/snapshots_s19.h5', 'snapshots/snapshots_s20.h5', 'snapshots/snapshots_s21.h5', 'snapshots/snapshots_s22.h5', 'snapshots/snapshots_s23.h5', 'snapshots/snapshots_s24.h5', 'snapshots/snapshots_s25.h5', 'snapshots/snapshots_s26.h5', 'snapshots/snapshots_s27.h5', 'snapshots/snapshots_s28.h5', 'snapshots/snapshots_s29.h5', 'snapshots/snapshots_s30.h5', 'snapshots/snapshots_s31.h5', 'snapshots/snapshots_s32.h5', 'snapshots/snapshots_s33.h5', 'snapshots/snapshots_s34.h5', 'snapshots/s['snapshots/snapshots_s1.h5', 'snapshots/snapshots_s2.h5', 'snapshots/snapshots_s3.h5', 'snapshots/snapshots_s4.h5', 'snapshots/snapshots_s5.h5', 'snapshots/snapshots_s6.h5', 'snapshots/snapshots_s7.h5', 'snapshots/snapshots_s8.h5', 'snapshots/snapshots_s9.h5', 'snapshots/snapshots_s10.h5', 'snapshots/snapshots_s11.h5', 'snapshots/snapshots_s12.h5', 'snapshots/snapshots_s13.h5', 'snapshots/snapshots_s14.h5', 'snapshots/snapshots_s15.h5', 'snapshots/snapshots_s16.h5', 'snapshots/snapshots_s17.h5', 'snapshots/snapshots_s18.h5', 'snapshots/snapshots_s19.h5', 'snapshots/snapshots_s20.h5', 'snapshots/snapshots_s21.h5', 'snapshots/snapshots_s22.h5', 'snapshots/snapshots_s23.h5', 'snapshots/snapshots_s24.h5', 'snapshots/snapshots_s25.h5', 'snapshots/snapshots_s26.h5', 'snapshots/snapshots_s27.h5', 'snapshots/snapshots_s28.h5', 'snapshots/snapshots_s29.h5', 'snapshots/snapshots_s30.h5', 'snapshots/snapshots_s31.h5', 'snapshots/snapshots_s32.h5', 'snapshots/snapshots_s33.h5', 'snapshots/snapshots_s34.h5', 'snapshots/s['snapshots/snapshots_s1.h5', 'snapshots/snapshots_s2.h5', 'snapshots/snapshots_s3.h5', 'snapshots/snapshots_s4.h5', 'snapshots/snapshots_s5.h5', 'snapshots/snapshots_s6.h5', 'snapshots/snapshots_s7.h5', 'snapshots/snapshots_s8.h5', 'snapshots/snapshots_s9.h5', 'snapshots/snapshots_s10.h5', 'snapshots/snapshots_s11.h5', 'snapshots/snapshots_s12.h5', 'snapshots/snapshots_s13.h5', 'snapshots/snapshots_s14.h5', 'snapshots/snapshots_s15.h5', 'snapshots/snapshots_s16.h5', 'snapshots/snapshots_s17.h5', 'snapshots/snapshots_s18.h5', 'snapshots/snapshots_s19.h5', 'snapshots/snapshots_s20.h5', 'snapshots/snapshots_s21.h5', 'snapshots/snapshots_s22.h5', 'snapshots/snapshots_s23.h5', 'snapshots/snapshots_s24.h5', 'snapshots/snapshots_s25.h5', 'snapshots/snapshots_s26.h5', 'snapshots/snapshots_s27.h5', 'snapshots/snapshots_s28.h5', 'snapshots/snapshots_s29.h5', 'snapshots/snapshots_s30.h5', 'snapshots/snapshots_s31.h5', 'snapshots/snapshots_s32.h5', 'snapshots/snapshots_s33.h5', 'snapshots/snapshots_s34.h5', 'snapshots/snapshots_s35.h5', 'snapshots/snapshots_s36.h5', 'snapshots/snapshots_s37.h5', 'snapshots/snapshots_s38.h5', 'snapshots/snapshots_s39.h5', 'snapshots/snapshots_s40.h5']
napshots_s35.h5', 'snapshots/snapshots_s36.h5', 'snapshots/snapshots_s37.h5', 'snapshots/snapshots_s38.h5', 'snapshots/snapshots_s39.h5', 'snapshots/snapshots_s40.h5']
napshots_s35.h5', 'snapshots/snapshots_s36.h5', 'snapshots/snapshots_s37.h5', 'snapshots/snapshots_s38.h5', 'snapshots/snapshots_s39.h5', 'snapshots/snapshots_s40.h5']
kappa 0.001781741612749496
nu 0.0012472191289246471
R_0 20.0
kappa 0.001781741612749496
nu 0.0012472191289246471
R_0 20.0
kappa 0.001781741612749496
nu 0.0012472191289246471
R_0 20.0
['snapshots/snapshots_s1.h5', 'snapshots/snapshots_s2.h5', 'snapshots/snapshots_s3.h5', 'snapshots/snapshots_s4.h5', 'snapshots/snapshots_s5.h5', 'snapshots/snapshots_s6.h5', 'snapshots/snapshots_s7.h5', 'snapshots/snapshots_s8.h5', 'snapshots/snapshots_s9.h5', 'snapshots/snapshots_s10.h5', 'snapshots/snapshots_s11.h5', 'snapshots/snapshots_s12.h5', 'snapshots/snapshots_s13.h5', 'snapshots/snapshots_s14.h5', 'snapshots/snapshots_s15.h5', 'snapshots/snapshots_s16.h5', 'snapshots/snapshots_s17.h5', 'snapshots/snapshots_s18.h5', 'snapshots/snapshots_s19.h5', 'snapshots/snapshots_s20.h5', 'snapshots/snapshots_s21.h5', 'snapshots/snapshots_s22.h5', 'snapshots/snapshots_s23.h5', 'snapshots/snapshots_s24.h5', 'snapshots/snapshots_s25.h5', 'snapshots/snapshots_s26.h5', 'snapshots/snapshots_s27.h5', 'snapshots/snapshots_s28.h5', 'snapshots/snapshots_s29.h5', 'snapshots/snapshots_s30.h5', 'snapshots/snapshots_s31.h5', 'snapshots/snapshots_s32.h5', 'snapshots/snapshots_s33.h5', 'snapshots/snapshots_s34.h5', 'snapshots/s['snapshots/snapshots_s1.h5', 'snapshots/snapshots_s2.h5', 'snapshots/snapshots_s3.h5', 'snapshots/snapshots_s4.h5', 'snapshots/snapshots_s5.h5', 'snapshots/snapshots_s6.h5', 'snapshots/snapshots_s7.h5', 'snapshots/snapshots_s8.h5', 'snapshots/snapshots_s9.h5', 'snapshots/snapshots_s10.h5', 'snapshots/snapshots_s11.h5', 'snapshots/snapshots_s12.h5', 'snapshots/snapshots_s13.h5', 'snapshots/snapshots_s14.h5', 'snapshots/snapshots_s15.h5', 'snapshots/snapshots_s16.h5', 'snapshots/snapshots_s17.h5', 'snapshots/snapshots_s18.h5', 'snapshots/snapshots_s19.h5', 'snapshots/snapshots_s20.h5', 'snapshots/snapshots_s21.h5', 'snapshots/snapshots_s22.h5', 'snapshots/snapshots_s23.h5', 'snapshots/snapshots_s24.h5', 'snapshots/snapshots_s25.h5', 'snapshots/snapshots_s26.h5', 'snapshots/snapshots_s27.h5', 'snapshots/snapshots_s28.h5', 'snapshots/snapshots_s29.h5', 'snapshots/snapshots_s30.h5', 'snapshots/snapshots_s31.h5', 'snapshots/snapshots_s32.h5', 'snapshots/snapshots_s33.h5', 'snapshots/snapshots_s34.h5', 'snapshots/s['snapshots/snapshots_s1.h5', 'snapshots/snapshots_s2.h5', 'snapshots/snapshots_s3.h5', 'snapshots/snapshots_s4.h5', 'snapshots/snapshots_s5.h5', 'snapshots/snapshots_s6.h5', 'snapshots/snapshots_s7.h5', 'snapshots/snapshots_s8.h5', 'snapshots/snapshots_s9.h5', 'snapshots/snapshots_s10.h5', 'snapshots/snapshots_s11.h5', 'snapshots/snapshots_s12.h5', 'snapshots/snapshots_s13.h5', 'snapshots/snapshots_s14.h5', 'snapshots/snapshots_s15.h5', 'snapshots/snapshots_s16.h5', 'snapshots/snapshots_s17.h5', 'snapshots/snapshots_s18.h5', 'snapshots/snapshots_s19.h5', 'snapshots/snapshots_s20.h5', 'snapshots/snapshots_s21.h5', 'snapshots/snapshots_s22.h5', 'snapshots/snapshots_s23.h5', 'snapshots/snapshots_s24.h5', 'snapshots/snapshots_s25.h5', 'snapshots/snapshots_s26.h5', 'snapshots/snapshots_s27.h5', 'snapshots/snapshots_s28.h5', 'snapshots/snapshots_s29.h5', 'snapshots/snapshots_s30.h5', 'snapshots/snapshots_s31.h5', 'snapshots/snapshots_s32.h5', 'snapshots/snapshots_s33.h5', 'snapshots/snapshots_s34.h5', 'snapshots/snapshots_s35.h5', 'snapshots/snapshots_s36.h5', 'snapshots/snapshots_s37.h5', 'snapshots/snapshots_s38.h5', 'snapshots/snapshots_s39.h5', 'snapshots/snapshots_s40.h5']
napshots_s35.h5', 'snapshots/snapshots_s36.h5', 'snapshots/snapshots_s37.h5', 'snapshots/snapshots_s38.h5', 'snapshots/snapshots_s39.h5', 'snapshots/snapshots_s40.h5']
napshots_s35.h5', 'snapshots/snapshots_s36.h5', 'snapshots/snapshots_s37.h5', 'snapshots/snapshots_s38.h5', 'snapshots/snapshots_s39.h5', 'snapshots/snapshots_s40.h5']
kappa 0.001781741612749496
nu 0.0012472191289246471
R_0 20.0
kappa 0.001781741612749496
nu 0.0012472191289246471
R_0 20.0
kappa 0.001781741612749496
nu 0.0012472191289246471
R_0 20.0
['snapshots/snapshots_s1.h5', 'snapshots/snapshots_s2.h5', 'snapshots/snapshots_s3.h5', 'snapshots/snapshots_s4.h5', 'snapshots/snapshots_s5.h5', 'snapshots/snapshots_s6.h5', 'snapshots/snapshots_s7.h5', 'snapshots/snapshots_s8.h5', 'snapshots/snapshots_s9.h5', 'snapshots/snapshots_s10.h5', 'snapshots/snapshots_s11.h5', 'snapshots/snapshots_s12.h5', 'snapshots/snapshots_s13.h5', 'snapshots/snapshots_s14.h5', 'snapshots/snapshots_s15.h5', 'snapshots/snapshots_s16.h5', 'snapshots/snapshots_s17.h5', 'snapshots/snapshots_s18.h5', 'snapshots/snapshots_s19.h5', 'snapshots/snapshots_s20.h5', 'snapshots/snapshots_s21.h5', 'snapshots/snapshots_s22.h5', 'snapshots/snapshots_s23.h5', 'snapshots/snapshots_s24.h5', 'snapshots/snapshots_s25.h5', 'snapshots/snapshots_s26.h5', 'snapshots/snapshots_s27.h5', 'snapshots/snapshots_s28.h5', 'snapshots/snapshots_s29.h5', 'snapshots/snapshots_s30.h5', 'snapshots/snapshots_s31.h5', 'snapshots/snapshots_s32.h5', 'snapshots/snapshots_s33.h5', 'snapshots/snapshots_s34.h5', 'snapshots/s['snapshots/snapshots_s1.h5', 'snapshots/snapshots_s2.h5', 'snapshots/snapshots_s3.h5', 'snapshots/snapshots_s4.h5', 'snapshots/snapshots_s5.h5', 'snapshots/snapshots_s6.h5', 'snapshots/snapshots_s7.h5', 'snapshots/snapshots_s8.h5', 'snapshots/snapshots_s9.h5', 'snapshots/snapshots_s10.h5', 'snapshots/snapshots_s11.h5', 'snapshots/snapshots_s12.h5', 'snapshots/snapshots_s13.h5', 'snapshots/snapshots_s14.h5', 'snapshots/snapshots_s15.h5', 'snapshots/snapshots_s16.h5', 'snapshots/snapshots_s17.h5', 'snapshots/snapshots_s18.h5', 'snapshots/snapshots_s19.h5', 'snapshots/snapshots_s20.h5', 'snapshots/snapshots_s21.h5', 'snapshots/snapshots_s22.h5', 'snapshots/snapshots_s23.h5', 'snapshots/snapshots_s24.h5', 'snapshots/snapshots_s25.h5', 'snapshots/snapshots_s26.h5', 'snapshots/snapshots_s27.h5', 'snapshots/snapshots_s28.h5', 'snapshots/snapshots_s29.h5', 'snapshots/snapshots_s30.h5', 'snapshots/snapshots_s31.h5', 'snapshots/snapshots_s32.h5', 'snapshots/snapshots_s33.h5', 'snapshots/snapshots_s34.h5', 'snapshots/s['snapshots/snapshots_s1.h5', 'snapshots/snapshots_s2.h5', 'snapshots/snapshots_s3.h5', 'snapshots/snapshots_s4.h5', 'snapshots/snapshots_s5.h5', 'snapshots/snapshots_s6.h5', 'snapshots/snapshots_s7.h5', 'snapshots/snapshots_s8.h5', 'snapshots/snapshots_s9.h5', 'snapshots/snapshots_s10.h5', 'snapshots/snapshots_s11.h5', 'snapshots/snapshots_s12.h5', 'snapshots/snapshots_s13.h5', 'snapshots/snapshots_s14.h5', 'snapshots/snapshots_s15.h5', 'snapshots/snapshots_s16.h5', 'snapshots/snapshots_s17.h5', 'snapshots/snapshots_s18.h5', 'snapshots/snapshots_s19.h5', 'snapshots/snapshots_s20.h5', 'snapshots/snapshots_s21.h5', 'snapshots/snapshots_s22.h5', 'snapshots/snapshots_s23.h5', 'snapshots/snapshots_s24.h5', 'snapshots/snapshots_s25.h5', 'snapshots/snapshots_s26.h5', 'snapshots/snapshots_s27.h5', 'snapshots/snapshots_s28.h5', 'snapshots/snapshots_s29.h5', 'snapshots/snapshots_s30.h5', 'snapshots/snapshots_s31.h5', 'snapshots/snapshots_s32.h5', 'snapshots/snapshots_s33.h5', 'snapshots/snapshots_s34.h5', 'snapshots/snapshots_s35.h5', 'snapshots/snapshots_s36.h5', 'snapshots/snapshots_s37.h5', 'snapshots/snapshots_s38.h5', 'snapshots/snapshots_s39.h5', 'snapshots/snapshots_s40.h5']
napshots_s35.h5', 'snapshots/snapshots_s36.h5', 'snapshots/snapshots_s37.h5', 'snapshots/snapshots_s38.h5', 'snapshots/snapshots_s39.h5', 'snapshots/snapshots_s40.h5']
napshots_s35.h5', 'snapshots/snapshots_s36.h5', 'snapshots/snapshots_s37.h5', 'snapshots/snapshots_s38.h5', 'snapshots/snapshots_s39.h5', 'snapshots/snapshots_s40.h5']
kappa 0.001781741612749496
nu 0.0012472191289246471
R_0 20.0
kappa 0.001781741612749496
nu 0.0012472191289246471
R_0 20.0
kappa 0.001781741612749496
nu 0.0012472191289246471
R_0 20.0
['snapshots/snapshots_s1.h5', 'snapshots/snapshots_s2.h5', 'snapshots/snapshots_s3.h5', 'snapshots/snapshots_s4.h5', 'snapshots/snapshots_s5.h5', 'snapshots/snapshots_s6.h5', 'snapshots/snapshots_s7.h5', 'snapshots/snapshots_s8.h5', 'snapshots/snapshots_s9.h5', 'snapshots/snapshots_s10.h5', 'snapshots/snapshots_s11.h5', 'snapshots/snapshots_s12.h5', 'snapshots/snapshots_s13.h5', 'snapshots/snapshots_s14.h5', 'snapshots/snapshots_s15.h5', 'snapshots/snapshots_s16.h5', 'snapshots/snapshots_s17.h5', 'snapshots/snapshots_s18.h5', 'snapshots/snapshots_s19.h5', 'snapshots/snapshots_s20.h5', 'snapshots/snapshots_s21.h5', 'snapshots/snapshots_s22.h5', 'snapshots/snapshots_s23.h5', 'snapshots/snapshots_s24.h5', 'snapshots/snapshots_s25.h5', 'snapshots/snapshots_s26.h5', 'snapshots/snapshots_s27.h5', 'snapshots/snapshots_s28.h5', 'snapshots/snapshots_s29.h5', 'snapshots/snapshots_s30.h5', 'snapshots/snapshots_s31.h5', 'snapshots/snapshots_s32.h5', 'snapshots/snapshots_s33.h5', 'snapshots/snapshots_s34.h5', 'snapshots/s['snapshots/snapshots_s1.h5', 'snapshots/snapshots_s2.h5', 'snapshots/snapshots_s3.h5', 'snapshots/snapshots_s4.h5', 'snapshots/snapshots_s5.h5', 'snapshots/snapshots_s6.h5', 'snapshots/snapshots_s7.h5', 'snapshots/snapshots_s8.h5', 'snapshots/snapshots_s9.h5', 'snapshots/snapshots_s10.h5', 'snapshots/snapshots_s11.h5', 'snapshots/snapshots_s12.h5', 'snapshots/snapshots_s13.h5', 'snapshots/snapshots_s14.h5', 'snapshots/snapshots_s15.h5', 'snapshots/snapshots_s16.h5', 'snapshots/snapshots_s17.h5', 'snapshots/snapshots_s18.h5', 'snapshots/snapshots_s19.h5', 'snapshots/snapshots_s20.h5', 'snapshots/snapshots_s21.h5', 'snapshots/snapshots_s22.h5', 'snapshots/snapshots_s23.h5', 'snapshots/snapshots_s24.h5', 'snapshots/snapshots_s25.h5', 'snapshots/snapshots_s26.h5', 'snapshots/snapshots_s27.h5', 'snapshots/snapshots_s28.h5', 'snapshots/snapshots_s29.h5', 'snapshots/snapshots_s30.h5', 'snapshots/snapshots_s31.h5', 'snapshots/snapshots_s32.h5', 'snapshots/snapshots_s33.h5', 'snapshots/snapshots_s34.h5', 'snapshots/s['snapshots/snapshots_s1.h5', 'snapshots/snapshots_s2.h5', 'snapshots/snapshots_s3.h5', 'snapshots/snapshots_s4.h5', 'snapshots/snapshots_s5.h5', 'snapshots/snapshots_s6.h5', 'snapshots/snapshots_s7.h5', 'snapshots/snapshots_s8.h5', 'snapshots/snapshots_s9.h5', 'snapshots/snapshots_s10.h5', 'snapshots/snapshots_s11.h5', 'snapshots/snapshots_s12.h5', 'snapshots/snapshots_s13.h5', 'snapshots/snapshots_s14.h5', 'snapshots/snapshots_s15.h5', 'snapshots/snapshots_s16.h5', 'snapshots/snapshots_s17.h5', 'snapshots/snapshots_s18.h5', 'snapshots/snapshots_s19.h5', 'snapshots/snapshots_s20.h5', 'snapshots/snapshots_s21.h5', 'snapshots/snapshots_s22.h5', 'snapshots/snapshots_s23.h5', 'snapshots/snapshots_s24.h5', 'snapshots/snapshots_s25.h5', 'snapshots/snapshots_s26.h5', 'snapshots/snapshots_s27.h5', 'snapshots/snapshots_s28.h5', 'snapshots/snapshots_s29.h5', 'snapshots/snapshots_s30.h5', 'snapshots/snapshots_s31.h5', 'snapshots/snapshots_s32.h5', 'snapshots/snapshots_s33.h5', 'snapshots/snapshots_s34.h5', 'snapshots/snapshots_s35.h5', 'snapshots/snapshots_s36.h5', 'snapshots/snapshots_s37.h5', 'snapshots/snapshots_s38.h5', 'snapshots/snapshots_s39.h5', 'snapshots/snapshots_s40.h5']
napshots_s35.h5', 'snapshots/snapshots_s36.h5', 'snapshots/snapshots_s37.h5', 'snapshots/snapshots_s38.h5', 'snapshots/snapshots_s39.h5', 'snapshots/snapshots_s40.h5']
napshots_s35.h5', 'snapshots/snapshots_s36.h5', 'snapshots/snapshots_s37.h5', 'snapshots/snapshots_s38.h5', 'snapshots/snapshots_s39.h5', 'snapshots/snapshots_s40.h5']
['snapshots/snapshots_s1.h5', 'snapshots/snapshots_s2.h5', 'snapshots/snapshots_s3.h5', 'snapshots/snapshots_s4.h5', 'snapshots/snapshots_s5.h5', 'snapshots/snapshots_s6.h5', 'snapshots/snapshots_s7.h5', 'snapshots/snapshots_s8.h5', 'snapshots/snapshots_s9.h5', 'snapshots/snapshots_s10.h5', 'snapshots/snapshots_s11.h5', 'snapshots/snapshots_s12.h5', 'snapshots/snapshots_s13.h5', 'snapshots/snapshots_s14.h5', 'snapshots/snapshots_s15.h5', 'snapshots/snapshots_s16.h5', 'snapshots/snapshots_s17.h5', 'snapshots/snapshots_s18.h5', 'snapshots/snapshots_s19.h5', 'snapshots/snapshots_s20.h5', 'snapshots/snapshots_s21.h5', 'snapshots/snapshots_s22.h5', 'snapshots/snapshots_s23.h5', 'snapshots/snapshots_s24.h5', 'snapshots/snapshots_s25.h5', 'snapshots/snapshots_s26.h5', 'snapshots/snapshots_s27.h5', 'snapshots/snapshots_s28.h5', 'snapshots/snapshots_s29.h5', 'snapshots/snapshots_s30.h5', 'snapshots/snapshots_s31.h5', 'snapshots/snapshots_s32.h5', 'snapshots/snapshots_s33.h5', 'snapshots/snapshots_s34.h5', 'snapshots/snapshots_s35.h5', 'snapshots/snapshots_s36.h5', 'snapshots/snapshots_s37.h5', 'snapshots/snapshots_s38.h5', 'snapshots/snapshots_s39.h5', 'snapshots/snapshots_s40.h5']
kappa 0.001781741612749496
nu 0.0012472191289246471
R_0 20.0
['snapshots/snapshots_s1.h5', 'snapshots/snapshots_s2.h5', 'snapshots/snapshots_s3.h5', 'snapshots/snapshots_s4.h5', 'snapshots/snapshots_s5.h5', 'snapshots/snapshots_s6.h5', 'snapshots/snapshots_s7.h5', 'snapshots/snapshots_s8.h5', 'snapshots/snapshots_s9.h5', 'snapshots/snapshots_s10.h5', 'snapshots/snapshots_s11.h5', 'snapshots/snapshots_s12.h5', 'snapshots/snapshots_s13.h5', 'snapshots/snapshots_s14.h5', 'snapshots/snapshots_s15.h5', 'snapshots/snapshots_s16.h5', 'snapshots/snapshots_s17.h5', 'snapshots/snapshots_s18.h5', 'snapshots/snapshots_s19.h5', 'snapshots/snapshots_s20.h5', 'snapshots/snapshots_s21.h5', 'snapshots/snapshots_s22.h5', 'snapshots/snapshots_s23.h5', 'snapshots/snapshots_s24.h5', 'snapshots/snapshots_s25.h5', 'snapshots/snapshots_s26.h5', 'snapshots/snapshots_s27.h5', 'snapshots/snapshots_s28.h5', 'snapshots/snapshots_s29.h5', 'snapshots/snapshots_s30.h5', 'snapshots/snapshots_s31.h5', 'snapshots/snapshots_s32.h5', 'snapshots/snapshots_s33.h5', 'snapshots/snapshots_s34.h5', 'snapshots/snapshots_s35.h5', 'snapshots/snapshots_s36.h5', 'snapshots/snapshots_s37.h5', 'snapshots/snapshots_s38.h5', 'snapshots/snapshots_s39.h5', 'snapshots/snapshots_s40.h5']
kappa 0.001781741612749496
nu 0.0012472191289246471
R_0 20.0
['snapshots/snapshots_s1.h5', 'snapshots/snapshots_s2.h5', 'snapshots/snapshots_s3.h5', 'snapshots/snapshots_s4.h5', 'snapshots/snapshots_s5.h5', 'snapshots/snapshots_s6.h5', 'snapshots/snapshots_s7.h5', 'snapshots/snapshots_s8.h5', 'snapshots/snapshots_s9.h5', 'snapshots/snapshots_s10.h5', 'snapshots/snapshots_s11.h5', 'snapshots/snapshots_s12.h5', 'snapshots/snapshots_s13.h5', 'snapshots/snapshots_s14.h5', 'snapshots/snapshots_s15.h5', 'snapshots/snapshots_s16.h5', 'snapshots/snapshots_s17.h5', 'snapshots/snapshots_s18.h5', 'snapshots/snapshots_s19.h5', 'snapshots/snapshots_s20.h5', 'snapshots/snapshots_s21.h5', 'snapshots/snapshots_s22.h5', 'snapshots/snapshots_s23.h5', 'snapshots/snapshots_s24.h5', 'snapshots/snapshots_s25.h5', 'snapshots/snapshots_s26.h5', 'snapshots/snapshots_s27.h5', 'snapshots/snapshots_s28.h5', 'snapshots/snapshots_s29.h5', 'snapshots/snapshots_s30.h5', 'snapshots/snapshots_s31.h5', 'snapshots/snapshots_s32.h5', 'snapshots/snapshots_s33.h5', 'snapshots/snapshots_s34.h5', 'snapshots/snapshots_s35.h5', 'snapshots/snapshots_s36.h5', 'snapshots/snapshots_s37.h5', 'snapshots/snapshots_s38.h5', 'snapshots/snapshots_s39.h5', 'snapshots/snapshots_s40.h5']
kappa 0.001781741612749496
nu 0.0012472191289246471
R_0 20.0
['snapshots/snapshots_s1.h5', 'snapshots/snapshots_s2.h5', 'snapshots/snapshots_s3.h5', 'snapshots/snapshots_s4.h5', 'snapshots/snapshots_s5.h5', 'snapshots/snapshots_s6.h5', 'snapshots/snapshots_s7.h5', 'snapshots/snapshots_s8.h5', 'snapshots/snapshots_s9.h5', 'snapshots/snapshots_s10.h5', 'snapshots/snapshots_s11.h5', 'snapshots/snapshots_s12.h5', 'snapshots/snapshots_s13.h5', 'snapshots/snapshots_s14.h5', 'snapshots/snapshots_s15.h5', 'snapshots/snapshots_s16.h5', 'snapshots/snapshots_s17.h5', 'snapshots/snapshots_s18.h5', 'snapshots/snapshots_s19.h5', 'snapshots/snapshots_s20.h5', 'snapshots/snapshots_s21.h5', 'snapshots/snapshots_s22.h5', 'snapshots/snapshots_s23.h5', 'snapshots/snapshots_s24.h5', 'snapshots/snapshots_s25.h5', 'snapshots/snapshots_s26.h5', 'snapshots/snapshots_s27.h5', 'snapshots/snapshots_s28.h5', 'snapshots/snapshots_s29.h5', 'snapshots/snapshots_s30.h5', 'snapshots/snapshots_s31.h5', 'snapshots/snapshots_s32.h5', 'snapshots/snapshots_s33.h5', 'snapshots/snapshots_s34.h5', 'snapshots/snapshots_s35.h5', 'snapshots/snapshots_s36.h5', 'snapshots/snapshots_s37.h5', 'snapshots/snapshots_s38.h5', 'snapshots/snapshots_s39.h5', 'snapshots/snapshots_s40.h5']
